<?xml version="1.0" encoding="UTF-8" standalone="yes"?>
<ns2:test-suite start="1472130476297" stop="1472130834594" version="1.4.22" xmlns:ns2="urn:model.allure.qatools.yandex.ru">
    <name>Default Suite : test</name>
    <title>Default Suite : test</title>
    <test-cases>
        <test-case start="1472130485453" stop="1472130535833" status="passed">
            <name>step1_openHospitalModule</name>
            <description>Открытие модуля 'Освидетельствование для справки в ГИБДД' и страницы 'Регистратор'</description>
            <steps/>
            <attachments/>
            <labels>
                <label name="host" value="KZN-062"/>
                <label name="thread" value="16632@KZN-062.main(1)"/>
            </labels>
        </test-case>
        <test-case start="1472130535886" stop="1472130536772" status="passed">
            <name>step2_ChooseEvent</name>
            <description>Выбор в дереве мероприятия 'ОДОДСГ'</description>
            <steps/>
            <attachments/>
            <labels>
                <label name="host" value="KZN-062"/>
                <label name="thread" value="16632@KZN-062.main(1)"/>
            </labels>
        </test-case>
        <test-case start="1472130536777" stop="1472130540050" status="passed">
            <name>step3_ClickAddPatientButtonAndCheckModal</name>
            <description>Нажать кнопку 'Добавить пациента'. Проверить, что появилось модальное окно. Проверить, что в поле 'Дата выдачи бланка' заполнено текущее число.</description>
            <steps/>
            <attachments/>
            <labels>
                <label name="host" value="KZN-062"/>
                <label name="thread" value="16632@KZN-062.main(1)"/>
            </labels>
        </test-case>
        <test-case start="1472130540056" stop="1472130542757" status="passed">
            <name>step4_openPatientsSearchModal</name>
            <description>Открытие модального окна 'Поиск пациентов'</description>
            <steps/>
            <attachments/>
            <labels>
                <label name="host" value="KZN-062"/>
                <label name="thread" value="16632@KZN-062.main(1)"/>
            </labels>
        </test-case>
        <test-case start="1472130542760" stop="1472130557893" status="passed">
            <name>step5_fillFieldsInPatientsSearchModal</name>
            <description>Заполнение полей в модальном окне 'Поиск пациентов'</description>
            <steps/>
            <attachments/>
            <labels>
                <label name="host" value="KZN-062"/>
                <label name="thread" value="16632@KZN-062.main(1)"/>
            </labels>
        </test-case>
        <test-case start="1472130557898" stop="1472130560795" status="passed">
            <name>step6_checkFoundedRecord</name>
            <description>Выберите найденного пациента и нажмите кнопку 'Выбрать'. Проверьте, что в модальном окне  в поле 'Пациент' отобразился выбранный нами пациент.</description>
            <steps/>
            <attachments/>
            <labels>
                <label name="host" value="KZN-062"/>
                <label name="thread" value="16632@KZN-062.main(1)"/>
            </labels>
        </test-case>
        <test-case start="1472130560798" stop="1472130575234" status="passed">
            <name>step7_fillFieldsAndCheckSuccessSaving</name>
            <description>Заполнение полей на форме в модальном окне 'Добавить пациента', проверка успешного добавления.</description>
            <steps/>
            <attachments/>
            <labels>
                <label name="host" value="KZN-062"/>
                <label name="thread" value="16632@KZN-062.main(1)"/>
            </labels>
        </test-case>
        <test-case start="1472130575237" stop="1472130581638" status="passed">
            <name>step8_checkDataInCardPage</name>
            <description>Выбор мероприятия. Выбор записи в таблице, нажатие кнопки 'Карточка' и проверка данных в контейнере 'Общие сведения'</description>
            <steps/>
            <attachments/>
            <labels>
                <label name="host" value="KZN-062"/>
                <label name="thread" value="16632@KZN-062.main(1)"/>
            </labels>
        </test-case>
        <test-case start="1472130581642" stop="1472130587576" status="passed">
            <name>step9_selectRecordInServiceTable_AndClickInspectButton</name>
            <description>Выбрать первую запись в таблице 'Осмотры и услуги' и нажать кнопку 'Оказать услугу'</description>
            <steps/>
            <attachments/>
            <labels>
                <label name="host" value="KZN-062"/>
                <label name="thread" value="16632@KZN-062.main(1)"/>
            </labels>
        </test-case>
        <test-case start="1472130587579" stop="1472130587876" status="passed">
            <name>step10_checkModalDoService</name>
            <description>Проверка, что открылось модальное окно 'Оказание услуги' и проверка данных на форме этого модального окна</description>
            <steps/>
            <attachments/>
            <labels>
                <label name="host" value="KZN-062"/>
                <label name="thread" value="16632@KZN-062.main(1)"/>
            </labels>
        </test-case>
        <test-case start="1472130587879" stop="1472130601689" status="passed">
            <name>step11_fillFieldsAndCheckResult</name>
            <description>Заполнение полей и сохранение. Проверка отображенного реультата.</description>
            <steps/>
            <attachments/>
            <labels>
                <label name="host" value="KZN-062"/>
                <label name="thread" value="16632@KZN-062.main(1)"/>
            </labels>
        </test-case>
        <test-case start="1472130601693" stop="1472130609709" status="passed">
            <name>step12_pressClearButtonAndCheckResult</name>
            <description>Нажать кнопку 'Очистить' и проверить записи в таблице</description>
            <steps/>
            <attachments/>
            <labels>
                <label name="host" value="KZN-062"/>
                <label name="thread" value="16632@KZN-062.main(1)"/>
            </labels>
        </test-case>
        <test-case start="1472130609713" stop="1472130631148" status="passed">
            <name>step13_selectAndAssertEvent</name>
            <description>Открыть спейс Врач. Выбрать мероприятие и проверить услуги</description>
            <steps/>
            <attachments/>
            <labels>
                <label name="host" value="KZN-062"/>
                <label name="thread" value="16632@KZN-062.main(1)"/>
            </labels>
        </test-case>
        <test-case start="1472130631151" stop="1472130797372" status="passed">
            <name>step14_servicesExecution</name>
            <description>Проверить и выполнить все услуги</description>
            <steps/>
            <attachments/>
            <labels>
                <label name="host" value="KZN-062"/>
                <label name="thread" value="16632@KZN-062.main(1)"/>
            </labels>
        </test-case>
        <test-case start="1472130797375" stop="1472130812389" status="passed">
            <name>step15_openPageAndSelectEvent</name>
            <description>Открыть спейс коммиссия. Выбрать мероприятие.</description>
            <steps/>
            <attachments/>
            <labels>
                <label name="host" value="KZN-062"/>
                <label name="thread" value="16632@KZN-062.main(1)"/>
            </labels>
        </test-case>
        <test-case start="1472130812393" stop="1472130815025" status="broken">
            <name>step16_selectPatientAndExecuteConclusion</name>
            <description>Выбрать пациента. Создание заключения.</description>
            <failure>
                <message>NoSuchElementException: Unable to locate element: {"method":"css selector","selector":"div[id='n2o:gibddReference'][class*='n2o-container']"}
Command duration or timeout: 24 milliseconds
For documentation on this error, please visit: http://seleniumhq.org/exceptions/no_such_element.html
Build info: version: '2.51.0', revision: '1af067dbcaedd7d2ab9af5151fc471d363d97193', time: '2016-02-05 11:20:57'
System info: host: 'KZN-062', ip: '10.77.104.134', os.name: 'Windows 10', os.arch: 'amd64', os.version: '10.0', java.version: '1.8.0_102'
Driver info: org.openqa.selenium.firefox.FirefoxDriver
Capabilities [{applicationCacheEnabled=true, rotatable=false, handlesAlerts=true, databaseEnabled=true, version=46.0.1, platform=WINDOWS, nativeEvents=false, acceptSslCerts=true, webStorageEnabled=true, locationContextEnabled=true, browserName=firefox, takesScreenshot=true, javascriptEnabled=true, cssSelectorsEnabled=true}]
Session ID: 80e798d9-5597-4e4e-b561-d6e6025ffc62
*** Element info: {Using=css selector, value=div[id='n2o:gibddReference'][class*='n2o-container']}</message>
                <stack-trace>org.openqa.selenium.NoSuchElementException: Unable to locate element: {"method":"css selector","selector":"div[id='n2o:gibddReference'][class*='n2o-container']"}
Command duration or timeout: 24 milliseconds
For documentation on this error, please visit: http://seleniumhq.org/exceptions/no_such_element.html
Build info: version: '2.51.0', revision: '1af067dbcaedd7d2ab9af5151fc471d363d97193', time: '2016-02-05 11:20:57'
System info: host: 'KZN-062', ip: '10.77.104.134', os.name: 'Windows 10', os.arch: 'amd64', os.version: '10.0', java.version: '1.8.0_102'
Driver info: org.openqa.selenium.firefox.FirefoxDriver
Capabilities [{applicationCacheEnabled=true, rotatable=false, handlesAlerts=true, databaseEnabled=true, version=46.0.1, platform=WINDOWS, nativeEvents=false, acceptSslCerts=true, webStorageEnabled=true, locationContextEnabled=true, browserName=firefox, takesScreenshot=true, javascriptEnabled=true, cssSelectorsEnabled=true}]
Session ID: 80e798d9-5597-4e4e-b561-d6e6025ffc62
*** Element info: {Using=css selector, value=div[id='n2o:gibddReference'][class*='n2o-container']}
	at sun.reflect.GeneratedConstructorAccessor24.newInstance(Unknown Source)
	at sun.reflect.DelegatingConstructorAccessorImpl.newInstance(DelegatingConstructorAccessorImpl.java:45)
	at java.lang.reflect.Constructor.newInstance(Constructor.java:423)
	at org.openqa.selenium.remote.ErrorHandler.createThrowable(ErrorHandler.java:206)
	at org.openqa.selenium.remote.ErrorHandler.throwIfResponseFailed(ErrorHandler.java:158)
	at org.openqa.selenium.remote.RemoteWebDriver.execute(RemoteWebDriver.java:678)
	at org.openqa.selenium.remote.RemoteWebElement.execute(RemoteWebElement.java:327)
	at org.openqa.selenium.remote.RemoteWebElement.findElement(RemoteWebElement.java:198)
	at org.openqa.selenium.remote.RemoteWebElement.findElementByCssSelector(RemoteWebElement.java:287)
	at org.openqa.selenium.By$ByCssSelector.findElement(By.java:430)
	at org.openqa.selenium.remote.RemoteWebElement.findElement(RemoteWebElement.java:194)
	at net.framework.autotesting.base.BaseHelperWithWebDriver.findElement(BaseHelperWithWebDriver.java:53)
	at net.framework.autotesting.meta.Container.takeContainer(Container.java:63)
	at net.framework.autotesting.meta.Container.getButton(Container.java:87)
	at businessFramework.module.gibddMedicalExamination.pages.Commission.CommissionHelper.getDriverCardButton(CommissionHelper.java:43)
	at businessFramework.module.gibddMedicalExamination.pages.Commission.CommissionPage.clickDriverCardButton(CommissionPage.java:28)
	at businessFramework.module.gibddMedicalExamination.pages.Commission.CommissionPage.selectAndOpenPatientCard(CommissionPage.java:56)
	at test.businessTests.gibddMedicalExamination.ConclusionExecutionTest.step16_selectPatientAndExecuteConclusion(ConclusionExecutionTest.java:212)
	at sun.reflect.NativeMethodAccessorImpl.invoke0(Native Method)
	at sun.reflect.NativeMethodAccessorImpl.invoke(NativeMethodAccessorImpl.java:62)
	at sun.reflect.DelegatingMethodAccessorImpl.invoke(DelegatingMethodAccessorImpl.java:43)
	at java.lang.reflect.Method.invoke(Method.java:498)
	at org.testng.internal.MethodInvocationHelper.invokeMethod(MethodInvocationHelper.java:84)
	at org.testng.internal.Invoker.invokeMethod(Invoker.java:714)
	at org.testng.internal.Invoker.invokeTestMethod(Invoker.java:901)
	at org.testng.internal.Invoker.invokeTestMethods(Invoker.java:1231)
	at org.testng.internal.TestMethodWorker.invokeTestMethods(TestMethodWorker.java:127)
	at org.testng.internal.TestMethodWorker.run(TestMethodWorker.java:111)
	at org.testng.TestRunner.privateRun(TestRunner.java:767)
	at org.testng.TestRunner.run(TestRunner.java:617)
	at org.testng.SuiteRunner.runTest(SuiteRunner.java:348)
	at org.testng.SuiteRunner.runSequentially(SuiteRunner.java:343)
	at org.testng.SuiteRunner.privateRun(SuiteRunner.java:305)
	at org.testng.SuiteRunner.run(SuiteRunner.java:254)
	at org.testng.SuiteRunnerWorker.runSuite(SuiteRunnerWorker.java:52)
	at org.testng.SuiteRunnerWorker.run(SuiteRunnerWorker.java:86)
	at org.testng.TestNG.runSuitesSequentially(TestNG.java:1224)
	at org.testng.TestNG.runSuitesLocally(TestNG.java:1149)
	at org.testng.TestNG.run(TestNG.java:1057)
	at org.testng.IDEARemoteTestNG.run(IDEARemoteTestNG.java:72)
	at org.testng.RemoteTestNGStarter.main(RemoteTestNGStarter.java:124)
	at sun.reflect.NativeMethodAccessorImpl.invoke0(Native Method)
	at sun.reflect.NativeMethodAccessorImpl.invoke(NativeMethodAccessorImpl.java:62)
	at sun.reflect.DelegatingMethodAccessorImpl.invoke(DelegatingMethodAccessorImpl.java:43)
	at java.lang.reflect.Method.invoke(Method.java:498)
	at com.intellij.rt.execution.application.AppMain.main(AppMain.java:147)
Caused by: org.openqa.selenium.NoSuchElementException: Unable to locate element: {"method":"css selector","selector":"div[id='n2o:gibddReference'][class*='n2o-container']"}
For documentation on this error, please visit: http://seleniumhq.org/exceptions/no_such_element.html
Build info: version: '2.51.0', revision: '1af067dbcaedd7d2ab9af5151fc471d363d97193', time: '2016-02-05 11:20:57'
System info: host: 'KZN-062', ip: '10.77.104.134', os.name: 'Windows 10', os.arch: 'amd64', os.version: '10.0', java.version: '1.8.0_102'
Driver info: driver.version: unknown
	at &lt;anonymous class&gt;.FirefoxDriver.prototype.findElementInternal_(file:///C:/Users/BULAT~1.GAR/AppData/Local/Temp/anonymous4230372442688547385webdriver-profile/extensions/fxdriver@googlecode.com/components/driver-component.js:10723)
	at &lt;anonymous class&gt;.FirefoxDriver.prototype.findChildElement(file:///C:/Users/BULAT~1.GAR/AppData/Local/Temp/anonymous4230372442688547385webdriver-profile/extensions/fxdriver@googlecode.com/components/driver-component.js:10735)
	at &lt;anonymous class&gt;.DelayedCommand.prototype.executeInternal_/h(file:///C:/Users/BULAT~1.GAR/AppData/Local/Temp/anonymous4230372442688547385webdriver-profile/extensions/fxdriver@googlecode.com/components/command-processor.js:12602)
	at &lt;anonymous class&gt;.DelayedCommand.prototype.executeInternal_(file:///C:/Users/BULAT~1.GAR/AppData/Local/Temp/anonymous4230372442688547385webdriver-profile/extensions/fxdriver@googlecode.com/components/command-processor.js:12607)
	at &lt;anonymous class&gt;.DelayedCommand.prototype.execute/&lt;(file:///C:/Users/BULAT~1.GAR/AppData/Local/Temp/anonymous4230372442688547385webdriver-profile/extensions/fxdriver@googlecode.com/components/command-processor.js:12549)
</stack-trace>
            </failure>
            <steps/>
            <attachments/>
            <labels>
                <label name="host" value="KZN-062"/>
                <label name="thread" value="16632@KZN-062.main(1)"/>
            </labels>
        </test-case>
        <test-case start="1472130815027" stop="1472130815029" status="canceled">
            <name>step17_closeDriverCard</name>
            <description>Закрытие карточки пациента</description>
            <failure>
                <message>: Skipped due to dependency on other skipped or failed test methods</message>
                <stack-trace>ru.yandex.qatools.allure.testng.AllureTestListener$1: Skipped due to dependency on other skipped or failed test methods
	at ru.yandex.qatools.allure.testng.AllureTestListener.fireTestCaseCancel(AllureTestListener.java:356)
	at ru.yandex.qatools.allure.testng.AllureTestListener.onTestSkipped(AllureTestListener.java:171)
	at org.testng.internal.Invoker.runTestListeners(Invoker.java:1887)
	at org.testng.internal.Invoker.runTestListeners(Invoker.java:1879)
	at org.testng.internal.Invoker.invokeTestMethods(Invoker.java:1157)
	at org.testng.internal.TestMethodWorker.invokeTestMethods(TestMethodWorker.java:127)
	at org.testng.internal.TestMethodWorker.run(TestMethodWorker.java:111)
	at org.testng.TestRunner.privateRun(TestRunner.java:767)
	at org.testng.TestRunner.run(TestRunner.java:617)
	at org.testng.SuiteRunner.runTest(SuiteRunner.java:348)
	at org.testng.SuiteRunner.runSequentially(SuiteRunner.java:343)
	at org.testng.SuiteRunner.privateRun(SuiteRunner.java:305)
	at org.testng.SuiteRunner.run(SuiteRunner.java:254)
	at org.testng.SuiteRunnerWorker.runSuite(SuiteRunnerWorker.java:52)
	at org.testng.SuiteRunnerWorker.run(SuiteRunnerWorker.java:86)
	at org.testng.TestNG.runSuitesSequentially(TestNG.java:1224)
	at org.testng.TestNG.runSuitesLocally(TestNG.java:1149)
	at org.testng.TestNG.run(TestNG.java:1057)
	at org.testng.IDEARemoteTestNG.run(IDEARemoteTestNG.java:72)
	at org.testng.RemoteTestNGStarter.main(RemoteTestNGStarter.java:124)
	at sun.reflect.NativeMethodAccessorImpl.invoke0(Native Method)
	at sun.reflect.NativeMethodAccessorImpl.invoke(NativeMethodAccessorImpl.java:62)
	at sun.reflect.DelegatingMethodAccessorImpl.invoke(DelegatingMethodAccessorImpl.java:43)
	at java.lang.reflect.Method.invoke(Method.java:498)
	at com.intellij.rt.execution.application.AppMain.main(AppMain.java:147)
</stack-trace>
            </failure>
            <steps/>
            <attachments/>
            <labels>
                <label name="host" value="KZN-062"/>
                <label name="thread" value="16632@KZN-062.main(1)"/>
            </labels>
        </test-case>
        <test-case start="1472130815030" stop="1472130834591" status="passed">
            <name>step18_removePatient</name>
            <description>Удаление пациента</description>
            <steps/>
            <attachments/>
            <labels>
                <label name="host" value="KZN-062"/>
                <label name="thread" value="16632@KZN-062.main(1)"/>
            </labels>
        </test-case>
    </test-cases>
    <labels>
        <label name="framework" value="TestNG"/>
        <label name="language" value="JAVA"/>
    </labels>
</ns2:test-suite>
