<?xml version="1.0" encoding="UTF-8" standalone="yes"?>
<ns2:test-suite start="1478686209804" stop="1478687115746" version="1.4.22" xmlns:ns2="urn:model.allure.qatools.yandex.ru">
    <name>Default Suite : test</name>
    <title>Default Suite : test</title>
    <test-cases>
        <test-case start="1478686209823" stop="1478686209828" status="pending">
            <name>step17_addEmployeesToJobTeam_2</name>
            <description>Добавление сотрудников в наряд1 - изменение врач1 на врач2</description>
            <failure>
                <message>Test not implemented yet</message>
                <stack-trace>There are no stack trace</stack-trace>
            </failure>
            <steps/>
            <attachments/>
            <labels>
                <label name="host" value="KZN-062"/>
                <label name="thread" value="18120@KZN-062.main(1)"/>
            </labels>
        </test-case>
        <test-case start="1478686219791" stop="1478686320545" status="passed">
            <name>step1_openAmbulanceModule</name>
            <description>Открытие модуля 'Скорая помощь' и удаление лишних данных</description>
            <steps/>
            <attachments/>
            <labels>
                <label name="host" value="KZN-062"/>
                <label name="thread" value="18120@KZN-062.main(1)"/>
            </labels>
        </test-case>
        <test-case start="1478686320614" stop="1478686325586" status="passed">
            <name>step2_OpenBrigadaViewTemplatePage</name>
            <description>Открытие страницы 'Шаблон вида бригады'</description>
            <steps/>
            <attachments/>
            <labels>
                <label name="host" value="KZN-062"/>
                <label name="thread" value="18120@KZN-062.main(1)"/>
            </labels>
        </test-case>
        <test-case start="1478686325591" stop="1478686365091" status="passed">
            <name>step3_createBrigadeTemplateView</name>
            <description>Создание вида бригады</description>
            <steps/>
            <attachments/>
            <labels>
                <label name="host" value="KZN-062"/>
                <label name="thread" value="18120@KZN-062.main(1)"/>
            </labels>
        </test-case>
        <test-case start="1478686365095" stop="1478686402742" status="passed">
            <name>step4_create_employeeDoctor</name>
            <description>Создание сотрудников - Врач</description>
            <steps/>
            <attachments/>
            <labels>
                <label name="host" value="KZN-062"/>
                <label name="thread" value="18120@KZN-062.main(1)"/>
            </labels>
        </test-case>
        <test-case start="1478686402748" stop="1478686416014" status="passed">
            <name>step5_createEmployeeDriver</name>
            <description>Создание сотрудников - Водитель старший</description>
            <steps/>
            <attachments/>
            <labels>
                <label name="host" value="KZN-062"/>
                <label name="thread" value="18120@KZN-062.main(1)"/>
            </labels>
        </test-case>
        <test-case start="1478686416019" stop="1478686454308" status="passed">
            <name>step6_createEmployeeCardiologDoctor</name>
            <description>Изменение рабочего места 'Врач'</description>
            <steps/>
            <attachments/>
            <labels>
                <label name="host" value="KZN-062"/>
                <label name="thread" value="18120@KZN-062.main(1)"/>
            </labels>
        </test-case>
        <test-case start="1478686454311" stop="1478686477647" status="passed">
            <name>step7_transportAdding</name>
            <description>Добавление транспорта</description>
            <steps/>
            <attachments/>
            <labels>
                <label name="host" value="KZN-062"/>
                <label name="thread" value="18120@KZN-062.main(1)"/>
            </labels>
        </test-case>
        <test-case start="1478686477651" stop="1478686499397" status="passed">
            <name>step8_changeTransport</name>
            <description>Изменение транспорта</description>
            <steps/>
            <attachments/>
            <labels>
                <label name="host" value="KZN-062"/>
                <label name="thread" value="18120@KZN-062.main(1)"/>
            </labels>
        </test-case>
        <test-case start="1478686499400" stop="1478686549562" status="passed">
            <name>step9_checkBrigadeViewTemplate</name>
            <description>Проверка шаблона бригады</description>
            <steps/>
            <attachments/>
            <labels>
                <label name="host" value="KZN-062"/>
                <label name="thread" value="18120@KZN-062.main(1)"/>
            </labels>
        </test-case>
        <test-case start="1478686549567" stop="1478686593213" status="passed">
            <name>step10_brigade1Creating</name>
            <description>Создание бригады1</description>
            <steps/>
            <attachments/>
            <labels>
                <label name="host" value="KZN-062"/>
                <label name="thread" value="18120@KZN-062.main(1)"/>
            </labels>
        </test-case>
        <test-case start="1478686593219" stop="1478686639049" status="passed">
            <name>step11_brigade2Creating</name>
            <description>Создание бригады2</description>
            <steps/>
            <attachments/>
            <labels>
                <label name="host" value="KZN-062"/>
                <label name="thread" value="18120@KZN-062.main(1)"/>
            </labels>
        </test-case>
        <test-case start="1478686639053" stop="1478686662071" status="passed">
            <name>step12_creatingTransport</name>
            <description>Создание транспортного средства</description>
            <steps/>
            <attachments/>
            <labels>
                <label name="host" value="KZN-062"/>
                <label name="thread" value="18120@KZN-062.main(1)"/>
            </labels>
        </test-case>
        <test-case start="1478686662074" stop="1478686693185" status="passed">
            <name>step13_checkingCreatedTransport</name>
            <description>Проверка созданного транспортного средства</description>
            <steps/>
            <attachments/>
            <labels>
                <label name="host" value="KZN-062"/>
                <label name="thread" value="18120@KZN-062.main(1)"/>
            </labels>
        </test-case>
        <test-case start="1478686693189" stop="1478686730746" status="passed">
            <name>step14_creatingTransport2</name>
            <description>Создание транспортного средства2</description>
            <steps/>
            <attachments/>
            <labels>
                <label name="host" value="KZN-062"/>
                <label name="thread" value="18120@KZN-062.main(1)"/>
            </labels>
        </test-case>
        <test-case start="1478686730750" stop="1478686762516" status="passed">
            <name>step15_teamCreating</name>
            <description>Создание 'Наряда'</description>
            <steps/>
            <attachments/>
            <labels>
                <label name="host" value="KZN-062"/>
                <label name="thread" value="18120@KZN-062.main(1)"/>
            </labels>
        </test-case>
        <test-case start="1478686762521" stop="1478686805809" status="passed">
            <name>step16_addEmployeesToJobTeam_1</name>
            <description>Добавление сотрудников в наряд 1 - врач1</description>
            <steps/>
            <attachments/>
            <labels>
                <label name="host" value="KZN-062"/>
                <label name="thread" value="18120@KZN-062.main(1)"/>
            </labels>
        </test-case>
        <test-case start="1478686805813" stop="1478686844397" status="passed">
            <name>step18_addEmployeesToJobTeam_3</name>
            <description>Добавление сотрудников в наряд - водитель</description>
            <steps/>
            <attachments/>
            <labels>
                <label name="host" value="KZN-062"/>
                <label name="thread" value="18120@KZN-062.main(1)"/>
            </labels>
        </test-case>
        <test-case start="1478686844400" stop="1478686898222" status="passed">
            <name>step19_addTransoprtToJobTeam</name>
            <description>Добавление транспортного средства1 в наряд 1</description>
            <steps/>
            <attachments/>
            <labels>
                <label name="host" value="KZN-062"/>
                <label name="thread" value="18120@KZN-062.main(1)"/>
            </labels>
        </test-case>
        <test-case start="1478686898225" stop="1478686971784" status="passed">
            <name>step20_team2Creating</name>
            <description>Создание 'Наряда'2</description>
            <steps/>
            <attachments/>
            <labels>
                <label name="host" value="KZN-062"/>
                <label name="thread" value="18120@KZN-062.main(1)"/>
            </labels>
        </test-case>
        <test-case start="1478686971788" stop="1478687010331" status="passed">
            <name>step21_addEmployeesToJobTeam2_doctor</name>
            <description>Добавление сотрудников в наряд 2 - врач1</description>
            <steps/>
            <attachments/>
            <labels>
                <label name="host" value="KZN-062"/>
                <label name="thread" value="18120@KZN-062.main(1)"/>
            </labels>
        </test-case>
        <test-case start="1478687010335" stop="1478687048217" status="passed">
            <name>step22_addEmployeesToJobTeam2_driver</name>
            <description>Добавление сотрудников в наряд - водитель</description>
            <steps/>
            <attachments/>
            <labels>
                <label name="host" value="KZN-062"/>
                <label name="thread" value="18120@KZN-062.main(1)"/>
            </labels>
        </test-case>
        <test-case start="1478687048220" stop="1478687104341" status="passed">
            <name>step23_addTransoprtToJobTeam2</name>
            <description>Добавление транспортного средства в наряд 2</description>
            <steps/>
            <attachments/>
            <labels>
                <label name="host" value="KZN-062"/>
                <label name="thread" value="18120@KZN-062.main(1)"/>
            </labels>
        </test-case>
        <test-case start="1478687104345" stop="1478687115740" status="failed">
            <name>step24_checkingCreatedRecords</name>
            <description>Проверка созданных записей</description>
            <failure>
                <message>AssertionError: Can't find row by column values on first 5 pages: {Смена=09.11.2016, Бригада=2787юущёх}</message>
                <stack-trace>java.lang.AssertionError: Can't find row by column values on first 5 pages: {Смена=09.11.2016, Бригада=2787юущёх}
	at org.testng.AssertJUnit.fail(AssertJUnit.java:59)
	at org.testng.AssertJUnit.assertTrue(AssertJUnit.java:24)
	at net.framework.autotesting.meta.Table.getRowNumberBySeveralColumnValues(Table.java:244)
	at businessFramework.module.ambulance.pages.journal.TeamJobsJournalPage.checkJobTeamTableValues(TeamJobsJournalPage.java:109)
	at test.businessTests.ambulance.AmbulanceTest.step24_checkingCreatedRecords(AmbulanceTest.java:775)
	at sun.reflect.NativeMethodAccessorImpl.invoke0(Native Method)
	at sun.reflect.NativeMethodAccessorImpl.invoke(NativeMethodAccessorImpl.java:62)
	at sun.reflect.DelegatingMethodAccessorImpl.invoke(DelegatingMethodAccessorImpl.java:43)
	at java.lang.reflect.Method.invoke(Method.java:498)
	at org.testng.internal.MethodInvocationHelper.invokeMethod(MethodInvocationHelper.java:84)
	at org.testng.internal.Invoker.invokeMethod(Invoker.java:714)
	at org.testng.internal.Invoker.invokeTestMethod(Invoker.java:901)
	at org.testng.internal.Invoker.invokeTestMethods(Invoker.java:1231)
	at org.testng.internal.TestMethodWorker.invokeTestMethods(TestMethodWorker.java:127)
	at org.testng.internal.TestMethodWorker.run(TestMethodWorker.java:111)
	at org.testng.TestRunner.privateRun(TestRunner.java:767)
	at org.testng.TestRunner.run(TestRunner.java:617)
	at org.testng.SuiteRunner.runTest(SuiteRunner.java:348)
	at org.testng.SuiteRunner.runSequentially(SuiteRunner.java:343)
	at org.testng.SuiteRunner.privateRun(SuiteRunner.java:305)
	at org.testng.SuiteRunner.run(SuiteRunner.java:254)
	at org.testng.SuiteRunnerWorker.runSuite(SuiteRunnerWorker.java:52)
	at org.testng.SuiteRunnerWorker.run(SuiteRunnerWorker.java:86)
	at org.testng.TestNG.runSuitesSequentially(TestNG.java:1224)
	at org.testng.TestNG.runSuitesLocally(TestNG.java:1149)
	at org.testng.TestNG.run(TestNG.java:1057)
	at org.testng.IDEARemoteTestNG.run(IDEARemoteTestNG.java:72)
	at org.testng.RemoteTestNGStarter.main(RemoteTestNGStarter.java:124)
	at sun.reflect.NativeMethodAccessorImpl.invoke0(Native Method)
	at sun.reflect.NativeMethodAccessorImpl.invoke(NativeMethodAccessorImpl.java:62)
	at sun.reflect.DelegatingMethodAccessorImpl.invoke(DelegatingMethodAccessorImpl.java:43)
	at java.lang.reflect.Method.invoke(Method.java:498)
	at com.intellij.rt.execution.application.AppMain.main(AppMain.java:147)
</stack-trace>
            </failure>
            <steps/>
            <attachments/>
            <labels>
                <label name="host" value="KZN-062"/>
                <label name="thread" value="18120@KZN-062.main(1)"/>
            </labels>
        </test-case>
        <test-case start="1478687115742" stop="1478687115743" status="canceled">
            <name>step25_deny_record</name>
            <description>Отклонение записи</description>
            <failure>
                <message>: Skipped due to dependency on other skipped or failed test methods</message>
                <stack-trace>ru.yandex.qatools.allure.testng.AllureTestListener$1: Skipped due to dependency on other skipped or failed test methods
	at ru.yandex.qatools.allure.testng.AllureTestListener.fireTestCaseCancel(AllureTestListener.java:356)
	at ru.yandex.qatools.allure.testng.AllureTestListener.onTestSkipped(AllureTestListener.java:171)
	at org.testng.internal.Invoker.runTestListeners(Invoker.java:1887)
	at org.testng.internal.Invoker.runTestListeners(Invoker.java:1879)
	at org.testng.internal.Invoker.invokeTestMethods(Invoker.java:1157)
	at org.testng.internal.TestMethodWorker.invokeTestMethods(TestMethodWorker.java:127)
	at org.testng.internal.TestMethodWorker.run(TestMethodWorker.java:111)
	at org.testng.TestRunner.privateRun(TestRunner.java:767)
	at org.testng.TestRunner.run(TestRunner.java:617)
	at org.testng.SuiteRunner.runTest(SuiteRunner.java:348)
	at org.testng.SuiteRunner.runSequentially(SuiteRunner.java:343)
	at org.testng.SuiteRunner.privateRun(SuiteRunner.java:305)
	at org.testng.SuiteRunner.run(SuiteRunner.java:254)
	at org.testng.SuiteRunnerWorker.runSuite(SuiteRunnerWorker.java:52)
	at org.testng.SuiteRunnerWorker.run(SuiteRunnerWorker.java:86)
	at org.testng.TestNG.runSuitesSequentially(TestNG.java:1224)
	at org.testng.TestNG.runSuitesLocally(TestNG.java:1149)
	at org.testng.TestNG.run(TestNG.java:1057)
	at org.testng.IDEARemoteTestNG.run(IDEARemoteTestNG.java:72)
	at org.testng.RemoteTestNGStarter.main(RemoteTestNGStarter.java:124)
	at sun.reflect.NativeMethodAccessorImpl.invoke0(Native Method)
	at sun.reflect.NativeMethodAccessorImpl.invoke(NativeMethodAccessorImpl.java:62)
	at sun.reflect.DelegatingMethodAccessorImpl.invoke(DelegatingMethodAccessorImpl.java:43)
	at java.lang.reflect.Method.invoke(Method.java:498)
	at com.intellij.rt.execution.application.AppMain.main(AppMain.java:147)
</stack-trace>
            </failure>
            <steps/>
            <attachments/>
            <labels>
                <label name="host" value="KZN-062"/>
                <label name="thread" value="18120@KZN-062.main(1)"/>
            </labels>
        </test-case>
    </test-cases>
    <labels>
        <label name="framework" value="TestNG"/>
        <label name="language" value="JAVA"/>
    </labels>
</ns2:test-suite>
