<?xml version="1.0" encoding="UTF-8" standalone="yes"?>
<ns2:test-suite start="1462520704623" stop="1462521160154" version="1.4.22" xmlns:ns2="urn:model.allure.qatools.yandex.ru">
    <name>Default Suite : test</name>
    <title>Default Suite : test</title>
    <test-cases>
        <test-case start="1462520704649" stop="1462520704652" status="pending">
            <name>step8_createExpInvoiceBasedOnArrInvoice</name>
            <description>Создание Расходной накладной на остнове приходной: Нажатие на кнопку и открытие диалогового окна</description>
            <failure>
                <message>Test not implemented yet</message>
                <stack-trace>There are no stack trace</stack-trace>
            </failure>
            <steps/>
            <attachments/>
            <labels>
                <label name="host" value="DESKTOP-L2VMBA4"/>
                <label name="thread" value="14528@DESKTOP-L2VMBA4.main(1)"/>
            </labels>
        </test-case>
        <test-case start="1462520710921" stop="1462520751782" status="passed">
            <name>step1_openArrivalInvoicePageAndAssertFilter</name>
            <description>Открытие страницы Приходные накладные и проверка фильтра</description>
            <steps/>
            <attachments/>
            <labels>
                <label name="host" value="DESKTOP-L2VMBA4"/>
                <label name="thread" value="14528@DESKTOP-L2VMBA4.main(1)"/>
            </labels>
        </test-case>
        <test-case start="1462520751839" stop="1462520846689" status="passed">
            <name>step2_createArrivalInvoice</name>
            <description>Создание Приходной накладной: Нажатие на кнопку, заполнение полей, проверка заполненности, сохранение и выбор созданной строки</description>
            <steps/>
            <attachments/>
            <labels>
                <label name="host" value="DESKTOP-L2VMBA4"/>
                <label name="thread" value="14528@DESKTOP-L2VMBA4.main(1)"/>
            </labels>
        </test-case>
        <test-case start="1462520846694" stop="1462520918526" status="passed">
            <name>step3_copyArrivalInvoice</name>
            <description>Копирование Приходной накладной: Нажатие на кнопку, проверка автозаполнения полей, сохранение и выбор созданной строки</description>
            <steps/>
            <attachments/>
            <labels>
                <label name="host" value="DESKTOP-L2VMBA4"/>
                <label name="thread" value="14528@DESKTOP-L2VMBA4.main(1)"/>
            </labels>
        </test-case>
        <test-case start="1462520918532" stop="1462521016637" status="passed">
            <name>step4_editArrivalInvoice</name>
            <description>Редактирование Приходной накладной: Нажатие на кнопку, проверка заполненности, заполнение полей, сохранение и выбор тредактированной строки</description>
            <steps/>
            <attachments/>
            <labels>
                <label name="host" value="DESKTOP-L2VMBA4"/>
                <label name="thread" value="14528@DESKTOP-L2VMBA4.main(1)"/>
            </labels>
        </test-case>
        <test-case start="1462521016641" stop="1462521103499" status="failed">
            <name>step5_createSpecification</name>
            <description>Создание Спецификации: Нажатие на кнопку, заполнение полей, проверка заполненности, выбор созданной приходной накладной в таблице и проверка записи созданной спецификации</description>
            <failure>
                <message>AssertionError: Choosen value in classifier Наименование ЛС и ИМН is not equal to Тестовая модификация
Expected: is "Тестовая модификация"
     but: was "прпр Тестовая модификация"</message>
                <stack-trace>java.lang.AssertionError: Choosen value in classifier Наименование ЛС и ИМН is not equal to Тестовая модификация
Expected: is "Тестовая модификация"
     but: was "прпр Тестовая модификация"
	at org.hamcrest.MatcherAssert.assertThat(MatcherAssert.java:20)
	at net.framework.autotesting.meta.components.Classifier.assertValue_equals(Classifier.java:217)
	at businessFramework.module.pharmacy.pages.ArrivalInvoiceSpecifications.ArrivalInvoiceSpecificationsPage.checkFields(ArrivalInvoiceSpecificationsPage.java:92)
	at test.businessTests.pharmacy.ArrivalInvoiceTest.step5_createSpecification(ArrivalInvoiceTest.java:252)
	at sun.reflect.NativeMethodAccessorImpl.invoke0(Native Method)
	at sun.reflect.NativeMethodAccessorImpl.invoke(NativeMethodAccessorImpl.java:62)
	at sun.reflect.DelegatingMethodAccessorImpl.invoke(DelegatingMethodAccessorImpl.java:43)
	at java.lang.reflect.Method.invoke(Method.java:497)
	at org.testng.internal.MethodInvocationHelper.invokeMethod(MethodInvocationHelper.java:84)
	at org.testng.internal.Invoker.invokeMethod(Invoker.java:714)
	at org.testng.internal.Invoker.invokeTestMethod(Invoker.java:901)
	at org.testng.internal.Invoker.invokeTestMethods(Invoker.java:1231)
	at org.testng.internal.TestMethodWorker.invokeTestMethods(TestMethodWorker.java:127)
	at org.testng.internal.TestMethodWorker.run(TestMethodWorker.java:111)
	at org.testng.TestRunner.privateRun(TestRunner.java:767)
	at org.testng.TestRunner.run(TestRunner.java:617)
	at org.testng.SuiteRunner.runTest(SuiteRunner.java:348)
	at org.testng.SuiteRunner.runSequentially(SuiteRunner.java:343)
	at org.testng.SuiteRunner.privateRun(SuiteRunner.java:305)
	at org.testng.SuiteRunner.run(SuiteRunner.java:254)
	at org.testng.SuiteRunnerWorker.runSuite(SuiteRunnerWorker.java:52)
	at org.testng.SuiteRunnerWorker.run(SuiteRunnerWorker.java:86)
	at org.testng.TestNG.runSuitesSequentially(TestNG.java:1224)
	at org.testng.TestNG.runSuitesLocally(TestNG.java:1149)
	at org.testng.TestNG.run(TestNG.java:1057)
	at org.testng.IDEARemoteTestNG.run(IDEARemoteTestNG.java:72)
	at org.testng.RemoteTestNGStarter.main(RemoteTestNGStarter.java:122)
	at sun.reflect.NativeMethodAccessorImpl.invoke0(Native Method)
	at sun.reflect.NativeMethodAccessorImpl.invoke(NativeMethodAccessorImpl.java:62)
	at sun.reflect.DelegatingMethodAccessorImpl.invoke(DelegatingMethodAccessorImpl.java:43)
	at java.lang.reflect.Method.invoke(Method.java:497)
	at com.intellij.rt.execution.application.AppMain.main(AppMain.java:144)
</stack-trace>
            </failure>
            <steps/>
            <attachments/>
            <labels>
                <label name="host" value="DESKTOP-L2VMBA4"/>
                <label name="thread" value="14528@DESKTOP-L2VMBA4.main(1)"/>
            </labels>
        </test-case>
        <test-case start="1462521103502" stop="1462521103503" status="canceled">
            <name>step6_editSpecification</name>
            <description>Редактирование Спецификации: Нажатие на кнопку, проверка заполненности, заполнение полей, выбор созданной приходной накладной в таблице и проверка записи отредактированной спецификации</description>
            <failure>
                <message>: Skipped due to dependency on other skipped or failed test methods</message>
                <stack-trace>ru.yandex.qatools.allure.testng.AllureTestListener$1: Skipped due to dependency on other skipped or failed test methods
	at ru.yandex.qatools.allure.testng.AllureTestListener.fireTestCaseCancel(AllureTestListener.java:356)
	at ru.yandex.qatools.allure.testng.AllureTestListener.onTestSkipped(AllureTestListener.java:171)
	at org.testng.internal.Invoker.runTestListeners(Invoker.java:1887)
	at org.testng.internal.Invoker.runTestListeners(Invoker.java:1879)
	at org.testng.internal.Invoker.invokeTestMethods(Invoker.java:1157)
	at org.testng.internal.TestMethodWorker.invokeTestMethods(TestMethodWorker.java:127)
	at org.testng.internal.TestMethodWorker.run(TestMethodWorker.java:111)
	at org.testng.TestRunner.privateRun(TestRunner.java:767)
	at org.testng.TestRunner.run(TestRunner.java:617)
	at org.testng.SuiteRunner.runTest(SuiteRunner.java:348)
	at org.testng.SuiteRunner.runSequentially(SuiteRunner.java:343)
	at org.testng.SuiteRunner.privateRun(SuiteRunner.java:305)
	at org.testng.SuiteRunner.run(SuiteRunner.java:254)
	at org.testng.SuiteRunnerWorker.runSuite(SuiteRunnerWorker.java:52)
	at org.testng.SuiteRunnerWorker.run(SuiteRunnerWorker.java:86)
	at org.testng.TestNG.runSuitesSequentially(TestNG.java:1224)
	at org.testng.TestNG.runSuitesLocally(TestNG.java:1149)
	at org.testng.TestNG.run(TestNG.java:1057)
	at org.testng.IDEARemoteTestNG.run(IDEARemoteTestNG.java:72)
	at org.testng.RemoteTestNGStarter.main(RemoteTestNGStarter.java:122)
	at sun.reflect.NativeMethodAccessorImpl.invoke0(Native Method)
	at sun.reflect.NativeMethodAccessorImpl.invoke(NativeMethodAccessorImpl.java:62)
	at sun.reflect.DelegatingMethodAccessorImpl.invoke(DelegatingMethodAccessorImpl.java:43)
	at java.lang.reflect.Method.invoke(Method.java:497)
	at com.intellij.rt.execution.application.AppMain.main(AppMain.java:144)
</stack-trace>
            </failure>
            <steps/>
            <attachments/>
            <labels>
                <label name="host" value="DESKTOP-L2VMBA4"/>
                <label name="thread" value="14528@DESKTOP-L2VMBA4.main(1)"/>
            </labels>
        </test-case>
        <test-case start="1462521103507" stop="1462521103508" status="canceled">
            <name>step7_executeArrivalInvoice</name>
            <description>Проведение Приходной накладной: Нажатие на кнопку и принятие диалогового окна</description>
            <failure>
                <message>: Skipped due to dependency on other skipped or failed test methods</message>
                <stack-trace>ru.yandex.qatools.allure.testng.AllureTestListener$1: Skipped due to dependency on other skipped or failed test methods
	at ru.yandex.qatools.allure.testng.AllureTestListener.fireTestCaseCancel(AllureTestListener.java:356)
	at ru.yandex.qatools.allure.testng.AllureTestListener.onTestSkipped(AllureTestListener.java:171)
	at org.testng.internal.Invoker.runTestListeners(Invoker.java:1887)
	at org.testng.internal.Invoker.runTestListeners(Invoker.java:1879)
	at org.testng.internal.Invoker.invokeTestMethods(Invoker.java:1157)
	at org.testng.internal.TestMethodWorker.invokeTestMethods(TestMethodWorker.java:127)
	at org.testng.internal.TestMethodWorker.run(TestMethodWorker.java:111)
	at org.testng.TestRunner.privateRun(TestRunner.java:767)
	at org.testng.TestRunner.run(TestRunner.java:617)
	at org.testng.SuiteRunner.runTest(SuiteRunner.java:348)
	at org.testng.SuiteRunner.runSequentially(SuiteRunner.java:343)
	at org.testng.SuiteRunner.privateRun(SuiteRunner.java:305)
	at org.testng.SuiteRunner.run(SuiteRunner.java:254)
	at org.testng.SuiteRunnerWorker.runSuite(SuiteRunnerWorker.java:52)
	at org.testng.SuiteRunnerWorker.run(SuiteRunnerWorker.java:86)
	at org.testng.TestNG.runSuitesSequentially(TestNG.java:1224)
	at org.testng.TestNG.runSuitesLocally(TestNG.java:1149)
	at org.testng.TestNG.run(TestNG.java:1057)
	at org.testng.IDEARemoteTestNG.run(IDEARemoteTestNG.java:72)
	at org.testng.RemoteTestNGStarter.main(RemoteTestNGStarter.java:122)
	at sun.reflect.NativeMethodAccessorImpl.invoke0(Native Method)
	at sun.reflect.NativeMethodAccessorImpl.invoke(NativeMethodAccessorImpl.java:62)
	at sun.reflect.DelegatingMethodAccessorImpl.invoke(DelegatingMethodAccessorImpl.java:43)
	at java.lang.reflect.Method.invoke(Method.java:497)
	at com.intellij.rt.execution.application.AppMain.main(AppMain.java:144)
</stack-trace>
            </failure>
            <steps/>
            <attachments/>
            <labels>
                <label name="host" value="DESKTOP-L2VMBA4"/>
                <label name="thread" value="14528@DESKTOP-L2VMBA4.main(1)"/>
            </labels>
        </test-case>
        <test-case start="1462521103510" stop="1462521160147" status="passed">
            <name>step9_deleteArrivalInvoice</name>
            <description>Удаление созданных приходных накладных</description>
            <steps/>
            <attachments/>
            <labels>
                <label name="host" value="DESKTOP-L2VMBA4"/>
                <label name="thread" value="14528@DESKTOP-L2VMBA4.main(1)"/>
            </labels>
        </test-case>
    </test-cases>
    <labels>
        <label name="framework" value="TestNG"/>
        <label name="language" value="JAVA"/>
    </labels>
</ns2:test-suite>
