<?xml version="1.0" encoding="UTF-8" standalone="yes"?>
<ns2:test-suite start="1468843499829" stop="1468843951411" version="1.4.22" xmlns:ns2="urn:model.allure.qatools.yandex.ru">
    <name>Default Suite : test</name>
    <title>Default Suite : test</title>
    <test-cases>
        <test-case start="1468843506862" stop="1468843522641" status="passed">
            <name>step1_openStocksModule</name>
            <description>Открытие страницы Административные данные</description>
            <steps/>
            <attachments/>
            <labels>
                <label name="host" value="DESKTOP-L2VMBA4"/>
                <label name="thread" value="1148@DESKTOP-L2VMBA4.main(1)"/>
            </labels>
        </test-case>
        <test-case start="1468843522681" stop="1468843532666" status="passed">
            <name>step2_chooseContext</name>
            <description>Выбор контекста</description>
            <steps/>
            <attachments/>
            <labels>
                <label name="host" value="DESKTOP-L2VMBA4"/>
                <label name="thread" value="1148@DESKTOP-L2VMBA4.main(1)"/>
            </labels>
        </test-case>
        <test-case start="1468843532668" stop="1468843540770" status="passed">
            <name>step3_checkMainInformation</name>
            <description>Сравниваем данные</description>
            <steps/>
            <attachments/>
            <labels>
                <label name="host" value="DESKTOP-L2VMBA4"/>
                <label name="thread" value="1148@DESKTOP-L2VMBA4.main(1)"/>
            </labels>
        </test-case>
        <test-case start="1468843540772" stop="1468843584064" status="passed">
            <name>step4_editMainInformation</name>
            <description>Изменяем данные</description>
            <steps/>
            <attachments/>
            <labels>
                <label name="host" value="DESKTOP-L2VMBA4"/>
                <label name="thread" value="1148@DESKTOP-L2VMBA4.main(1)"/>
            </labels>
        </test-case>
        <test-case start="1468843584068" stop="1468843587746" status="passed">
            <name>step5_delOrgCodes</name>
            <description>Подготовка тестовых данных: удаление кода, если такой существуют</description>
            <steps/>
            <attachments/>
            <labels>
                <label name="host" value="DESKTOP-L2VMBA4"/>
                <label name="thread" value="1148@DESKTOP-L2VMBA4.main(1)"/>
            </labels>
        </test-case>
        <test-case start="1468843587750" stop="1468843589489" status="passed">
            <name>step6_openOrgCodes</name>
            <description>Открытие вкладки Коды организации</description>
            <steps/>
            <attachments/>
            <labels>
                <label name="host" value="DESKTOP-L2VMBA4"/>
                <label name="thread" value="1148@DESKTOP-L2VMBA4.main(1)"/>
            </labels>
        </test-case>
        <test-case start="1468843589494" stop="1468843593189" status="passed">
            <name>step7_openCreateOrgCodeModal</name>
            <description>Открытие модального окна создания кода организации</description>
            <steps/>
            <attachments/>
            <labels>
                <label name="host" value="DESKTOP-L2VMBA4"/>
                <label name="thread" value="1148@DESKTOP-L2VMBA4.main(1)"/>
            </labels>
        </test-case>
        <test-case start="1468843593192" stop="1468843609041" status="passed">
            <name>step8_fillOrgCodeForm</name>
            <description>Заполнение формы создания кода организации, проверка валидации формата кода</description>
            <steps/>
            <attachments/>
            <labels>
                <label name="host" value="DESKTOP-L2VMBA4"/>
                <label name="thread" value="1148@DESKTOP-L2VMBA4.main(1)"/>
            </labels>
        </test-case>
        <test-case start="1468843609047" stop="1468843618599" status="passed">
            <name>step9_saveOrgCodeForm</name>
            <description>Сохранение кода организации и проверка, что запись добавилась</description>
            <steps/>
            <attachments/>
            <labels>
                <label name="host" value="DESKTOP-L2VMBA4"/>
                <label name="thread" value="1148@DESKTOP-L2VMBA4.main(1)"/>
            </labels>
        </test-case>
        <test-case start="1468843618602" stop="1468843643863" status="passed">
            <name>step10_saveSameOrgCodeForm</name>
            <description>Сохранение идентичного кода организации и проверка, что сработала валидация</description>
            <steps/>
            <attachments/>
            <labels>
                <label name="host" value="DESKTOP-L2VMBA4"/>
                <label name="thread" value="1148@DESKTOP-L2VMBA4.main(1)"/>
            </labels>
        </test-case>
        <test-case start="1468843643866" stop="1468843653183" status="passed">
            <name>step11_deleteOrgCodeForm</name>
            <description>Удаление кода организации</description>
            <steps/>
            <attachments/>
            <labels>
                <label name="host" value="DESKTOP-L2VMBA4"/>
                <label name="thread" value="1148@DESKTOP-L2VMBA4.main(1)"/>
            </labels>
        </test-case>
        <test-case start="1468843653189" stop="1468843662702" status="passed">
            <name>step12_delBankDetails</name>
            <description>Подготовка тестовых данных: удаление расчетного счета если такой существуют</description>
            <steps/>
            <attachments/>
            <labels>
                <label name="host" value="DESKTOP-L2VMBA4"/>
                <label name="thread" value="1148@DESKTOP-L2VMBA4.main(1)"/>
            </labels>
        </test-case>
        <test-case start="1468843662705" stop="1468843664274" status="passed">
            <name>step13_openBankDetail</name>
            <description>Открытие вкладки Банковские реквизиты</description>
            <steps/>
            <attachments/>
            <labels>
                <label name="host" value="DESKTOP-L2VMBA4"/>
                <label name="thread" value="1148@DESKTOP-L2VMBA4.main(1)"/>
            </labels>
        </test-case>
        <test-case start="1468843664279" stop="1468843668541" status="passed">
            <name>step14_openCreateBankDetailModal</name>
            <description>Открытие модального окна создания банковского реквизиты</description>
            <steps/>
            <attachments/>
            <labels>
                <label name="host" value="DESKTOP-L2VMBA4"/>
                <label name="thread" value="1148@DESKTOP-L2VMBA4.main(1)"/>
            </labels>
        </test-case>
        <test-case start="1468843668555" stop="1468843692915" status="passed">
            <name>step15_fillBankDetailForm</name>
            <description>Заполнение формы создания расчетного счета</description>
            <steps/>
            <attachments/>
            <labels>
                <label name="host" value="DESKTOP-L2VMBA4"/>
                <label name="thread" value="1148@DESKTOP-L2VMBA4.main(1)"/>
            </labels>
        </test-case>
        <test-case start="1468843692921" stop="1468843704116" status="passed">
            <name>step16_saveBankDetailForm</name>
            <description>Сохранение расчетного счета и проверка что запись добавилась</description>
            <steps/>
            <attachments/>
            <labels>
                <label name="host" value="DESKTOP-L2VMBA4"/>
                <label name="thread" value="1148@DESKTOP-L2VMBA4.main(1)"/>
            </labels>
        </test-case>
        <test-case start="1468843704130" stop="1468843734708" status="passed">
            <name>step17_saveSameBankDetailForm</name>
            <description>Сохранение идентичного расчетного счета и проверка, что сработала валидация</description>
            <steps/>
            <attachments/>
            <labels>
                <label name="host" value="DESKTOP-L2VMBA4"/>
                <label name="thread" value="1148@DESKTOP-L2VMBA4.main(1)"/>
            </labels>
        </test-case>
        <test-case start="1468843734714" stop="1468843766254" status="passed">
            <name>step18_editBankDetailForm</name>
            <description>Изменение расчетного счета</description>
            <steps/>
            <attachments/>
            <labels>
                <label name="host" value="DESKTOP-L2VMBA4"/>
                <label name="thread" value="1148@DESKTOP-L2VMBA4.main(1)"/>
            </labels>
        </test-case>
        <test-case start="1468843766262" stop="1468843782158" status="passed">
            <name>step19_openOrganizationAccount</name>
            <description>Открытие вкладки Лицевые счета</description>
            <steps/>
            <attachments/>
            <labels>
                <label name="host" value="DESKTOP-L2VMBA4"/>
                <label name="thread" value="1148@DESKTOP-L2VMBA4.main(1)"/>
            </labels>
        </test-case>
        <test-case start="1468843782170" stop="1468843785541" status="passed">
            <name>step20_openCreateOrganizationAccountModal</name>
            <description>Открытие модального окна создания Лицевого счета</description>
            <steps/>
            <attachments/>
            <labels>
                <label name="host" value="DESKTOP-L2VMBA4"/>
                <label name="thread" value="1148@DESKTOP-L2VMBA4.main(1)"/>
            </labels>
        </test-case>
        <test-case start="1468843785547" stop="1468843806145" status="passed">
            <name>step21_fillOrganizationAccountForm</name>
            <description>Заполнение формы создания Лицевого счета</description>
            <steps/>
            <attachments/>
            <labels>
                <label name="host" value="DESKTOP-L2VMBA4"/>
                <label name="thread" value="1148@DESKTOP-L2VMBA4.main(1)"/>
            </labels>
        </test-case>
        <test-case start="1468843806154" stop="1468843812655" status="passed">
            <name>step22_saveOrganizationAccountForm</name>
            <description>Сохранение Лицевого счета и проверка, что запись добавилась</description>
            <steps/>
            <attachments/>
            <labels>
                <label name="host" value="DESKTOP-L2VMBA4"/>
                <label name="thread" value="1148@DESKTOP-L2VMBA4.main(1)"/>
            </labels>
        </test-case>
        <test-case start="1468843812661" stop="1468843840395" status="passed">
            <name>step23_saveSameOrganizationAccountForm</name>
            <description>Сохранение идентичного Лицевого счета и проверка, что сработала валидация</description>
            <steps/>
            <attachments/>
            <labels>
                <label name="host" value="DESKTOP-L2VMBA4"/>
                <label name="thread" value="1148@DESKTOP-L2VMBA4.main(1)"/>
            </labels>
        </test-case>
        <test-case start="1468843840403" stop="1468843870212" status="passed">
            <name>step24_checkPeriodsValidation</name>
            <description>Изменение даты открытия и закрытия Лицевого счета для  проверка валидаций</description>
            <steps/>
            <attachments/>
            <labels>
                <label name="host" value="DESKTOP-L2VMBA4"/>
                <label name="thread" value="1148@DESKTOP-L2VMBA4.main(1)"/>
            </labels>
        </test-case>
        <test-case start="1468843870217" stop="1468843900778" status="passed">
            <name>step25_editOrganizationAccountForm</name>
            <description>Изменение Лицевого счета и проверка что запись добавилась</description>
            <steps/>
            <attachments/>
            <labels>
                <label name="host" value="DESKTOP-L2VMBA4"/>
                <label name="thread" value="1148@DESKTOP-L2VMBA4.main(1)"/>
            </labels>
        </test-case>
        <test-case start="1468843900782" stop="1468843908108" status="passed">
            <name>step26_deleteOrganizationAccountForm</name>
            <description>Удаление Лицевого счета</description>
            <steps/>
            <attachments/>
            <labels>
                <label name="host" value="DESKTOP-L2VMBA4"/>
                <label name="thread" value="1148@DESKTOP-L2VMBA4.main(1)"/>
            </labels>
        </test-case>
        <test-case start="1468843908113" stop="1468843922441" status="passed">
            <name>step27_deleteBankDetailForm</name>
            <description>Удаление расчетного счета</description>
            <steps/>
            <attachments/>
            <labels>
                <label name="host" value="DESKTOP-L2VMBA4"/>
                <label name="thread" value="1148@DESKTOP-L2VMBA4.main(1)"/>
            </labels>
        </test-case>
        <test-case start="1468843922449" stop="1468843938585" status="passed">
            <name>step28_openContacts</name>
            <description>Открытие вкладки Контакты</description>
            <steps/>
            <attachments/>
            <labels>
                <label name="host" value="DESKTOP-L2VMBA4"/>
                <label name="thread" value="1148@DESKTOP-L2VMBA4.main(1)"/>
            </labels>
        </test-case>
        <test-case start="1468843938592" stop="1468843947480" status="passed">
            <name>step29_delOrgContacts</name>
            <description>Подготовка тестовых данных: удаление контакта, если такой существуют</description>
            <steps/>
            <attachments/>
            <labels>
                <label name="host" value="DESKTOP-L2VMBA4"/>
                <label name="thread" value="1148@DESKTOP-L2VMBA4.main(1)"/>
            </labels>
        </test-case>
        <test-case start="1468843947487" stop="1468843951344" status="failed">
            <name>step30_openCreateContactsModal</name>
            <description>Открытие модального окна создания контакта</description>
            <failure>
                <message>AssertionError: Modal doesn't present on page
Expected: is &lt;true&gt;
     but: was &lt;false&gt;</message>
                <stack-trace>java.lang.AssertionError: Modal doesn't present on page
Expected: is &lt;true&gt;
     but: was &lt;false&gt;
	at org.hamcrest.MatcherAssert.assertThat(MatcherAssert.java:20)
	at net.framework.autotesting.meta.Page.assertModalPresentOnPage(Page.java:227)
	at businessFramework.module.stocks.pages.contacts.ContactsContainer.clickCreateContactsButton(ContactsContainer.java:48)
	at test.businessTests.stocks.AdministrativeDataTest.step30_openCreateContactsModal(AdministrativeDataTest.java:371)
	at sun.reflect.NativeMethodAccessorImpl.invoke0(Native Method)
	at sun.reflect.NativeMethodAccessorImpl.invoke(NativeMethodAccessorImpl.java:62)
	at sun.reflect.DelegatingMethodAccessorImpl.invoke(DelegatingMethodAccessorImpl.java:43)
	at java.lang.reflect.Method.invoke(Method.java:497)
	at org.testng.internal.MethodInvocationHelper.invokeMethod(MethodInvocationHelper.java:84)
	at org.testng.internal.Invoker.invokeMethod(Invoker.java:714)
	at org.testng.internal.Invoker.invokeTestMethod(Invoker.java:901)
	at org.testng.internal.Invoker.invokeTestMethods(Invoker.java:1231)
	at org.testng.internal.TestMethodWorker.invokeTestMethods(TestMethodWorker.java:127)
	at org.testng.internal.TestMethodWorker.run(TestMethodWorker.java:111)
	at org.testng.TestRunner.privateRun(TestRunner.java:767)
	at org.testng.TestRunner.run(TestRunner.java:617)
	at org.testng.SuiteRunner.runTest(SuiteRunner.java:348)
	at org.testng.SuiteRunner.runSequentially(SuiteRunner.java:343)
	at org.testng.SuiteRunner.privateRun(SuiteRunner.java:305)
	at org.testng.SuiteRunner.run(SuiteRunner.java:254)
	at org.testng.SuiteRunnerWorker.runSuite(SuiteRunnerWorker.java:52)
	at org.testng.SuiteRunnerWorker.run(SuiteRunnerWorker.java:86)
	at org.testng.TestNG.runSuitesSequentially(TestNG.java:1224)
	at org.testng.TestNG.runSuitesLocally(TestNG.java:1149)
	at org.testng.TestNG.run(TestNG.java:1057)
	at org.testng.IDEARemoteTestNG.run(IDEARemoteTestNG.java:72)
	at org.testng.RemoteTestNGStarter.main(RemoteTestNGStarter.java:122)
	at sun.reflect.NativeMethodAccessorImpl.invoke0(Native Method)
	at sun.reflect.NativeMethodAccessorImpl.invoke(NativeMethodAccessorImpl.java:62)
	at sun.reflect.DelegatingMethodAccessorImpl.invoke(DelegatingMethodAccessorImpl.java:43)
	at java.lang.reflect.Method.invoke(Method.java:497)
	at com.intellij.rt.execution.application.AppMain.main(AppMain.java:144)
</stack-trace>
            </failure>
            <steps/>
            <attachments/>
            <labels>
                <label name="host" value="DESKTOP-L2VMBA4"/>
                <label name="thread" value="1148@DESKTOP-L2VMBA4.main(1)"/>
            </labels>
        </test-case>
        <test-case start="1468843951350" stop="1468843951378" status="canceled">
            <name>step31_fillContactForm</name>
            <description>Заполнение формы создания контакта</description>
            <failure>
                <message>: Skipped due to dependency on other skipped or failed test methods</message>
                <stack-trace>ru.yandex.qatools.allure.testng.AllureTestListener$1: Skipped due to dependency on other skipped or failed test methods
	at ru.yandex.qatools.allure.testng.AllureTestListener.fireTestCaseCancel(AllureTestListener.java:356)
	at ru.yandex.qatools.allure.testng.AllureTestListener.onTestSkipped(AllureTestListener.java:171)
	at org.testng.internal.Invoker.runTestListeners(Invoker.java:1887)
	at org.testng.internal.Invoker.runTestListeners(Invoker.java:1879)
	at org.testng.internal.Invoker.invokeTestMethods(Invoker.java:1157)
	at org.testng.internal.TestMethodWorker.invokeTestMethods(TestMethodWorker.java:127)
	at org.testng.internal.TestMethodWorker.run(TestMethodWorker.java:111)
	at org.testng.TestRunner.privateRun(TestRunner.java:767)
	at org.testng.TestRunner.run(TestRunner.java:617)
	at org.testng.SuiteRunner.runTest(SuiteRunner.java:348)
	at org.testng.SuiteRunner.runSequentially(SuiteRunner.java:343)
	at org.testng.SuiteRunner.privateRun(SuiteRunner.java:305)
	at org.testng.SuiteRunner.run(SuiteRunner.java:254)
	at org.testng.SuiteRunnerWorker.runSuite(SuiteRunnerWorker.java:52)
	at org.testng.SuiteRunnerWorker.run(SuiteRunnerWorker.java:86)
	at org.testng.TestNG.runSuitesSequentially(TestNG.java:1224)
	at org.testng.TestNG.runSuitesLocally(TestNG.java:1149)
	at org.testng.TestNG.run(TestNG.java:1057)
	at org.testng.IDEARemoteTestNG.run(IDEARemoteTestNG.java:72)
	at org.testng.RemoteTestNGStarter.main(RemoteTestNGStarter.java:122)
	at sun.reflect.NativeMethodAccessorImpl.invoke0(Native Method)
	at sun.reflect.NativeMethodAccessorImpl.invoke(NativeMethodAccessorImpl.java:62)
	at sun.reflect.DelegatingMethodAccessorImpl.invoke(DelegatingMethodAccessorImpl.java:43)
	at java.lang.reflect.Method.invoke(Method.java:497)
	at com.intellij.rt.execution.application.AppMain.main(AppMain.java:144)
</stack-trace>
            </failure>
            <steps/>
            <attachments/>
            <labels>
                <label name="host" value="DESKTOP-L2VMBA4"/>
                <label name="thread" value="1148@DESKTOP-L2VMBA4.main(1)"/>
            </labels>
        </test-case>
        <test-case start="1468843951380" stop="1468843951380" status="canceled">
            <name>step32_saveContactForm</name>
            <description>Сохранение контакта и проверка, что запись добавилась</description>
            <failure>
                <message>: Skipped due to dependency on other skipped or failed test methods</message>
                <stack-trace>ru.yandex.qatools.allure.testng.AllureTestListener$1: Skipped due to dependency on other skipped or failed test methods
	at ru.yandex.qatools.allure.testng.AllureTestListener.fireTestCaseCancel(AllureTestListener.java:356)
	at ru.yandex.qatools.allure.testng.AllureTestListener.onTestSkipped(AllureTestListener.java:171)
	at org.testng.internal.Invoker.runTestListeners(Invoker.java:1887)
	at org.testng.internal.Invoker.runTestListeners(Invoker.java:1879)
	at org.testng.internal.Invoker.invokeTestMethods(Invoker.java:1157)
	at org.testng.internal.TestMethodWorker.invokeTestMethods(TestMethodWorker.java:127)
	at org.testng.internal.TestMethodWorker.run(TestMethodWorker.java:111)
	at org.testng.TestRunner.privateRun(TestRunner.java:767)
	at org.testng.TestRunner.run(TestRunner.java:617)
	at org.testng.SuiteRunner.runTest(SuiteRunner.java:348)
	at org.testng.SuiteRunner.runSequentially(SuiteRunner.java:343)
	at org.testng.SuiteRunner.privateRun(SuiteRunner.java:305)
	at org.testng.SuiteRunner.run(SuiteRunner.java:254)
	at org.testng.SuiteRunnerWorker.runSuite(SuiteRunnerWorker.java:52)
	at org.testng.SuiteRunnerWorker.run(SuiteRunnerWorker.java:86)
	at org.testng.TestNG.runSuitesSequentially(TestNG.java:1224)
	at org.testng.TestNG.runSuitesLocally(TestNG.java:1149)
	at org.testng.TestNG.run(TestNG.java:1057)
	at org.testng.IDEARemoteTestNG.run(IDEARemoteTestNG.java:72)
	at org.testng.RemoteTestNGStarter.main(RemoteTestNGStarter.java:122)
	at sun.reflect.NativeMethodAccessorImpl.invoke0(Native Method)
	at sun.reflect.NativeMethodAccessorImpl.invoke(NativeMethodAccessorImpl.java:62)
	at sun.reflect.DelegatingMethodAccessorImpl.invoke(DelegatingMethodAccessorImpl.java:43)
	at java.lang.reflect.Method.invoke(Method.java:497)
	at com.intellij.rt.execution.application.AppMain.main(AppMain.java:144)
</stack-trace>
            </failure>
            <steps/>
            <attachments/>
            <labels>
                <label name="host" value="DESKTOP-L2VMBA4"/>
                <label name="thread" value="1148@DESKTOP-L2VMBA4.main(1)"/>
            </labels>
        </test-case>
        <test-case start="1468843951381" stop="1468843951382" status="canceled">
            <name>step33_saveSameContactForm</name>
            <description>Сохранение идентичного расчетного счета и проверка, что сработала валидация</description>
            <failure>
                <message>: Skipped due to dependency on other skipped or failed test methods</message>
                <stack-trace>ru.yandex.qatools.allure.testng.AllureTestListener$1: Skipped due to dependency on other skipped or failed test methods
	at ru.yandex.qatools.allure.testng.AllureTestListener.fireTestCaseCancel(AllureTestListener.java:356)
	at ru.yandex.qatools.allure.testng.AllureTestListener.onTestSkipped(AllureTestListener.java:171)
	at org.testng.internal.Invoker.runTestListeners(Invoker.java:1887)
	at org.testng.internal.Invoker.runTestListeners(Invoker.java:1879)
	at org.testng.internal.Invoker.invokeTestMethods(Invoker.java:1157)
	at org.testng.internal.TestMethodWorker.invokeTestMethods(TestMethodWorker.java:127)
	at org.testng.internal.TestMethodWorker.run(TestMethodWorker.java:111)
	at org.testng.TestRunner.privateRun(TestRunner.java:767)
	at org.testng.TestRunner.run(TestRunner.java:617)
	at org.testng.SuiteRunner.runTest(SuiteRunner.java:348)
	at org.testng.SuiteRunner.runSequentially(SuiteRunner.java:343)
	at org.testng.SuiteRunner.privateRun(SuiteRunner.java:305)
	at org.testng.SuiteRunner.run(SuiteRunner.java:254)
	at org.testng.SuiteRunnerWorker.runSuite(SuiteRunnerWorker.java:52)
	at org.testng.SuiteRunnerWorker.run(SuiteRunnerWorker.java:86)
	at org.testng.TestNG.runSuitesSequentially(TestNG.java:1224)
	at org.testng.TestNG.runSuitesLocally(TestNG.java:1149)
	at org.testng.TestNG.run(TestNG.java:1057)
	at org.testng.IDEARemoteTestNG.run(IDEARemoteTestNG.java:72)
	at org.testng.RemoteTestNGStarter.main(RemoteTestNGStarter.java:122)
	at sun.reflect.NativeMethodAccessorImpl.invoke0(Native Method)
	at sun.reflect.NativeMethodAccessorImpl.invoke(NativeMethodAccessorImpl.java:62)
	at sun.reflect.DelegatingMethodAccessorImpl.invoke(DelegatingMethodAccessorImpl.java:43)
	at java.lang.reflect.Method.invoke(Method.java:497)
	at com.intellij.rt.execution.application.AppMain.main(AppMain.java:144)
</stack-trace>
            </failure>
            <steps/>
            <attachments/>
            <labels>
                <label name="host" value="DESKTOP-L2VMBA4"/>
                <label name="thread" value="1148@DESKTOP-L2VMBA4.main(1)"/>
            </labels>
        </test-case>
        <test-case start="1468843951383" stop="1468843951383" status="canceled">
            <name>step34_editContactForm</name>
            <description>Изменение контакта и проверка что запись добавилась</description>
            <failure>
                <message>: Skipped due to dependency on other skipped or failed test methods</message>
                <stack-trace>ru.yandex.qatools.allure.testng.AllureTestListener$1: Skipped due to dependency on other skipped or failed test methods
	at ru.yandex.qatools.allure.testng.AllureTestListener.fireTestCaseCancel(AllureTestListener.java:356)
	at ru.yandex.qatools.allure.testng.AllureTestListener.onTestSkipped(AllureTestListener.java:171)
	at org.testng.internal.Invoker.runTestListeners(Invoker.java:1887)
	at org.testng.internal.Invoker.runTestListeners(Invoker.java:1879)
	at org.testng.internal.Invoker.invokeTestMethods(Invoker.java:1157)
	at org.testng.internal.TestMethodWorker.invokeTestMethods(TestMethodWorker.java:127)
	at org.testng.internal.TestMethodWorker.run(TestMethodWorker.java:111)
	at org.testng.TestRunner.privateRun(TestRunner.java:767)
	at org.testng.TestRunner.run(TestRunner.java:617)
	at org.testng.SuiteRunner.runTest(SuiteRunner.java:348)
	at org.testng.SuiteRunner.runSequentially(SuiteRunner.java:343)
	at org.testng.SuiteRunner.privateRun(SuiteRunner.java:305)
	at org.testng.SuiteRunner.run(SuiteRunner.java:254)
	at org.testng.SuiteRunnerWorker.runSuite(SuiteRunnerWorker.java:52)
	at org.testng.SuiteRunnerWorker.run(SuiteRunnerWorker.java:86)
	at org.testng.TestNG.runSuitesSequentially(TestNG.java:1224)
	at org.testng.TestNG.runSuitesLocally(TestNG.java:1149)
	at org.testng.TestNG.run(TestNG.java:1057)
	at org.testng.IDEARemoteTestNG.run(IDEARemoteTestNG.java:72)
	at org.testng.RemoteTestNGStarter.main(RemoteTestNGStarter.java:122)
	at sun.reflect.NativeMethodAccessorImpl.invoke0(Native Method)
	at sun.reflect.NativeMethodAccessorImpl.invoke(NativeMethodAccessorImpl.java:62)
	at sun.reflect.DelegatingMethodAccessorImpl.invoke(DelegatingMethodAccessorImpl.java:43)
	at java.lang.reflect.Method.invoke(Method.java:497)
	at com.intellij.rt.execution.application.AppMain.main(AppMain.java:144)
</stack-trace>
            </failure>
            <steps/>
            <attachments/>
            <labels>
                <label name="host" value="DESKTOP-L2VMBA4"/>
                <label name="thread" value="1148@DESKTOP-L2VMBA4.main(1)"/>
            </labels>
        </test-case>
        <test-case start="1468843951384" stop="1468843951384" status="canceled">
            <name>step35_deleteContactForm</name>
            <description>Удаление контакта</description>
            <failure>
                <message>: Skipped due to dependency on other skipped or failed test methods</message>
                <stack-trace>ru.yandex.qatools.allure.testng.AllureTestListener$1: Skipped due to dependency on other skipped or failed test methods
	at ru.yandex.qatools.allure.testng.AllureTestListener.fireTestCaseCancel(AllureTestListener.java:356)
	at ru.yandex.qatools.allure.testng.AllureTestListener.onTestSkipped(AllureTestListener.java:171)
	at org.testng.internal.Invoker.runTestListeners(Invoker.java:1887)
	at org.testng.internal.Invoker.runTestListeners(Invoker.java:1879)
	at org.testng.internal.Invoker.invokeTestMethods(Invoker.java:1157)
	at org.testng.internal.TestMethodWorker.invokeTestMethods(TestMethodWorker.java:127)
	at org.testng.internal.TestMethodWorker.run(TestMethodWorker.java:111)
	at org.testng.TestRunner.privateRun(TestRunner.java:767)
	at org.testng.TestRunner.run(TestRunner.java:617)
	at org.testng.SuiteRunner.runTest(SuiteRunner.java:348)
	at org.testng.SuiteRunner.runSequentially(SuiteRunner.java:343)
	at org.testng.SuiteRunner.privateRun(SuiteRunner.java:305)
	at org.testng.SuiteRunner.run(SuiteRunner.java:254)
	at org.testng.SuiteRunnerWorker.runSuite(SuiteRunnerWorker.java:52)
	at org.testng.SuiteRunnerWorker.run(SuiteRunnerWorker.java:86)
	at org.testng.TestNG.runSuitesSequentially(TestNG.java:1224)
	at org.testng.TestNG.runSuitesLocally(TestNG.java:1149)
	at org.testng.TestNG.run(TestNG.java:1057)
	at org.testng.IDEARemoteTestNG.run(IDEARemoteTestNG.java:72)
	at org.testng.RemoteTestNGStarter.main(RemoteTestNGStarter.java:122)
	at sun.reflect.NativeMethodAccessorImpl.invoke0(Native Method)
	at sun.reflect.NativeMethodAccessorImpl.invoke(NativeMethodAccessorImpl.java:62)
	at sun.reflect.DelegatingMethodAccessorImpl.invoke(DelegatingMethodAccessorImpl.java:43)
	at java.lang.reflect.Method.invoke(Method.java:497)
	at com.intellij.rt.execution.application.AppMain.main(AppMain.java:144)
</stack-trace>
            </failure>
            <steps/>
            <attachments/>
            <labels>
                <label name="host" value="DESKTOP-L2VMBA4"/>
                <label name="thread" value="1148@DESKTOP-L2VMBA4.main(1)"/>
            </labels>
        </test-case>
        <test-case start="1468843951385" stop="1468843951386" status="canceled">
            <name>step28_openContactPerson</name>
            <description>Открытие вкладки Персоналии</description>
            <failure>
                <message>: Skipped due to dependency on other skipped or failed test methods</message>
                <stack-trace>ru.yandex.qatools.allure.testng.AllureTestListener$1: Skipped due to dependency on other skipped or failed test methods
	at ru.yandex.qatools.allure.testng.AllureTestListener.fireTestCaseCancel(AllureTestListener.java:356)
	at ru.yandex.qatools.allure.testng.AllureTestListener.onTestSkipped(AllureTestListener.java:171)
	at org.testng.internal.Invoker.runTestListeners(Invoker.java:1887)
	at org.testng.internal.Invoker.runTestListeners(Invoker.java:1879)
	at org.testng.internal.Invoker.invokeTestMethods(Invoker.java:1157)
	at org.testng.internal.TestMethodWorker.invokeTestMethods(TestMethodWorker.java:127)
	at org.testng.internal.TestMethodWorker.run(TestMethodWorker.java:111)
	at org.testng.TestRunner.privateRun(TestRunner.java:767)
	at org.testng.TestRunner.run(TestRunner.java:617)
	at org.testng.SuiteRunner.runTest(SuiteRunner.java:348)
	at org.testng.SuiteRunner.runSequentially(SuiteRunner.java:343)
	at org.testng.SuiteRunner.privateRun(SuiteRunner.java:305)
	at org.testng.SuiteRunner.run(SuiteRunner.java:254)
	at org.testng.SuiteRunnerWorker.runSuite(SuiteRunnerWorker.java:52)
	at org.testng.SuiteRunnerWorker.run(SuiteRunnerWorker.java:86)
	at org.testng.TestNG.runSuitesSequentially(TestNG.java:1224)
	at org.testng.TestNG.runSuitesLocally(TestNG.java:1149)
	at org.testng.TestNG.run(TestNG.java:1057)
	at org.testng.IDEARemoteTestNG.run(IDEARemoteTestNG.java:72)
	at org.testng.RemoteTestNGStarter.main(RemoteTestNGStarter.java:122)
	at sun.reflect.NativeMethodAccessorImpl.invoke0(Native Method)
	at sun.reflect.NativeMethodAccessorImpl.invoke(NativeMethodAccessorImpl.java:62)
	at sun.reflect.DelegatingMethodAccessorImpl.invoke(DelegatingMethodAccessorImpl.java:43)
	at java.lang.reflect.Method.invoke(Method.java:497)
	at com.intellij.rt.execution.application.AppMain.main(AppMain.java:144)
</stack-trace>
            </failure>
            <steps/>
            <attachments/>
            <labels>
                <label name="host" value="DESKTOP-L2VMBA4"/>
                <label name="thread" value="1148@DESKTOP-L2VMBA4.main(1)"/>
            </labels>
        </test-case>
        <test-case start="1468843951388" stop="1468843951388" status="canceled">
            <name>step29_delContactPerson</name>
            <description>Подготовка тестовых данных: удаление Должностного лица, если такой существуют</description>
            <failure>
                <message>: Skipped due to dependency on other skipped or failed test methods</message>
                <stack-trace>ru.yandex.qatools.allure.testng.AllureTestListener$1: Skipped due to dependency on other skipped or failed test methods
	at ru.yandex.qatools.allure.testng.AllureTestListener.fireTestCaseCancel(AllureTestListener.java:356)
	at ru.yandex.qatools.allure.testng.AllureTestListener.onTestSkipped(AllureTestListener.java:171)
	at org.testng.internal.Invoker.runTestListeners(Invoker.java:1887)
	at org.testng.internal.Invoker.runTestListeners(Invoker.java:1879)
	at org.testng.internal.Invoker.invokeTestMethods(Invoker.java:1157)
	at org.testng.internal.TestMethodWorker.invokeTestMethods(TestMethodWorker.java:127)
	at org.testng.internal.TestMethodWorker.run(TestMethodWorker.java:111)
	at org.testng.TestRunner.privateRun(TestRunner.java:767)
	at org.testng.TestRunner.run(TestRunner.java:617)
	at org.testng.SuiteRunner.runTest(SuiteRunner.java:348)
	at org.testng.SuiteRunner.runSequentially(SuiteRunner.java:343)
	at org.testng.SuiteRunner.privateRun(SuiteRunner.java:305)
	at org.testng.SuiteRunner.run(SuiteRunner.java:254)
	at org.testng.SuiteRunnerWorker.runSuite(SuiteRunnerWorker.java:52)
	at org.testng.SuiteRunnerWorker.run(SuiteRunnerWorker.java:86)
	at org.testng.TestNG.runSuitesSequentially(TestNG.java:1224)
	at org.testng.TestNG.runSuitesLocally(TestNG.java:1149)
	at org.testng.TestNG.run(TestNG.java:1057)
	at org.testng.IDEARemoteTestNG.run(IDEARemoteTestNG.java:72)
	at org.testng.RemoteTestNGStarter.main(RemoteTestNGStarter.java:122)
	at sun.reflect.NativeMethodAccessorImpl.invoke0(Native Method)
	at sun.reflect.NativeMethodAccessorImpl.invoke(NativeMethodAccessorImpl.java:62)
	at sun.reflect.DelegatingMethodAccessorImpl.invoke(DelegatingMethodAccessorImpl.java:43)
	at java.lang.reflect.Method.invoke(Method.java:497)
	at com.intellij.rt.execution.application.AppMain.main(AppMain.java:144)
</stack-trace>
            </failure>
            <steps/>
            <attachments/>
            <labels>
                <label name="host" value="DESKTOP-L2VMBA4"/>
                <label name="thread" value="1148@DESKTOP-L2VMBA4.main(1)"/>
            </labels>
        </test-case>
        <test-case start="1468843951391" stop="1468843951397" status="canceled">
            <name>step30_openCreateContactPersonModal</name>
            <description>Открытие модального окна создания Должностного лица</description>
            <failure>
                <message>: Skipped due to dependency on other skipped or failed test methods</message>
                <stack-trace>ru.yandex.qatools.allure.testng.AllureTestListener$1: Skipped due to dependency on other skipped or failed test methods
	at ru.yandex.qatools.allure.testng.AllureTestListener.fireTestCaseCancel(AllureTestListener.java:356)
	at ru.yandex.qatools.allure.testng.AllureTestListener.onTestSkipped(AllureTestListener.java:171)
	at org.testng.internal.Invoker.runTestListeners(Invoker.java:1887)
	at org.testng.internal.Invoker.runTestListeners(Invoker.java:1879)
	at org.testng.internal.Invoker.invokeTestMethods(Invoker.java:1157)
	at org.testng.internal.TestMethodWorker.invokeTestMethods(TestMethodWorker.java:127)
	at org.testng.internal.TestMethodWorker.run(TestMethodWorker.java:111)
	at org.testng.TestRunner.privateRun(TestRunner.java:767)
	at org.testng.TestRunner.run(TestRunner.java:617)
	at org.testng.SuiteRunner.runTest(SuiteRunner.java:348)
	at org.testng.SuiteRunner.runSequentially(SuiteRunner.java:343)
	at org.testng.SuiteRunner.privateRun(SuiteRunner.java:305)
	at org.testng.SuiteRunner.run(SuiteRunner.java:254)
	at org.testng.SuiteRunnerWorker.runSuite(SuiteRunnerWorker.java:52)
	at org.testng.SuiteRunnerWorker.run(SuiteRunnerWorker.java:86)
	at org.testng.TestNG.runSuitesSequentially(TestNG.java:1224)
	at org.testng.TestNG.runSuitesLocally(TestNG.java:1149)
	at org.testng.TestNG.run(TestNG.java:1057)
	at org.testng.IDEARemoteTestNG.run(IDEARemoteTestNG.java:72)
	at org.testng.RemoteTestNGStarter.main(RemoteTestNGStarter.java:122)
	at sun.reflect.NativeMethodAccessorImpl.invoke0(Native Method)
	at sun.reflect.NativeMethodAccessorImpl.invoke(NativeMethodAccessorImpl.java:62)
	at sun.reflect.DelegatingMethodAccessorImpl.invoke(DelegatingMethodAccessorImpl.java:43)
	at java.lang.reflect.Method.invoke(Method.java:497)
	at com.intellij.rt.execution.application.AppMain.main(AppMain.java:144)
</stack-trace>
            </failure>
            <steps/>
            <attachments/>
            <labels>
                <label name="host" value="DESKTOP-L2VMBA4"/>
                <label name="thread" value="1148@DESKTOP-L2VMBA4.main(1)"/>
            </labels>
        </test-case>
        <test-case start="1468843951398" stop="1468843951399" status="canceled">
            <name>step31_fillContactPersonForm</name>
            <description>Заполнение формы создания Должностного лица</description>
            <failure>
                <message>: Skipped due to dependency on other skipped or failed test methods</message>
                <stack-trace>ru.yandex.qatools.allure.testng.AllureTestListener$1: Skipped due to dependency on other skipped or failed test methods
	at ru.yandex.qatools.allure.testng.AllureTestListener.fireTestCaseCancel(AllureTestListener.java:356)
	at ru.yandex.qatools.allure.testng.AllureTestListener.onTestSkipped(AllureTestListener.java:171)
	at org.testng.internal.Invoker.runTestListeners(Invoker.java:1887)
	at org.testng.internal.Invoker.runTestListeners(Invoker.java:1879)
	at org.testng.internal.Invoker.invokeTestMethods(Invoker.java:1157)
	at org.testng.internal.TestMethodWorker.invokeTestMethods(TestMethodWorker.java:127)
	at org.testng.internal.TestMethodWorker.run(TestMethodWorker.java:111)
	at org.testng.TestRunner.privateRun(TestRunner.java:767)
	at org.testng.TestRunner.run(TestRunner.java:617)
	at org.testng.SuiteRunner.runTest(SuiteRunner.java:348)
	at org.testng.SuiteRunner.runSequentially(SuiteRunner.java:343)
	at org.testng.SuiteRunner.privateRun(SuiteRunner.java:305)
	at org.testng.SuiteRunner.run(SuiteRunner.java:254)
	at org.testng.SuiteRunnerWorker.runSuite(SuiteRunnerWorker.java:52)
	at org.testng.SuiteRunnerWorker.run(SuiteRunnerWorker.java:86)
	at org.testng.TestNG.runSuitesSequentially(TestNG.java:1224)
	at org.testng.TestNG.runSuitesLocally(TestNG.java:1149)
	at org.testng.TestNG.run(TestNG.java:1057)
	at org.testng.IDEARemoteTestNG.run(IDEARemoteTestNG.java:72)
	at org.testng.RemoteTestNGStarter.main(RemoteTestNGStarter.java:122)
	at sun.reflect.NativeMethodAccessorImpl.invoke0(Native Method)
	at sun.reflect.NativeMethodAccessorImpl.invoke(NativeMethodAccessorImpl.java:62)
	at sun.reflect.DelegatingMethodAccessorImpl.invoke(DelegatingMethodAccessorImpl.java:43)
	at java.lang.reflect.Method.invoke(Method.java:497)
	at com.intellij.rt.execution.application.AppMain.main(AppMain.java:144)
</stack-trace>
            </failure>
            <steps/>
            <attachments/>
            <labels>
                <label name="host" value="DESKTOP-L2VMBA4"/>
                <label name="thread" value="1148@DESKTOP-L2VMBA4.main(1)"/>
            </labels>
        </test-case>
        <test-case start="1468843951400" stop="1468843951400" status="canceled">
            <name>step32_saveContactPersonForm</name>
            <description>Сохранение Должностного лица и проверка, что запись добавилась</description>
            <failure>
                <message>: Skipped due to dependency on other skipped or failed test methods</message>
                <stack-trace>ru.yandex.qatools.allure.testng.AllureTestListener$1: Skipped due to dependency on other skipped or failed test methods
	at ru.yandex.qatools.allure.testng.AllureTestListener.fireTestCaseCancel(AllureTestListener.java:356)
	at ru.yandex.qatools.allure.testng.AllureTestListener.onTestSkipped(AllureTestListener.java:171)
	at org.testng.internal.Invoker.runTestListeners(Invoker.java:1887)
	at org.testng.internal.Invoker.runTestListeners(Invoker.java:1879)
	at org.testng.internal.Invoker.invokeTestMethods(Invoker.java:1157)
	at org.testng.internal.TestMethodWorker.invokeTestMethods(TestMethodWorker.java:127)
	at org.testng.internal.TestMethodWorker.run(TestMethodWorker.java:111)
	at org.testng.TestRunner.privateRun(TestRunner.java:767)
	at org.testng.TestRunner.run(TestRunner.java:617)
	at org.testng.SuiteRunner.runTest(SuiteRunner.java:348)
	at org.testng.SuiteRunner.runSequentially(SuiteRunner.java:343)
	at org.testng.SuiteRunner.privateRun(SuiteRunner.java:305)
	at org.testng.SuiteRunner.run(SuiteRunner.java:254)
	at org.testng.SuiteRunnerWorker.runSuite(SuiteRunnerWorker.java:52)
	at org.testng.SuiteRunnerWorker.run(SuiteRunnerWorker.java:86)
	at org.testng.TestNG.runSuitesSequentially(TestNG.java:1224)
	at org.testng.TestNG.runSuitesLocally(TestNG.java:1149)
	at org.testng.TestNG.run(TestNG.java:1057)
	at org.testng.IDEARemoteTestNG.run(IDEARemoteTestNG.java:72)
	at org.testng.RemoteTestNGStarter.main(RemoteTestNGStarter.java:122)
	at sun.reflect.NativeMethodAccessorImpl.invoke0(Native Method)
	at sun.reflect.NativeMethodAccessorImpl.invoke(NativeMethodAccessorImpl.java:62)
	at sun.reflect.DelegatingMethodAccessorImpl.invoke(DelegatingMethodAccessorImpl.java:43)
	at java.lang.reflect.Method.invoke(Method.java:497)
	at com.intellij.rt.execution.application.AppMain.main(AppMain.java:144)
</stack-trace>
            </failure>
            <steps/>
            <attachments/>
            <labels>
                <label name="host" value="DESKTOP-L2VMBA4"/>
                <label name="thread" value="1148@DESKTOP-L2VMBA4.main(1)"/>
            </labels>
        </test-case>
        <test-case start="1468843951402" stop="1468843951402" status="canceled">
            <name>step33_saveSameContactPersonForm</name>
            <description>Сохранение идентичного Должностного лица и проверка, что сработала валидация</description>
            <failure>
                <message>: Skipped due to dependency on other skipped or failed test methods</message>
                <stack-trace>ru.yandex.qatools.allure.testng.AllureTestListener$1: Skipped due to dependency on other skipped or failed test methods
	at ru.yandex.qatools.allure.testng.AllureTestListener.fireTestCaseCancel(AllureTestListener.java:356)
	at ru.yandex.qatools.allure.testng.AllureTestListener.onTestSkipped(AllureTestListener.java:171)
	at org.testng.internal.Invoker.runTestListeners(Invoker.java:1887)
	at org.testng.internal.Invoker.runTestListeners(Invoker.java:1879)
	at org.testng.internal.Invoker.invokeTestMethods(Invoker.java:1157)
	at org.testng.internal.TestMethodWorker.invokeTestMethods(TestMethodWorker.java:127)
	at org.testng.internal.TestMethodWorker.run(TestMethodWorker.java:111)
	at org.testng.TestRunner.privateRun(TestRunner.java:767)
	at org.testng.TestRunner.run(TestRunner.java:617)
	at org.testng.SuiteRunner.runTest(SuiteRunner.java:348)
	at org.testng.SuiteRunner.runSequentially(SuiteRunner.java:343)
	at org.testng.SuiteRunner.privateRun(SuiteRunner.java:305)
	at org.testng.SuiteRunner.run(SuiteRunner.java:254)
	at org.testng.SuiteRunnerWorker.runSuite(SuiteRunnerWorker.java:52)
	at org.testng.SuiteRunnerWorker.run(SuiteRunnerWorker.java:86)
	at org.testng.TestNG.runSuitesSequentially(TestNG.java:1224)
	at org.testng.TestNG.runSuitesLocally(TestNG.java:1149)
	at org.testng.TestNG.run(TestNG.java:1057)
	at org.testng.IDEARemoteTestNG.run(IDEARemoteTestNG.java:72)
	at org.testng.RemoteTestNGStarter.main(RemoteTestNGStarter.java:122)
	at sun.reflect.NativeMethodAccessorImpl.invoke0(Native Method)
	at sun.reflect.NativeMethodAccessorImpl.invoke(NativeMethodAccessorImpl.java:62)
	at sun.reflect.DelegatingMethodAccessorImpl.invoke(DelegatingMethodAccessorImpl.java:43)
	at java.lang.reflect.Method.invoke(Method.java:497)
	at com.intellij.rt.execution.application.AppMain.main(AppMain.java:144)
</stack-trace>
            </failure>
            <steps/>
            <attachments/>
            <labels>
                <label name="host" value="DESKTOP-L2VMBA4"/>
                <label name="thread" value="1148@DESKTOP-L2VMBA4.main(1)"/>
            </labels>
        </test-case>
        <test-case start="1468843951404" stop="1468843951405" status="canceled">
            <name>step34_editContactPersonForm</name>
            <description>Изменение Должностного лица и проверка что запись добавилась</description>
            <failure>
                <message>: Skipped due to dependency on other skipped or failed test methods</message>
                <stack-trace>ru.yandex.qatools.allure.testng.AllureTestListener$1: Skipped due to dependency on other skipped or failed test methods
	at ru.yandex.qatools.allure.testng.AllureTestListener.fireTestCaseCancel(AllureTestListener.java:356)
	at ru.yandex.qatools.allure.testng.AllureTestListener.onTestSkipped(AllureTestListener.java:171)
	at org.testng.internal.Invoker.runTestListeners(Invoker.java:1887)
	at org.testng.internal.Invoker.runTestListeners(Invoker.java:1879)
	at org.testng.internal.Invoker.invokeTestMethods(Invoker.java:1157)
	at org.testng.internal.TestMethodWorker.invokeTestMethods(TestMethodWorker.java:127)
	at org.testng.internal.TestMethodWorker.run(TestMethodWorker.java:111)
	at org.testng.TestRunner.privateRun(TestRunner.java:767)
	at org.testng.TestRunner.run(TestRunner.java:617)
	at org.testng.SuiteRunner.runTest(SuiteRunner.java:348)
	at org.testng.SuiteRunner.runSequentially(SuiteRunner.java:343)
	at org.testng.SuiteRunner.privateRun(SuiteRunner.java:305)
	at org.testng.SuiteRunner.run(SuiteRunner.java:254)
	at org.testng.SuiteRunnerWorker.runSuite(SuiteRunnerWorker.java:52)
	at org.testng.SuiteRunnerWorker.run(SuiteRunnerWorker.java:86)
	at org.testng.TestNG.runSuitesSequentially(TestNG.java:1224)
	at org.testng.TestNG.runSuitesLocally(TestNG.java:1149)
	at org.testng.TestNG.run(TestNG.java:1057)
	at org.testng.IDEARemoteTestNG.run(IDEARemoteTestNG.java:72)
	at org.testng.RemoteTestNGStarter.main(RemoteTestNGStarter.java:122)
	at sun.reflect.NativeMethodAccessorImpl.invoke0(Native Method)
	at sun.reflect.NativeMethodAccessorImpl.invoke(NativeMethodAccessorImpl.java:62)
	at sun.reflect.DelegatingMethodAccessorImpl.invoke(DelegatingMethodAccessorImpl.java:43)
	at java.lang.reflect.Method.invoke(Method.java:497)
	at com.intellij.rt.execution.application.AppMain.main(AppMain.java:144)
</stack-trace>
            </failure>
            <steps/>
            <attachments/>
            <labels>
                <label name="host" value="DESKTOP-L2VMBA4"/>
                <label name="thread" value="1148@DESKTOP-L2VMBA4.main(1)"/>
            </labels>
        </test-case>
        <test-case start="1468843951408" stop="1468843951408" status="canceled">
            <name>step35_deleteContactPersonForm</name>
            <description>Удаление Должностного лица</description>
            <failure>
                <message>: Skipped due to dependency on other skipped or failed test methods</message>
                <stack-trace>ru.yandex.qatools.allure.testng.AllureTestListener$1: Skipped due to dependency on other skipped or failed test methods
	at ru.yandex.qatools.allure.testng.AllureTestListener.fireTestCaseCancel(AllureTestListener.java:356)
	at ru.yandex.qatools.allure.testng.AllureTestListener.onTestSkipped(AllureTestListener.java:171)
	at org.testng.internal.Invoker.runTestListeners(Invoker.java:1887)
	at org.testng.internal.Invoker.runTestListeners(Invoker.java:1879)
	at org.testng.internal.Invoker.invokeTestMethods(Invoker.java:1157)
	at org.testng.internal.TestMethodWorker.invokeTestMethods(TestMethodWorker.java:127)
	at org.testng.internal.TestMethodWorker.run(TestMethodWorker.java:111)
	at org.testng.TestRunner.privateRun(TestRunner.java:767)
	at org.testng.TestRunner.run(TestRunner.java:617)
	at org.testng.SuiteRunner.runTest(SuiteRunner.java:348)
	at org.testng.SuiteRunner.runSequentially(SuiteRunner.java:343)
	at org.testng.SuiteRunner.privateRun(SuiteRunner.java:305)
	at org.testng.SuiteRunner.run(SuiteRunner.java:254)
	at org.testng.SuiteRunnerWorker.runSuite(SuiteRunnerWorker.java:52)
	at org.testng.SuiteRunnerWorker.run(SuiteRunnerWorker.java:86)
	at org.testng.TestNG.runSuitesSequentially(TestNG.java:1224)
	at org.testng.TestNG.runSuitesLocally(TestNG.java:1149)
	at org.testng.TestNG.run(TestNG.java:1057)
	at org.testng.IDEARemoteTestNG.run(IDEARemoteTestNG.java:72)
	at org.testng.RemoteTestNGStarter.main(RemoteTestNGStarter.java:122)
	at sun.reflect.NativeMethodAccessorImpl.invoke0(Native Method)
	at sun.reflect.NativeMethodAccessorImpl.invoke(NativeMethodAccessorImpl.java:62)
	at sun.reflect.DelegatingMethodAccessorImpl.invoke(DelegatingMethodAccessorImpl.java:43)
	at java.lang.reflect.Method.invoke(Method.java:497)
	at com.intellij.rt.execution.application.AppMain.main(AppMain.java:144)
</stack-trace>
            </failure>
            <steps/>
            <attachments/>
            <labels>
                <label name="host" value="DESKTOP-L2VMBA4"/>
                <label name="thread" value="1148@DESKTOP-L2VMBA4.main(1)"/>
            </labels>
        </test-case>
    </test-cases>
    <labels>
        <label name="framework" value="TestNG"/>
        <label name="language" value="JAVA"/>
    </labels>
</ns2:test-suite>
