<?xml version="1.0" encoding="UTF-8" standalone="yes"?>
<ns2:test-suite start="1477919641888" stop="1477919954877" version="1.4.22" xmlns:ns2="urn:model.allure.qatools.yandex.ru">
    <name>Default Suite : test</name>
    <title>Default Suite : test</title>
    <test-cases>
        <test-case start="1477919650506" stop="1477919699605" status="passed">
            <name>beforeTest</name>
            <description>Открытие модуля 'Фтизиатрия'</description>
            <steps/>
            <attachments/>
            <labels>
                <label name="host" value="KZN-062"/>
                <label name="thread" value="9884@KZN-062.main(1)"/>
            </labels>
        </test-case>
        <test-case start="1477919699665" stop="1477919805314" status="passed">
            <name>step1_createCase</name>
            <description>Создание случая</description>
            <steps/>
            <attachments/>
            <labels>
                <label name="host" value="KZN-062"/>
                <label name="thread" value="9884@KZN-062.main(1)"/>
            </labels>
        </test-case>
        <test-case start="1477919805319" stop="1477919846114" status="passed">
            <name>step2_updateCase</name>
            <description>Редактирование случая</description>
            <steps/>
            <attachments/>
            <labels>
                <label name="host" value="KZN-062"/>
                <label name="thread" value="9884@KZN-062.main(1)"/>
            </labels>
        </test-case>
        <test-case start="1477919846119" stop="1477919918348" status="passed">
            <name>step3_createStep</name>
            <description>Создать посещение</description>
            <steps/>
            <attachments/>
            <labels>
                <label name="host" value="KZN-062"/>
                <label name="thread" value="9884@KZN-062.main(1)"/>
            </labels>
        </test-case>
        <test-case start="1477919918352" stop="1477919954875" status="failed">
            <name>step4_updateStep</name>
            <description>Редактирование посещения</description>
            <failure>
                <message>AssertionError: Choosen value in classifier Врач is not equal to Автотест Фтизиатрия Посещение
Expected: is "Автотест Фтизиатрия Посещение"
     but: was "Автотест Фтизиатрия Посещение (Врачебные специальности)"</message>
                <stack-trace>java.lang.AssertionError: Choosen value in classifier Врач is not equal to Автотест Фтизиатрия Посещение
Expected: is "Автотест Фтизиатрия Посещение"
     but: was "Автотест Фтизиатрия Посещение (Врачебные специальности)"
	at org.hamcrest.MatcherAssert.assertThat(MatcherAssert.java:20)
	at net.framework.autotesting.meta.components.Classifier.assertValue_equals(Classifier.java:223)
	at businessFramework.module.phthisiatry.modals.mStep.MStepEditModal.checkFieldsValues(MStepEditModal.java:51)
	at test.businessTests.phthisiatry.PhthisiatryCaseTest.step4_updateStep(PhthisiatryCaseTest.java:162)
	at sun.reflect.NativeMethodAccessorImpl.invoke0(Native Method)
	at sun.reflect.NativeMethodAccessorImpl.invoke(NativeMethodAccessorImpl.java:62)
	at sun.reflect.DelegatingMethodAccessorImpl.invoke(DelegatingMethodAccessorImpl.java:43)
	at java.lang.reflect.Method.invoke(Method.java:498)
	at org.testng.internal.MethodInvocationHelper.invokeMethod(MethodInvocationHelper.java:84)
	at org.testng.internal.Invoker.invokeMethod(Invoker.java:714)
	at org.testng.internal.Invoker.invokeTestMethod(Invoker.java:901)
	at org.testng.internal.Invoker.invokeTestMethods(Invoker.java:1231)
	at org.testng.internal.TestMethodWorker.invokeTestMethods(TestMethodWorker.java:127)
	at org.testng.internal.TestMethodWorker.run(TestMethodWorker.java:111)
	at org.testng.TestRunner.privateRun(TestRunner.java:767)
	at org.testng.TestRunner.run(TestRunner.java:617)
	at org.testng.SuiteRunner.runTest(SuiteRunner.java:348)
	at org.testng.SuiteRunner.runSequentially(SuiteRunner.java:343)
	at org.testng.SuiteRunner.privateRun(SuiteRunner.java:305)
	at org.testng.SuiteRunner.run(SuiteRunner.java:254)
	at org.testng.SuiteRunnerWorker.runSuite(SuiteRunnerWorker.java:52)
	at org.testng.SuiteRunnerWorker.run(SuiteRunnerWorker.java:86)
	at org.testng.TestNG.runSuitesSequentially(TestNG.java:1224)
	at org.testng.TestNG.runSuitesLocally(TestNG.java:1149)
	at org.testng.TestNG.run(TestNG.java:1057)
	at org.testng.IDEARemoteTestNG.run(IDEARemoteTestNG.java:72)
	at org.testng.RemoteTestNGStarter.main(RemoteTestNGStarter.java:124)
	at sun.reflect.NativeMethodAccessorImpl.invoke0(Native Method)
	at sun.reflect.NativeMethodAccessorImpl.invoke(NativeMethodAccessorImpl.java:62)
	at sun.reflect.DelegatingMethodAccessorImpl.invoke(DelegatingMethodAccessorImpl.java:43)
	at java.lang.reflect.Method.invoke(Method.java:498)
	at com.intellij.rt.execution.application.AppMain.main(AppMain.java:147)
</stack-trace>
            </failure>
            <steps/>
            <attachments/>
            <labels>
                <label name="host" value="KZN-062"/>
                <label name="thread" value="9884@KZN-062.main(1)"/>
            </labels>
        </test-case>
    </test-cases>
    <labels>
        <label name="framework" value="TestNG"/>
        <label name="language" value="JAVA"/>
    </labels>
</ns2:test-suite>
