<?xml version="1.0" encoding="UTF-8" standalone="yes"?>
<ns2:test-suite start="1471853819939" stop="1471854032305" version="1.4.22" xmlns:ns2="urn:model.allure.qatools.yandex.ru">
    <name>Default Suite : test</name>
    <title>Default Suite : test</title>
    <test-cases>
        <test-case start="1471853827562" stop="1471853875659" status="passed">
            <name>beforeTest</name>
            <description>Подготовка тестовых данных: удаление коек и движений по отделениям пациента, если такие существуют</description>
            <steps/>
            <attachments/>
            <labels>
                <label name="host" value="KZN-062"/>
                <label name="thread" value="2228@KZN-062.main(1)"/>
            </labels>
        </test-case>
        <test-case start="1471853875718" stop="1471853879828" status="passed">
            <name>step1_openPage</name>
            <description>Открытие страницы Медсестра стационара</description>
            <steps/>
            <attachments/>
            <labels>
                <label name="host" value="KZN-062"/>
                <label name="thread" value="2228@KZN-062.main(1)"/>
            </labels>
        </test-case>
        <test-case start="1471853879833" stop="1471853895806" status="passed">
            <name>step2_assertPatientInNursePage</name>
            <description>Проверка пациента в модуле Медсестра стационара</description>
            <steps/>
            <attachments/>
            <labels>
                <label name="host" value="KZN-062"/>
                <label name="thread" value="2228@KZN-062.main(1)"/>
            </labels>
        </test-case>
        <test-case start="1471853895811" stop="1471853900073" status="passed">
            <name>step3_openAddBedModal</name>
            <description>Добавление койки</description>
            <steps/>
            <attachments/>
            <labels>
                <label name="host" value="KZN-062"/>
                <label name="thread" value="2228@KZN-062.main(1)"/>
            </labels>
        </test-case>
        <test-case start="1471853900077" stop="1471853911355" status="passed">
            <name>step4_assertAddBusyBed</name>
            <description>Добавление занятой койки</description>
            <steps/>
            <attachments/>
            <labels>
                <label name="host" value="KZN-062"/>
                <label name="thread" value="2228@KZN-062.main(1)"/>
            </labels>
        </test-case>
        <test-case start="1471853911359" stop="1471853927399" status="passed">
            <name>step5_addFreeBed</name>
            <description>Добавление свободной койки</description>
            <steps/>
            <attachments/>
            <labels>
                <label name="host" value="KZN-062"/>
                <label name="thread" value="2228@KZN-062.main(1)"/>
            </labels>
        </test-case>
        <test-case start="1471853927405" stop="1471853941651" status="passed">
            <name>step6_editBed</name>
            <description>Редактирование свободной койки</description>
            <steps/>
            <attachments/>
            <labels>
                <label name="host" value="KZN-062"/>
                <label name="thread" value="2228@KZN-062.main(1)"/>
            </labels>
        </test-case>
        <test-case start="1471853941654" stop="1471853955339" status="passed">
            <name>step7_addSecondBed</name>
            <description>Добавление еще одной койки</description>
            <steps/>
            <attachments/>
            <labels>
                <label name="host" value="KZN-062"/>
                <label name="thread" value="2228@KZN-062.main(1)"/>
            </labels>
        </test-case>
        <test-case start="1471853955342" stop="1471853955762" status="passed">
            <name>step8_assertSendToDepartmentInNursePage</name>
            <description>Проверка существования записи движения по отделениям</description>
            <steps/>
            <attachments/>
            <labels>
                <label name="host" value="KZN-062"/>
                <label name="thread" value="2228@KZN-062.main(1)"/>
            </labels>
        </test-case>
        <test-case start="1471853955764" stop="1471854020928" status="passed">
            <name>step9_createSendToDepartmentInNursePage</name>
            <description>Создание новой записи движения по отделениям</description>
            <steps/>
            <attachments/>
            <labels>
                <label name="host" value="KZN-062"/>
                <label name="thread" value="2228@KZN-062.main(1)"/>
            </labels>
        </test-case>
        <test-case start="1471854020933" stop="1471854032301" status="failed">
            <name>step10_editSendToDepartmentInNursePage</name>
            <description>Редактирование записи движения по отделениям</description>
            <failure>
                <message>AssertionError: Modal must present on page
Expected: is &lt;false&gt;
     but: was &lt;true&gt;</message>
                <stack-trace>java.lang.AssertionError: Modal must present on page
Expected: is &lt;false&gt;
     but: was &lt;true&gt;
	at org.hamcrest.MatcherAssert.assertThat(MatcherAssert.java:20)
	at net.framework.autotesting.meta.Page.assertModalPresentOnPage(Page.java:227)
	at businessFramework.module.hospital.pages.nurseDepart.NurseDepartPage.editHospitalRecord(NurseDepartPage.java:129)
	at test.businessTests.hospital.NurseDepartTest.step10_editSendToDepartmentInNursePage(NurseDepartTest.java:178)
	at sun.reflect.NativeMethodAccessorImpl.invoke0(Native Method)
	at sun.reflect.NativeMethodAccessorImpl.invoke(NativeMethodAccessorImpl.java:62)
	at sun.reflect.DelegatingMethodAccessorImpl.invoke(DelegatingMethodAccessorImpl.java:43)
	at java.lang.reflect.Method.invoke(Method.java:498)
	at org.testng.internal.MethodInvocationHelper.invokeMethod(MethodInvocationHelper.java:84)
	at org.testng.internal.Invoker.invokeMethod(Invoker.java:714)
	at org.testng.internal.Invoker.invokeTestMethod(Invoker.java:901)
	at org.testng.internal.Invoker.invokeTestMethods(Invoker.java:1231)
	at org.testng.internal.TestMethodWorker.invokeTestMethods(TestMethodWorker.java:127)
	at org.testng.internal.TestMethodWorker.run(TestMethodWorker.java:111)
	at org.testng.TestRunner.privateRun(TestRunner.java:767)
	at org.testng.TestRunner.run(TestRunner.java:617)
	at org.testng.SuiteRunner.runTest(SuiteRunner.java:348)
	at org.testng.SuiteRunner.runSequentially(SuiteRunner.java:343)
	at org.testng.SuiteRunner.privateRun(SuiteRunner.java:305)
	at org.testng.SuiteRunner.run(SuiteRunner.java:254)
	at org.testng.SuiteRunnerWorker.runSuite(SuiteRunnerWorker.java:52)
	at org.testng.SuiteRunnerWorker.run(SuiteRunnerWorker.java:86)
	at org.testng.TestNG.runSuitesSequentially(TestNG.java:1224)
	at org.testng.TestNG.runSuitesLocally(TestNG.java:1149)
	at org.testng.TestNG.run(TestNG.java:1057)
	at org.testng.IDEARemoteTestNG.run(IDEARemoteTestNG.java:72)
	at org.testng.RemoteTestNGStarter.main(RemoteTestNGStarter.java:124)
	at sun.reflect.NativeMethodAccessorImpl.invoke0(Native Method)
	at sun.reflect.NativeMethodAccessorImpl.invoke(NativeMethodAccessorImpl.java:62)
	at sun.reflect.DelegatingMethodAccessorImpl.invoke(DelegatingMethodAccessorImpl.java:43)
	at java.lang.reflect.Method.invoke(Method.java:498)
	at com.intellij.rt.execution.application.AppMain.main(AppMain.java:147)
</stack-trace>
            </failure>
            <steps/>
            <attachments/>
            <labels>
                <label name="host" value="KZN-062"/>
                <label name="thread" value="2228@KZN-062.main(1)"/>
            </labels>
        </test-case>
    </test-cases>
    <labels>
        <label name="framework" value="TestNG"/>
        <label name="language" value="JAVA"/>
    </labels>
</ns2:test-suite>
