<?xml version="1.0" encoding="UTF-8" standalone="yes"?>
<ns2:test-suite start="1479726718854" stop="1479726774770" version="1.4.22" xmlns:ns2="urn:model.allure.qatools.yandex.ru">
    <name>Default Suite : test</name>
    <title>Default Suite : test</title>
    <test-cases>
        <test-case start="1479726729164" stop="1479726770423" status="passed">
            <name>step1_openModelPatientsModule</name>
            <description>Открытие модуля Освидетельствование для справки в ГИБДД, контейнер Список моделей пациента</description>
            <steps/>
            <attachments/>
            <labels>
                <label name="host" value="KZN-062"/>
                <label name="thread" value="1528@KZN-062.main(1)"/>
            </labels>
        </test-case>
        <test-case start="1479726770473" stop="1479726774763" status="failed">
            <name>step2_addModelPatients</name>
            <description>Добавление базовой Модели пациента</description>
            <failure>
                <message>AssertionError: Error when click on element [[[[[[[[[[FirefoxDriver: firefox on WINDOWS (ba174704-31bd-4e43-8653-68d6326c050a)] -&gt; css selector: .n2o-modal-container]] -&gt; css selector: div[id='n2o:main'][class*='n2o-container']]] -&gt; class name: n2o-form-container]] -&gt; css selector: [data-field-id*='gender']]] -&gt; xpath: //label[contains(string(), 'Мужской')]/input]</message>
                <stack-trace>java.lang.AssertionError: Error when click on element [[[[[[[[[[FirefoxDriver: firefox on WINDOWS (ba174704-31bd-4e43-8653-68d6326c050a)] -&gt; css selector: .n2o-modal-container]] -&gt; css selector: div[id='n2o:main'][class*='n2o-container']]] -&gt; class name: n2o-form-container]] -&gt; css selector: [data-field-id*='gender']]] -&gt; xpath: //label[contains(string(), 'Мужской')]/input]
	at org.testng.Assert.fail(Assert.java:83)
	at net.framework.autotesting.base.BaseHelperWithWebDriver.click(BaseHelperWithWebDriver.java:209)
	at net.framework.autotesting.meta.components.InputCheckBox.check(InputCheckBox.java:118)
	at businessFramework.module.gibddMedicalExamination.modals.patientModel.PatientModelModal.chooseCheckboxesGenderGroup(PatientModelModal.java:52)
	at test.businessTests.gibddMedicalExamination.settingsGibdd.ModelPatientsTest.step2_addModelPatients(ModelPatientsTest.java:78)
	at sun.reflect.NativeMethodAccessorImpl.invoke0(Native Method)
	at sun.reflect.NativeMethodAccessorImpl.invoke(NativeMethodAccessorImpl.java:62)
	at sun.reflect.DelegatingMethodAccessorImpl.invoke(DelegatingMethodAccessorImpl.java:43)
	at java.lang.reflect.Method.invoke(Method.java:498)
	at org.testng.internal.MethodInvocationHelper.invokeMethod(MethodInvocationHelper.java:84)
	at org.testng.internal.Invoker.invokeMethod(Invoker.java:714)
	at org.testng.internal.Invoker.invokeTestMethod(Invoker.java:901)
	at org.testng.internal.Invoker.invokeTestMethods(Invoker.java:1231)
	at org.testng.internal.TestMethodWorker.invokeTestMethods(TestMethodWorker.java:127)
	at org.testng.internal.TestMethodWorker.run(TestMethodWorker.java:111)
	at org.testng.TestRunner.privateRun(TestRunner.java:767)
	at org.testng.TestRunner.run(TestRunner.java:617)
	at org.testng.SuiteRunner.runTest(SuiteRunner.java:348)
	at org.testng.SuiteRunner.runSequentially(SuiteRunner.java:343)
	at org.testng.SuiteRunner.privateRun(SuiteRunner.java:305)
	at org.testng.SuiteRunner.run(SuiteRunner.java:254)
	at org.testng.SuiteRunnerWorker.runSuite(SuiteRunnerWorker.java:52)
	at org.testng.SuiteRunnerWorker.run(SuiteRunnerWorker.java:86)
	at org.testng.TestNG.runSuitesSequentially(TestNG.java:1224)
	at org.testng.TestNG.runSuitesLocally(TestNG.java:1149)
	at org.testng.TestNG.run(TestNG.java:1057)
	at org.testng.IDEARemoteTestNG.run(IDEARemoteTestNG.java:72)
	at org.testng.RemoteTestNGStarter.main(RemoteTestNGStarter.java:124)
	at sun.reflect.NativeMethodAccessorImpl.invoke0(Native Method)
	at sun.reflect.NativeMethodAccessorImpl.invoke(NativeMethodAccessorImpl.java:62)
	at sun.reflect.DelegatingMethodAccessorImpl.invoke(DelegatingMethodAccessorImpl.java:43)
	at java.lang.reflect.Method.invoke(Method.java:498)
	at com.intellij.rt.execution.application.AppMain.main(AppMain.java:147)
Caused by: org.openqa.selenium.ElementNotVisibleException: Element is not currently visible and so may not be interacted with
Command duration or timeout: 40 milliseconds
Build info: version: '2.53.0', revision: '35ae25b1534ae328c771e0856c93e187490ca824', time: '2016-03-15 10:43:46'
System info: host: 'KZN-062', ip: '10.77.104.134', os.name: 'Windows 10', os.arch: 'amd64', os.version: '10.0', java.version: '1.8.0_102'
Driver info: org.openqa.selenium.firefox.FirefoxDriver
Capabilities [{applicationCacheEnabled=true, rotatable=false, handlesAlerts=true, databaseEnabled=true, version=46.0.1, platform=WINDOWS, nativeEvents=false, acceptSslCerts=true, webStorageEnabled=true, locationContextEnabled=true, browserName=firefox, takesScreenshot=true, javascriptEnabled=true, cssSelectorsEnabled=true}]
Session ID: ba174704-31bd-4e43-8653-68d6326c050a
	at sun.reflect.NativeConstructorAccessorImpl.newInstance0(Native Method)
	at sun.reflect.NativeConstructorAccessorImpl.newInstance(NativeConstructorAccessorImpl.java:62)
	at sun.reflect.DelegatingConstructorAccessorImpl.newInstance(DelegatingConstructorAccessorImpl.java:45)
	at java.lang.reflect.Constructor.newInstance(Constructor.java:423)
	at org.openqa.selenium.remote.ErrorHandler.createThrowable(ErrorHandler.java:206)
	at org.openqa.selenium.remote.ErrorHandler.throwIfResponseFailed(ErrorHandler.java:158)
	at org.openqa.selenium.remote.RemoteWebDriver.execute(RemoteWebDriver.java:678)
	at org.openqa.selenium.remote.RemoteWebElement.execute(RemoteWebElement.java:327)
	at org.openqa.selenium.remote.RemoteWebElement.click(RemoteWebElement.java:85)
	at net.framework.autotesting.base.BaseHelperWithWebDriver.click(BaseHelperWithWebDriver.java:204)
	... 31 more
Caused by: org.openqa.selenium.ElementNotVisibleException: Element is not currently visible and so may not be interacted with
Build info: version: '2.53.0', revision: '35ae25b1534ae328c771e0856c93e187490ca824', time: '2016-03-15 10:43:46'
System info: host: 'KZN-062', ip: '10.77.104.134', os.name: 'Windows 10', os.arch: 'amd64', os.version: '10.0', java.version: '1.8.0_102'
Driver info: driver.version: unknown
	at &lt;anonymous class&gt;.fxdriver.preconditions.visible(file:///C:/Users/BULAT~1.GAR/AppData/Local/Temp/anonymous6447298332181263380webdriver-profile/extensions/fxdriver@googlecode.com/components/command-processor.js:10092)
	at &lt;anonymous class&gt;.DelayedCommand.prototype.checkPreconditions_(file:///C:/Users/BULAT~1.GAR/AppData/Local/Temp/anonymous6447298332181263380webdriver-profile/extensions/fxdriver@googlecode.com/components/command-processor.js:12644)
	at &lt;anonymous class&gt;.DelayedCommand.prototype.executeInternal_/h(file:///C:/Users/BULAT~1.GAR/AppData/Local/Temp/anonymous6447298332181263380webdriver-profile/extensions/fxdriver@googlecode.com/components/command-processor.js:12661)
	at &lt;anonymous class&gt;.DelayedCommand.prototype.executeInternal_(file:///C:/Users/BULAT~1.GAR/AppData/Local/Temp/anonymous6447298332181263380webdriver-profile/extensions/fxdriver@googlecode.com/components/command-processor.js:12666)
	at &lt;anonymous class&gt;.DelayedCommand.prototype.execute/&lt;(file:///C:/Users/BULAT~1.GAR/AppData/Local/Temp/anonymous6447298332181263380webdriver-profile/extensions/fxdriver@googlecode.com/components/command-processor.js:12608)
</stack-trace>
            </failure>
            <steps/>
            <attachments/>
            <labels>
                <label name="host" value="KZN-062"/>
                <label name="thread" value="1528@KZN-062.main(1)"/>
            </labels>
        </test-case>
    </test-cases>
    <labels>
        <label name="framework" value="TestNG"/>
        <label name="language" value="JAVA"/>
    </labels>
</ns2:test-suite>
