<?xml version="1.0" encoding="UTF-8" standalone="yes"?>
<ns2:test-suite start="1474876109393" stop="1474876352993" version="1.4.22" xmlns:ns2="urn:model.allure.qatools.yandex.ru">
    <name>Default Suite : test</name>
    <title>Default Suite : test</title>
    <test-cases>
        <test-case start="1474876118132" stop="1474876156735" status="passed">
            <name>openServiceTemplate</name>
            <description>Выбор контекста, Открытие страницы 'Шаблон услуг'</description>
            <steps/>
            <attachments/>
            <labels>
                <label name="host" value="KZN-062"/>
                <label name="thread" value="12364@KZN-062.main(1)"/>
            </labels>
        </test-case>
        <test-case start="1474876156790" stop="1474876189990" status="passed">
            <name>step1_servicesTemplate_create_and_update</name>
            <description>1. Создание и изменение шаблона</description>
            <steps/>
            <attachments/>
            <labels>
                <label name="host" value="KZN-062"/>
                <label name="thread" value="12364@KZN-062.main(1)"/>
            </labels>
        </test-case>
        <test-case start="1474876189995" stop="1474876205511" status="passed">
            <name>step2_createServicesTemplateService</name>
            <description>2. Создание услуги шаблона (краткая форма)</description>
            <steps/>
            <attachments/>
            <labels>
                <label name="host" value="KZN-062"/>
                <label name="thread" value="12364@KZN-062.main(1)"/>
            </labels>
        </test-case>
        <test-case start="1474876205515" stop="1474876219395" status="passed">
            <name>step3_deleteServicesTemplateServiceInShortForm</name>
            <description>3. Удаление услуги шаблона (краткая форма)</description>
            <steps/>
            <attachments/>
            <labels>
                <label name="host" value="KZN-062"/>
                <label name="thread" value="12364@KZN-062.main(1)"/>
            </labels>
        </test-case>
        <test-case start="1474876219402" stop="1474876232373" status="passed">
            <name>step4_checkServiceTemplateValidation</name>
            <description>4. Попытка изменить период шаблона (который не совпадает с периодом услуги). Должна сработать валидация</description>
            <steps/>
            <attachments/>
            <labels>
                <label name="host" value="KZN-062"/>
                <label name="thread" value="12364@KZN-062.main(1)"/>
            </labels>
        </test-case>
        <test-case start="1474876232377" stop="1474876237759" status="passed">
            <name>step5_deleteServicesTemplateService</name>
            <description>5. Удаление услуги шаблона</description>
            <steps/>
            <attachments/>
            <labels>
                <label name="host" value="KZN-062"/>
                <label name="thread" value="12364@KZN-062.main(1)"/>
            </labels>
        </test-case>
        <test-case start="1474876237763" stop="1474876253410" status="passed">
            <name>step6_createServicesTemplateDiagnosis</name>
            <description>6. Создание диагноза под шаблон</description>
            <steps/>
            <attachments/>
            <labels>
                <label name="host" value="KZN-062"/>
                <label name="thread" value="12364@KZN-062.main(1)"/>
            </labels>
        </test-case>
        <test-case start="1474876253413" stop="1474876267699" status="passed">
            <name>step7_deleteServicesTemplateDiagnosisAcrossCheckBox</name>
            <description>7. Удаление диагноза через саму форму (чекбокс)</description>
            <steps/>
            <attachments/>
            <labels>
                <label name="host" value="KZN-062"/>
                <label name="thread" value="12364@KZN-062.main(1)"/>
            </labels>
        </test-case>
        <test-case start="1474876267704" stop="1474876272732" status="passed">
            <name>step8_deleteServicesTemplateDiagnosisAcrossButton</name>
            <description>8. Удаление диагноза через кнопку на списке</description>
            <steps/>
            <attachments/>
            <labels>
                <label name="host" value="KZN-062"/>
                <label name="thread" value="12364@KZN-062.main(1)"/>
            </labels>
        </test-case>
        <test-case start="1474876272736" stop="1474876309375" status="failed">
            <name>step9_servicesTemplateHoldingOperations</name>
            <description>9. Вкладка Препарат: Создание, Проверка, Копирование, Удаление</description>
            <failure>
                <message>AssertionError: Count calculation assertion: not correct value
Expected: is "3.33"
     but: was "3.333"</message>
                <stack-trace>java.lang.AssertionError: Count calculation assertion: not correct value
Expected: is "3.33"
     but: was "3.333"
	at org.hamcrest.MatcherAssert.assertThat(MatcherAssert.java:20)
	at businessFramework.module.hospital.pages.servicesTemplate.ServiceTemplatePrescriptionModal.assertCountCalculatedCorrectly(ServiceTemplatePrescriptionModal.java:143)
	at businessFramework.module.hospital.pages.servicesTemplate.ServiceTemplatePrescriptionModal.fillHoldingFields(ServiceTemplatePrescriptionModal.java:70)
	at businessFramework.module.hospital.pages.servicesTemplate.ServiceTemplatePrescriptionModal.fillForm(ServiceTemplatePrescriptionModal.java:37)
	at businessFramework.module.hospital.pages.servicesTemplate.ServicesTemplatePage.createHolding(ServicesTemplatePage.java:137)
	at test.businessTests.hospital.ServiceTemplateTest.step9_servicesTemplateHoldingOperations(ServiceTemplateTest.java:189)
	at sun.reflect.NativeMethodAccessorImpl.invoke0(Native Method)
	at sun.reflect.NativeMethodAccessorImpl.invoke(NativeMethodAccessorImpl.java:62)
	at sun.reflect.DelegatingMethodAccessorImpl.invoke(DelegatingMethodAccessorImpl.java:43)
	at java.lang.reflect.Method.invoke(Method.java:498)
	at org.testng.internal.MethodInvocationHelper.invokeMethod(MethodInvocationHelper.java:84)
	at org.testng.internal.Invoker.invokeMethod(Invoker.java:714)
	at org.testng.internal.Invoker.invokeTestMethod(Invoker.java:901)
	at org.testng.internal.Invoker.invokeTestMethods(Invoker.java:1231)
	at org.testng.internal.TestMethodWorker.invokeTestMethods(TestMethodWorker.java:127)
	at org.testng.internal.TestMethodWorker.run(TestMethodWorker.java:111)
	at org.testng.TestRunner.privateRun(TestRunner.java:767)
	at org.testng.TestRunner.run(TestRunner.java:617)
	at org.testng.SuiteRunner.runTest(SuiteRunner.java:348)
	at org.testng.SuiteRunner.runSequentially(SuiteRunner.java:343)
	at org.testng.SuiteRunner.privateRun(SuiteRunner.java:305)
	at org.testng.SuiteRunner.run(SuiteRunner.java:254)
	at org.testng.SuiteRunnerWorker.runSuite(SuiteRunnerWorker.java:52)
	at org.testng.SuiteRunnerWorker.run(SuiteRunnerWorker.java:86)
	at org.testng.TestNG.runSuitesSequentially(TestNG.java:1224)
	at org.testng.TestNG.runSuitesLocally(TestNG.java:1149)
	at org.testng.TestNG.run(TestNG.java:1057)
	at org.testng.IDEARemoteTestNG.run(IDEARemoteTestNG.java:72)
	at org.testng.RemoteTestNGStarter.main(RemoteTestNGStarter.java:124)
	at sun.reflect.NativeMethodAccessorImpl.invoke0(Native Method)
	at sun.reflect.NativeMethodAccessorImpl.invoke(NativeMethodAccessorImpl.java:62)
	at sun.reflect.DelegatingMethodAccessorImpl.invoke(DelegatingMethodAccessorImpl.java:43)
	at java.lang.reflect.Method.invoke(Method.java:498)
	at com.intellij.rt.execution.application.AppMain.main(AppMain.java:147)
</stack-trace>
            </failure>
            <steps/>
            <attachments/>
            <labels>
                <label name="host" value="KZN-062"/>
                <label name="thread" value="12364@KZN-062.main(1)"/>
            </labels>
        </test-case>
        <test-case start="1474876309378" stop="1474876309380" status="canceled">
            <name>step10_createPrescriptionByTemplate</name>
            <description>10. Лек.назначение по шаблону</description>
            <failure>
                <message>: Skipped due to dependency on other skipped or failed test methods</message>
                <stack-trace>ru.yandex.qatools.allure.testng.AllureTestListener$1: Skipped due to dependency on other skipped or failed test methods
	at ru.yandex.qatools.allure.testng.AllureTestListener.fireTestCaseCancel(AllureTestListener.java:356)
	at ru.yandex.qatools.allure.testng.AllureTestListener.onTestSkipped(AllureTestListener.java:171)
	at org.testng.internal.Invoker.runTestListeners(Invoker.java:1887)
	at org.testng.internal.Invoker.runTestListeners(Invoker.java:1879)
	at org.testng.internal.Invoker.invokeTestMethods(Invoker.java:1157)
	at org.testng.internal.TestMethodWorker.invokeTestMethods(TestMethodWorker.java:127)
	at org.testng.internal.TestMethodWorker.run(TestMethodWorker.java:111)
	at org.testng.TestRunner.privateRun(TestRunner.java:767)
	at org.testng.TestRunner.run(TestRunner.java:617)
	at org.testng.SuiteRunner.runTest(SuiteRunner.java:348)
	at org.testng.SuiteRunner.runSequentially(SuiteRunner.java:343)
	at org.testng.SuiteRunner.privateRun(SuiteRunner.java:305)
	at org.testng.SuiteRunner.run(SuiteRunner.java:254)
	at org.testng.SuiteRunnerWorker.runSuite(SuiteRunnerWorker.java:52)
	at org.testng.SuiteRunnerWorker.run(SuiteRunnerWorker.java:86)
	at org.testng.TestNG.runSuitesSequentially(TestNG.java:1224)
	at org.testng.TestNG.runSuitesLocally(TestNG.java:1149)
	at org.testng.TestNG.run(TestNG.java:1057)
	at org.testng.IDEARemoteTestNG.run(IDEARemoteTestNG.java:72)
	at org.testng.RemoteTestNGStarter.main(RemoteTestNGStarter.java:124)
	at sun.reflect.NativeMethodAccessorImpl.invoke0(Native Method)
	at sun.reflect.NativeMethodAccessorImpl.invoke(NativeMethodAccessorImpl.java:62)
	at sun.reflect.DelegatingMethodAccessorImpl.invoke(DelegatingMethodAccessorImpl.java:43)
	at java.lang.reflect.Method.invoke(Method.java:498)
	at com.intellij.rt.execution.application.AppMain.main(AppMain.java:147)
</stack-trace>
            </failure>
            <steps/>
            <attachments/>
            <labels>
                <label name="host" value="KZN-062"/>
                <label name="thread" value="12364@KZN-062.main(1)"/>
            </labels>
        </test-case>
        <test-case start="1474876309383" stop="0" status="passed">
            <name>step11_deleteServicesTemplate</name>
            <description>11. Удаление шаблона</description>
            <labels>
                <label name="host" value="KZN-062"/>
                <label name="thread" value="12364@KZN-062.main(1)"/>
            </labels>
        </test-case>
    </test-cases>
    <labels>
        <label name="framework" value="TestNG"/>
        <label name="language" value="JAVA"/>
    </labels>
</ns2:test-suite>
