<?xml version="1.0" encoding="UTF-8" standalone="yes"?>
<ns2:test-suite start="1467276762310" stop="1467276810349" version="1.4.22" xmlns:ns2="urn:model.allure.qatools.yandex.ru">
    <name>Default Suite : test</name>
    <title>Default Suite : test</title>
    <test-cases>
        <test-case start="1467276810334" stop="1467276810337" status="broken">
            <name>beforeClass</name>
            <description>@BeforeClass</description>
            <failure>
                <message>RuntimeException: org.openqa.selenium.WebDriverException: Failed to connect to binary FirefoxBinary(C:\Program Files (x86)\Mozilla Firefox\firefox.exe) on port 7055; process output follows: 
276613045,"updateDate":1467276613045,"applyBackgroundUpdates":1,"skinnable":true,"size":22012,"sourceURI":null,"releaseNotesURI":null,"softDisabled":false,"foreignInstall":false,"hasBinaryComponents":false,"strictCompatibility":true,"locales":[],"targetApplications":[{"id":"{ec8030f7-c20a-464f-9b0e-13a3a9e97384}","minVersion":"47.0.1","maxVersion":"47.0.1"}],"targetPlatforms":[],"seen":true}
1467276765002	addons.xpi	DEBUG	getModTime: Recursive scan of {972ce4c6-7e08-4474-a285-3208198ce6fd}
1467276765003	DeferredSave.extensions.json	DEBUG	Save changes
1467276765003	addons.xpi	DEBUG	Updating database with changes to installed add-ons
1467276765003	addons.xpi-utils	DEBUG	Updating add-on states
1467276765004	addons.xpi-utils	DEBUG	Writing add-ons list
1467276765009	addons.xpi	DEBUG	Registering manifest for C:\Users\skygb\AppData\Local\Temp\anonymous7895798476737917463webdriver-profile\extensions\jid1-ZMzd08W1esPsIw@jetpack
1467276765009	addons.xpi	DEBUG	Calling bootstrap method startup on jid1-ZMzd08W1esPsIw@jetpack version 0.1
JavaScript warning: resource://gre/modules/commonjs/toolkit/loader.js -&gt; resource://gre/modules/commonjs/sdk/system/environment.js, line 15: Proxy.create and Proxy.createFunction are deprecated, use new Proxy instead
1467276765109	addons.xpi	DEBUG	Registering manifest for C:\Program Files (x86)\Mozilla Firefox\browser\features\e10srollout@mozilla.org.xpi
1467276765109	addons.xpi	DEBUG	Calling bootstrap method startup on e10srollout@mozilla.org version 1.0
1467276765110	addons.xpi	DEBUG	Registering manifest for C:\Program Files (x86)\Mozilla Firefox\browser\features\firefox@getpocket.com.xpi
1467276765110	addons.xpi	DEBUG	Calling bootstrap method startup on firefox@getpocket.com version 1.0.2
1467276765111	addons.xpi	DEBUG	Registering manifest for C:\Program Files (x86)\Mozilla Firefox\browser\features\loop@mozilla.org.xpi
1467276765111	addons.xpi	DEBUG	Calling bootstrap method startup on loop@mozilla.org version 1.3.2
1467276765126	addons.manager	DEBUG	Registering shutdown blocker for XPIProvider
1467276765126	addons.manager	DEBUG	Provider finished startup: XPIProvider
1467276765126	addons.manager	DEBUG	Starting provider: LightweightThemeManager
1467276765126	addons.manager	DEBUG	Registering shutdown blocker for LightweightThemeManager
1467276765126	addons.manager	DEBUG	Provider finished startup: LightweightThemeManager
1467276765127	addons.manager	DEBUG	Starting provider: GMPProvider
1467276765131	addons.manager	DEBUG	Registering shutdown blocker for GMPProvider
1467276765132	addons.manager	DEBUG	Provider finished startup: GMPProvider
1467276765132	addons.manager	DEBUG	Starting provider: PluginProvider
1467276765132	addons.manager	DEBUG	Registering shutdown blocker for PluginProvider
1467276765132	addons.manager	DEBUG	Provider finished startup: PluginProvider
1467276765132	addons.manager	DEBUG	Completed startup sequence
1467276765530	addons.manager	DEBUG	Starting provider: &lt;unnamed-provider&gt;
1467276765530	addons.manager	DEBUG	Registering shutdown blocker for &lt;unnamed-provider&gt;
1467276765530	addons.manager	DEBUG	Provider finished startup: &lt;unnamed-provider&gt;
1467276765816	DeferredSave.extensions.json	DEBUG	Write succeeded
1467276765816	addons.xpi-utils	DEBUG	XPI Database saved, setting schema version preference to 17
1467276765816	DeferredSave.extensions.json	DEBUG	Starting timer
1467276765848	DeferredSave.extensions.json	DEBUG	Starting write
1467276765865	addons.repository	DEBUG	No addons.json found.
1467276765866	DeferredSave.addons.json	DEBUG	Save changes
1467276765870	DeferredSave.addons.json	DEBUG	Starting timer
1467276765892	addons.manager	DEBUG	Starting provider: PreviousExperimentProvider
1467276765892	addons.manager	DEBUG	Registering shutdown blocker for PreviousExperimentProvider
1467276765893	addons.manager	DEBUG	Provider finished startup: PreviousExperimentProvider
1467276765909	DeferredSave.extensions.json	DEBUG	Write succeeded
1467276765931	DeferredSave.addons.json	DEBUG	Starting write
1467276765962	DeferredSave.addons.json	DEBUG	Write succeeded

Build info: version: '2.51.0', revision: '1af067dbcaedd7d2ab9af5151fc471d363d97193', time: '2016-02-05 11:20:57'
System info: host: 'DESKTOP-L2VMBA4', ip: '10.77.104.134', os.name: 'Windows 10', os.arch: 'x86', os.version: '10.0', java.version: '1.8.0_66'
Driver info: driver.version: FirefoxDriver</message>
                <stack-trace>java.lang.RuntimeException: org.openqa.selenium.WebDriverException: Failed to connect to binary FirefoxBinary(C:\Program Files (x86)\Mozilla Firefox\firefox.exe) on port 7055; process output follows: 
276613045,"updateDate":1467276613045,"applyBackgroundUpdates":1,"skinnable":true,"size":22012,"sourceURI":null,"releaseNotesURI":null,"softDisabled":false,"foreignInstall":false,"hasBinaryComponents":false,"strictCompatibility":true,"locales":[],"targetApplications":[{"id":"{ec8030f7-c20a-464f-9b0e-13a3a9e97384}","minVersion":"47.0.1","maxVersion":"47.0.1"}],"targetPlatforms":[],"seen":true}
1467276765002	addons.xpi	DEBUG	getModTime: Recursive scan of {972ce4c6-7e08-4474-a285-3208198ce6fd}
1467276765003	DeferredSave.extensions.json	DEBUG	Save changes
1467276765003	addons.xpi	DEBUG	Updating database with changes to installed add-ons
1467276765003	addons.xpi-utils	DEBUG	Updating add-on states
1467276765004	addons.xpi-utils	DEBUG	Writing add-ons list
1467276765009	addons.xpi	DEBUG	Registering manifest for C:\Users\skygb\AppData\Local\Temp\anonymous7895798476737917463webdriver-profile\extensions\jid1-ZMzd08W1esPsIw@jetpack
1467276765009	addons.xpi	DEBUG	Calling bootstrap method startup on jid1-ZMzd08W1esPsIw@jetpack version 0.1
JavaScript warning: resource://gre/modules/commonjs/toolkit/loader.js -&gt; resource://gre/modules/commonjs/sdk/system/environment.js, line 15: Proxy.create and Proxy.createFunction are deprecated, use new Proxy instead
1467276765109	addons.xpi	DEBUG	Registering manifest for C:\Program Files (x86)\Mozilla Firefox\browser\features\e10srollout@mozilla.org.xpi
1467276765109	addons.xpi	DEBUG	Calling bootstrap method startup on e10srollout@mozilla.org version 1.0
1467276765110	addons.xpi	DEBUG	Registering manifest for C:\Program Files (x86)\Mozilla Firefox\browser\features\firefox@getpocket.com.xpi
1467276765110	addons.xpi	DEBUG	Calling bootstrap method startup on firefox@getpocket.com version 1.0.2
1467276765111	addons.xpi	DEBUG	Registering manifest for C:\Program Files (x86)\Mozilla Firefox\browser\features\loop@mozilla.org.xpi
1467276765111	addons.xpi	DEBUG	Calling bootstrap method startup on loop@mozilla.org version 1.3.2
1467276765126	addons.manager	DEBUG	Registering shutdown blocker for XPIProvider
1467276765126	addons.manager	DEBUG	Provider finished startup: XPIProvider
1467276765126	addons.manager	DEBUG	Starting provider: LightweightThemeManager
1467276765126	addons.manager	DEBUG	Registering shutdown blocker for LightweightThemeManager
1467276765126	addons.manager	DEBUG	Provider finished startup: LightweightThemeManager
1467276765127	addons.manager	DEBUG	Starting provider: GMPProvider
1467276765131	addons.manager	DEBUG	Registering shutdown blocker for GMPProvider
1467276765132	addons.manager	DEBUG	Provider finished startup: GMPProvider
1467276765132	addons.manager	DEBUG	Starting provider: PluginProvider
1467276765132	addons.manager	DEBUG	Registering shutdown blocker for PluginProvider
1467276765132	addons.manager	DEBUG	Provider finished startup: PluginProvider
1467276765132	addons.manager	DEBUG	Completed startup sequence
1467276765530	addons.manager	DEBUG	Starting provider: &lt;unnamed-provider&gt;
1467276765530	addons.manager	DEBUG	Registering shutdown blocker for &lt;unnamed-provider&gt;
1467276765530	addons.manager	DEBUG	Provider finished startup: &lt;unnamed-provider&gt;
1467276765816	DeferredSave.extensions.json	DEBUG	Write succeeded
1467276765816	addons.xpi-utils	DEBUG	XPI Database saved, setting schema version preference to 17
1467276765816	DeferredSave.extensions.json	DEBUG	Starting timer
1467276765848	DeferredSave.extensions.json	DEBUG	Starting write
1467276765865	addons.repository	DEBUG	No addons.json found.
1467276765866	DeferredSave.addons.json	DEBUG	Save changes
1467276765870	DeferredSave.addons.json	DEBUG	Starting timer
1467276765892	addons.manager	DEBUG	Starting provider: PreviousExperimentProvider
1467276765892	addons.manager	DEBUG	Registering shutdown blocker for PreviousExperimentProvider
1467276765893	addons.manager	DEBUG	Provider finished startup: PreviousExperimentProvider
1467276765909	DeferredSave.extensions.json	DEBUG	Write succeeded
1467276765931	DeferredSave.addons.json	DEBUG	Starting write
1467276765962	DeferredSave.addons.json	DEBUG	Write succeeded

Build info: version: '2.51.0', revision: '1af067dbcaedd7d2ab9af5151fc471d363d97193', time: '2016-02-05 11:20:57'
System info: host: 'DESKTOP-L2VMBA4', ip: '10.77.104.134', os.name: 'Windows 10', os.arch: 'x86', os.version: '10.0', java.version: '1.8.0_66'
Driver info: driver.version: FirefoxDriver
	at net.framework.autotesting.base.WebDriverHelper.&lt;init&gt;(WebDriverHelper.java:95)
	at net.framework.autotesting.ApplicationManager.getWebDriverHelper(ApplicationManager.java:153)
	at net.framework.autotesting.test.TestBase.beforeClass(TestBase.java:93)
	at sun.reflect.NativeMethodAccessorImpl.invoke0(Native Method)
	at sun.reflect.NativeMethodAccessorImpl.invoke(NativeMethodAccessorImpl.java:62)
	at sun.reflect.DelegatingMethodAccessorImpl.invoke(DelegatingMethodAccessorImpl.java:43)
	at java.lang.reflect.Method.invoke(Method.java:497)
	at org.testng.internal.MethodInvocationHelper.invokeMethod(MethodInvocationHelper.java:84)
	at org.testng.internal.Invoker.invokeConfigurationMethod(Invoker.java:564)
	at org.testng.internal.Invoker.invokeConfigurations(Invoker.java:213)
	at org.testng.internal.Invoker.invokeConfigurations(Invoker.java:138)
	at org.testng.internal.TestMethodWorker.invokeBeforeClassMethods(TestMethodWorker.java:175)
	at org.testng.internal.TestMethodWorker.run(TestMethodWorker.java:107)
	at org.testng.TestRunner.privateRun(TestRunner.java:767)
	at org.testng.TestRunner.run(TestRunner.java:617)
	at org.testng.SuiteRunner.runTest(SuiteRunner.java:348)
	at org.testng.SuiteRunner.runSequentially(SuiteRunner.java:343)
	at org.testng.SuiteRunner.privateRun(SuiteRunner.java:305)
	at org.testng.SuiteRunner.run(SuiteRunner.java:254)
	at org.testng.SuiteRunnerWorker.runSuite(SuiteRunnerWorker.java:52)
	at org.testng.SuiteRunnerWorker.run(SuiteRunnerWorker.java:86)
	at org.testng.TestNG.runSuitesSequentially(TestNG.java:1224)
	at org.testng.TestNG.runSuitesLocally(TestNG.java:1149)
	at org.testng.TestNG.run(TestNG.java:1057)
	at org.testng.IDEARemoteTestNG.run(IDEARemoteTestNG.java:72)
	at org.testng.RemoteTestNGStarter.main(RemoteTestNGStarter.java:122)
	at sun.reflect.NativeMethodAccessorImpl.invoke0(Native Method)
	at sun.reflect.NativeMethodAccessorImpl.invoke(NativeMethodAccessorImpl.java:62)
	at sun.reflect.DelegatingMethodAccessorImpl.invoke(DelegatingMethodAccessorImpl.java:43)
	at java.lang.reflect.Method.invoke(Method.java:497)
	at com.intellij.rt.execution.application.AppMain.main(AppMain.java:144)
Caused by: org.openqa.selenium.WebDriverException: Failed to connect to binary FirefoxBinary(C:\Program Files (x86)\Mozilla Firefox\firefox.exe) on port 7055; process output follows: 
276613045,"updateDate":1467276613045,"applyBackgroundUpdates":1,"skinnable":true,"size":22012,"sourceURI":null,"releaseNotesURI":null,"softDisabled":false,"foreignInstall":false,"hasBinaryComponents":false,"strictCompatibility":true,"locales":[],"targetApplications":[{"id":"{ec8030f7-c20a-464f-9b0e-13a3a9e97384}","minVersion":"47.0.1","maxVersion":"47.0.1"}],"targetPlatforms":[],"seen":true}
1467276765002	addons.xpi	DEBUG	getModTime: Recursive scan of {972ce4c6-7e08-4474-a285-3208198ce6fd}
1467276765003	DeferredSave.extensions.json	DEBUG	Save changes
1467276765003	addons.xpi	DEBUG	Updating database with changes to installed add-ons
1467276765003	addons.xpi-utils	DEBUG	Updating add-on states
1467276765004	addons.xpi-utils	DEBUG	Writing add-ons list
1467276765009	addons.xpi	DEBUG	Registering manifest for C:\Users\skygb\AppData\Local\Temp\anonymous7895798476737917463webdriver-profile\extensions\jid1-ZMzd08W1esPsIw@jetpack
1467276765009	addons.xpi	DEBUG	Calling bootstrap method startup on jid1-ZMzd08W1esPsIw@jetpack version 0.1
JavaScript warning: resource://gre/modules/commonjs/toolkit/loader.js -&gt; resource://gre/modules/commonjs/sdk/system/environment.js, line 15: Proxy.create and Proxy.createFunction are deprecated, use new Proxy instead
1467276765109	addons.xpi	DEBUG	Registering manifest for C:\Program Files (x86)\Mozilla Firefox\browser\features\e10srollout@mozilla.org.xpi
1467276765109	addons.xpi	DEBUG	Calling bootstrap method startup on e10srollout@mozilla.org version 1.0
1467276765110	addons.xpi	DEBUG	Registering manifest for C:\Program Files (x86)\Mozilla Firefox\browser\features\firefox@getpocket.com.xpi
1467276765110	addons.xpi	DEBUG	Calling bootstrap method startup on firefox@getpocket.com version 1.0.2
1467276765111	addons.xpi	DEBUG	Registering manifest for C:\Program Files (x86)\Mozilla Firefox\browser\features\loop@mozilla.org.xpi
1467276765111	addons.xpi	DEBUG	Calling bootstrap method startup on loop@mozilla.org version 1.3.2
1467276765126	addons.manager	DEBUG	Registering shutdown blocker for XPIProvider
1467276765126	addons.manager	DEBUG	Provider finished startup: XPIProvider
1467276765126	addons.manager	DEBUG	Starting provider: LightweightThemeManager
1467276765126	addons.manager	DEBUG	Registering shutdown blocker for LightweightThemeManager
1467276765126	addons.manager	DEBUG	Provider finished startup: LightweightThemeManager
1467276765127	addons.manager	DEBUG	Starting provider: GMPProvider
1467276765131	addons.manager	DEBUG	Registering shutdown blocker for GMPProvider
1467276765132	addons.manager	DEBUG	Provider finished startup: GMPProvider
1467276765132	addons.manager	DEBUG	Starting provider: PluginProvider
1467276765132	addons.manager	DEBUG	Registering shutdown blocker for PluginProvider
1467276765132	addons.manager	DEBUG	Provider finished startup: PluginProvider
1467276765132	addons.manager	DEBUG	Completed startup sequence
1467276765530	addons.manager	DEBUG	Starting provider: &lt;unnamed-provider&gt;
1467276765530	addons.manager	DEBUG	Registering shutdown blocker for &lt;unnamed-provider&gt;
1467276765530	addons.manager	DEBUG	Provider finished startup: &lt;unnamed-provider&gt;
1467276765816	DeferredSave.extensions.json	DEBUG	Write succeeded
1467276765816	addons.xpi-utils	DEBUG	XPI Database saved, setting schema version preference to 17
1467276765816	DeferredSave.extensions.json	DEBUG	Starting timer
1467276765848	DeferredSave.extensions.json	DEBUG	Starting write
1467276765865	addons.repository	DEBUG	No addons.json found.
1467276765866	DeferredSave.addons.json	DEBUG	Save changes
1467276765870	DeferredSave.addons.json	DEBUG	Starting timer
1467276765892	addons.manager	DEBUG	Starting provider: PreviousExperimentProvider
1467276765892	addons.manager	DEBUG	Registering shutdown blocker for PreviousExperimentProvider
1467276765893	addons.manager	DEBUG	Provider finished startup: PreviousExperimentProvider
1467276765909	DeferredSave.extensions.json	DEBUG	Write succeeded
1467276765931	DeferredSave.addons.json	DEBUG	Starting write
1467276765962	DeferredSave.addons.json	DEBUG	Write succeeded

Build info: version: '2.51.0', revision: '1af067dbcaedd7d2ab9af5151fc471d363d97193', time: '2016-02-05 11:20:57'
System info: host: 'DESKTOP-L2VMBA4', ip: '10.77.104.134', os.name: 'Windows 10', os.arch: 'x86', os.version: '10.0', java.version: '1.8.0_66'
Driver info: driver.version: FirefoxDriver
	at org.openqa.selenium.firefox.internal.NewProfileExtensionConnection.start(NewProfileExtensionConnection.java:125)
	at org.openqa.selenium.firefox.FirefoxDriver.startClient(FirefoxDriver.java:271)
	at org.openqa.selenium.remote.RemoteWebDriver.&lt;init&gt;(RemoteWebDriver.java:119)
	at org.openqa.selenium.firefox.FirefoxDriver.&lt;init&gt;(FirefoxDriver.java:216)
	at org.openqa.selenium.firefox.FirefoxDriver.&lt;init&gt;(FirefoxDriver.java:211)
	at org.openqa.selenium.firefox.FirefoxDriver.&lt;init&gt;(FirefoxDriver.java:207)
	at org.openqa.selenium.firefox.FirefoxDriver.&lt;init&gt;(FirefoxDriver.java:124)
	at net.framework.autotesting.base.WebDriverHelper.getFirefoxDriver(WebDriverHelper.java:122)
	at net.framework.autotesting.base.WebDriverHelper.&lt;init&gt;(WebDriverHelper.java:68)
	... 30 more
Caused by: org.openqa.selenium.firefox.NotConnectedException: Unable to connect to host 127.0.0.1 on port 7055 after 45000 ms. Firefox console output:
276613045,"updateDate":1467276613045,"applyBackgroundUpdates":1,"skinnable":true,"size":22012,"sourceURI":null,"releaseNotesURI":null,"softDisabled":false,"foreignInstall":false,"hasBinaryComponents":false,"strictCompatibility":true,"locales":[],"targetApplications":[{"id":"{ec8030f7-c20a-464f-9b0e-13a3a9e97384}","minVersion":"47.0.1","maxVersion":"47.0.1"}],"targetPlatforms":[],"seen":true}
1467276765002	addons.xpi	DEBUG	getModTime: Recursive scan of {972ce4c6-7e08-4474-a285-3208198ce6fd}
1467276765003	DeferredSave.extensions.json	DEBUG	Save changes
1467276765003	addons.xpi	DEBUG	Updating database with changes to installed add-ons
1467276765003	addons.xpi-utils	DEBUG	Updating add-on states
1467276765004	addons.xpi-utils	DEBUG	Writing add-ons list
1467276765009	addons.xpi	DEBUG	Registering manifest for C:\Users\skygb\AppData\Local\Temp\anonymous7895798476737917463webdriver-profile\extensions\jid1-ZMzd08W1esPsIw@jetpack
1467276765009	addons.xpi	DEBUG	Calling bootstrap method startup on jid1-ZMzd08W1esPsIw@jetpack version 0.1
JavaScript warning: resource://gre/modules/commonjs/toolkit/loader.js -&gt; resource://gre/modules/commonjs/sdk/system/environment.js, line 15: Proxy.create and Proxy.createFunction are deprecated, use new Proxy instead
1467276765109	addons.xpi	DEBUG	Registering manifest for C:\Program Files (x86)\Mozilla Firefox\browser\features\e10srollout@mozilla.org.xpi
1467276765109	addons.xpi	DEBUG	Calling bootstrap method startup on e10srollout@mozilla.org version 1.0
1467276765110	addons.xpi	DEBUG	Registering manifest for C:\Program Files (x86)\Mozilla Firefox\browser\features\firefox@getpocket.com.xpi
1467276765110	addons.xpi	DEBUG	Calling bootstrap method startup on firefox@getpocket.com version 1.0.2
1467276765111	addons.xpi	DEBUG	Registering manifest for C:\Program Files (x86)\Mozilla Firefox\browser\features\loop@mozilla.org.xpi
1467276765111	addons.xpi	DEBUG	Calling bootstrap method startup on loop@mozilla.org version 1.3.2
1467276765126	addons.manager	DEBUG	Registering shutdown blocker for XPIProvider
1467276765126	addons.manager	DEBUG	Provider finished startup: XPIProvider
1467276765126	addons.manager	DEBUG	Starting provider: LightweightThemeManager
1467276765126	addons.manager	DEBUG	Registering shutdown blocker for LightweightThemeManager
1467276765126	addons.manager	DEBUG	Provider finished startup: LightweightThemeManager
1467276765127	addons.manager	DEBUG	Starting provider: GMPProvider
1467276765131	addons.manager	DEBUG	Registering shutdown blocker for GMPProvider
1467276765132	addons.manager	DEBUG	Provider finished startup: GMPProvider
1467276765132	addons.manager	DEBUG	Starting provider: PluginProvider
1467276765132	addons.manager	DEBUG	Registering shutdown blocker for PluginProvider
1467276765132	addons.manager	DEBUG	Provider finished startup: PluginProvider
1467276765132	addons.manager	DEBUG	Completed startup sequence
1467276765530	addons.manager	DEBUG	Starting provider: &lt;unnamed-provider&gt;
1467276765530	addons.manager	DEBUG	Registering shutdown blocker for &lt;unnamed-provider&gt;
1467276765530	addons.manager	DEBUG	Provider finished startup: &lt;unnamed-provider&gt;
1467276765816	DeferredSave.extensions.json	DEBUG	Write succeeded
1467276765816	addons.xpi-utils	DEBUG	XPI Database saved, setting schema version preference to 17
1467276765816	DeferredSave.extensions.json	DEBUG	Starting timer
1467276765848	DeferredSave.extensions.json	DEBUG	Starting write
1467276765865	addons.repository	DEBUG	No addons.json found.
1467276765866	DeferredSave.addons.json	DEBUG	Save changes
1467276765870	DeferredSave.addons.json	DEBUG	Starting timer
1467276765892	addons.manager	DEBUG	Starting provider: PreviousExperimentProvider
1467276765892	addons.manager	DEBUG	Registering shutdown blocker for PreviousExperimentProvider
1467276765893	addons.manager	DEBUG	Provider finished startup: PreviousExperimentProvider
1467276765909	DeferredSave.extensions.json	DEBUG	Write succeeded
1467276765931	DeferredSave.addons.json	DEBUG	Starting write
1467276765962	DeferredSave.addons.json	DEBUG	Write succeeded

	at org.openqa.selenium.firefox.internal.NewProfileExtensionConnection.start(NewProfileExtensionConnection.java:113)
	... 38 more
</stack-trace>
            </failure>
            <steps/>
            <attachments/>
            <labels>
                <label name="host" value="DESKTOP-L2VMBA4"/>
                <label name="thread" value="14876@DESKTOP-L2VMBA4.main(1)"/>
            </labels>
        </test-case>
        <test-case start="1467276810338" stop="1467276810339" status="canceled">
            <name>initialize</name>
            <description>@BeforeClass</description>
            <failure>
                <message>: Skipped due to dependency on other skipped or failed test methods</message>
                <stack-trace>ru.yandex.qatools.allure.testng.AllureTestListener$1: Skipped due to dependency on other skipped or failed test methods
	at ru.yandex.qatools.allure.testng.AllureTestListener.fireTestCaseCancel(AllureTestListener.java:356)
	at ru.yandex.qatools.allure.testng.AllureTestListener.onConfigurationSkip(AllureTestListener.java:116)
	at org.testng.internal.Invoker.runConfigurationListeners(Invoker.java:1865)
	at org.testng.internal.Invoker.handleConfigurationSkip(Invoker.java:261)
	at org.testng.internal.Invoker.invokeConfigurations(Invoker.java:193)
	at org.testng.internal.Invoker.invokeConfigurations(Invoker.java:138)
	at org.testng.internal.TestMethodWorker.invokeBeforeClassMethods(TestMethodWorker.java:175)
	at org.testng.internal.TestMethodWorker.run(TestMethodWorker.java:107)
	at org.testng.TestRunner.privateRun(TestRunner.java:767)
	at org.testng.TestRunner.run(TestRunner.java:617)
	at org.testng.SuiteRunner.runTest(SuiteRunner.java:348)
	at org.testng.SuiteRunner.runSequentially(SuiteRunner.java:343)
	at org.testng.SuiteRunner.privateRun(SuiteRunner.java:305)
	at org.testng.SuiteRunner.run(SuiteRunner.java:254)
	at org.testng.SuiteRunnerWorker.runSuite(SuiteRunnerWorker.java:52)
	at org.testng.SuiteRunnerWorker.run(SuiteRunnerWorker.java:86)
	at org.testng.TestNG.runSuitesSequentially(TestNG.java:1224)
	at org.testng.TestNG.runSuitesLocally(TestNG.java:1149)
	at org.testng.TestNG.run(TestNG.java:1057)
	at org.testng.IDEARemoteTestNG.run(IDEARemoteTestNG.java:72)
	at org.testng.RemoteTestNGStarter.main(RemoteTestNGStarter.java:122)
	at sun.reflect.NativeMethodAccessorImpl.invoke0(Native Method)
	at sun.reflect.NativeMethodAccessorImpl.invoke(NativeMethodAccessorImpl.java:62)
	at sun.reflect.DelegatingMethodAccessorImpl.invoke(DelegatingMethodAccessorImpl.java:43)
	at java.lang.reflect.Method.invoke(Method.java:497)
	at com.intellij.rt.execution.application.AppMain.main(AppMain.java:144)
</stack-trace>
            </failure>
            <steps/>
            <attachments/>
            <labels>
                <label name="host" value="DESKTOP-L2VMBA4"/>
                <label name="thread" value="14876@DESKTOP-L2VMBA4.main(1)"/>
            </labels>
        </test-case>
        <test-case start="1467276810341" stop="1467276810341" status="canceled">
            <name>beforeEach</name>
            <description>@BeforeMethod</description>
            <failure>
                <message>: Skipped due to dependency on other skipped or failed test methods</message>
                <stack-trace>ru.yandex.qatools.allure.testng.AllureTestListener$1: Skipped due to dependency on other skipped or failed test methods
	at ru.yandex.qatools.allure.testng.AllureTestListener.fireTestCaseCancel(AllureTestListener.java:356)
	at ru.yandex.qatools.allure.testng.AllureTestListener.onConfigurationSkip(AllureTestListener.java:116)
	at org.testng.internal.Invoker.runConfigurationListeners(Invoker.java:1865)
	at org.testng.internal.Invoker.handleConfigurationSkip(Invoker.java:261)
	at org.testng.internal.Invoker.invokeConfigurations(Invoker.java:193)
	at org.testng.internal.Invoker.invokeMethod(Invoker.java:653)
	at org.testng.internal.Invoker.invokeTestMethod(Invoker.java:901)
	at org.testng.internal.Invoker.invokeTestMethods(Invoker.java:1231)
	at org.testng.internal.TestMethodWorker.invokeTestMethods(TestMethodWorker.java:127)
	at org.testng.internal.TestMethodWorker.run(TestMethodWorker.java:111)
	at org.testng.TestRunner.privateRun(TestRunner.java:767)
	at org.testng.TestRunner.run(TestRunner.java:617)
	at org.testng.SuiteRunner.runTest(SuiteRunner.java:348)
	at org.testng.SuiteRunner.runSequentially(SuiteRunner.java:343)
	at org.testng.SuiteRunner.privateRun(SuiteRunner.java:305)
	at org.testng.SuiteRunner.run(SuiteRunner.java:254)
	at org.testng.SuiteRunnerWorker.runSuite(SuiteRunnerWorker.java:52)
	at org.testng.SuiteRunnerWorker.run(SuiteRunnerWorker.java:86)
	at org.testng.TestNG.runSuitesSequentially(TestNG.java:1224)
	at org.testng.TestNG.runSuitesLocally(TestNG.java:1149)
	at org.testng.TestNG.run(TestNG.java:1057)
	at org.testng.IDEARemoteTestNG.run(IDEARemoteTestNG.java:72)
	at org.testng.RemoteTestNGStarter.main(RemoteTestNGStarter.java:122)
	at sun.reflect.NativeMethodAccessorImpl.invoke0(Native Method)
	at sun.reflect.NativeMethodAccessorImpl.invoke(NativeMethodAccessorImpl.java:62)
	at sun.reflect.DelegatingMethodAccessorImpl.invoke(DelegatingMethodAccessorImpl.java:43)
	at java.lang.reflect.Method.invoke(Method.java:497)
	at com.intellij.rt.execution.application.AppMain.main(AppMain.java:144)
</stack-trace>
            </failure>
            <steps/>
            <attachments/>
            <labels>
                <label name="host" value="DESKTOP-L2VMBA4"/>
                <label name="thread" value="14876@DESKTOP-L2VMBA4.main(1)"/>
            </labels>
        </test-case>
        <test-case start="1467276810342" stop="1467276810342" status="canceled">
            <name>step1_openPageAndFindPatient</name>
            <description>Поиск пациента, для которого сформирован счет</description>
            <failure>
                <message>: Skipped due to dependency on other skipped or failed test methods</message>
                <stack-trace>ru.yandex.qatools.allure.testng.AllureTestListener$1: Skipped due to dependency on other skipped or failed test methods
	at ru.yandex.qatools.allure.testng.AllureTestListener.fireTestCaseCancel(AllureTestListener.java:356)
	at ru.yandex.qatools.allure.testng.AllureTestListener.onTestSkipped(AllureTestListener.java:171)
	at org.testng.internal.Invoker.runTestListeners(Invoker.java:1887)
	at org.testng.internal.Invoker.runTestListeners(Invoker.java:1879)
	at org.testng.internal.Invoker.invokeMethod(Invoker.java:778)
	at org.testng.internal.Invoker.invokeTestMethod(Invoker.java:901)
	at org.testng.internal.Invoker.invokeTestMethods(Invoker.java:1231)
	at org.testng.internal.TestMethodWorker.invokeTestMethods(TestMethodWorker.java:127)
	at org.testng.internal.TestMethodWorker.run(TestMethodWorker.java:111)
	at org.testng.TestRunner.privateRun(TestRunner.java:767)
	at org.testng.TestRunner.run(TestRunner.java:617)
	at org.testng.SuiteRunner.runTest(SuiteRunner.java:348)
	at org.testng.SuiteRunner.runSequentially(SuiteRunner.java:343)
	at org.testng.SuiteRunner.privateRun(SuiteRunner.java:305)
	at org.testng.SuiteRunner.run(SuiteRunner.java:254)
	at org.testng.SuiteRunnerWorker.runSuite(SuiteRunnerWorker.java:52)
	at org.testng.SuiteRunnerWorker.run(SuiteRunnerWorker.java:86)
	at org.testng.TestNG.runSuitesSequentially(TestNG.java:1224)
	at org.testng.TestNG.runSuitesLocally(TestNG.java:1149)
	at org.testng.TestNG.run(TestNG.java:1057)
	at org.testng.IDEARemoteTestNG.run(IDEARemoteTestNG.java:72)
	at org.testng.RemoteTestNGStarter.main(RemoteTestNGStarter.java:122)
	at sun.reflect.NativeMethodAccessorImpl.invoke0(Native Method)
	at sun.reflect.NativeMethodAccessorImpl.invoke(NativeMethodAccessorImpl.java:62)
	at sun.reflect.DelegatingMethodAccessorImpl.invoke(DelegatingMethodAccessorImpl.java:43)
	at java.lang.reflect.Method.invoke(Method.java:497)
	at com.intellij.rt.execution.application.AppMain.main(AppMain.java:144)
</stack-trace>
            </failure>
            <steps/>
            <attachments/>
            <labels>
                <label name="host" value="DESKTOP-L2VMBA4"/>
                <label name="thread" value="14876@DESKTOP-L2VMBA4.main(1)"/>
            </labels>
        </test-case>
        <test-case start="1467276810343" stop="1467276810343" status="canceled">
            <name>afterEach</name>
            <description>@AfterMethod</description>
            <failure>
                <message>: Skipped due to dependency on other skipped or failed test methods</message>
                <stack-trace>ru.yandex.qatools.allure.testng.AllureTestListener$1: Skipped due to dependency on other skipped or failed test methods
	at ru.yandex.qatools.allure.testng.AllureTestListener.fireTestCaseCancel(AllureTestListener.java:356)
	at ru.yandex.qatools.allure.testng.AllureTestListener.onConfigurationSkip(AllureTestListener.java:116)
	at org.testng.internal.Invoker.runConfigurationListeners(Invoker.java:1865)
	at org.testng.internal.Invoker.handleConfigurationSkip(Invoker.java:261)
	at org.testng.internal.Invoker.invokeConfigurations(Invoker.java:193)
	at org.testng.internal.Invoker.invokeMethod(Invoker.java:786)
	at org.testng.internal.Invoker.invokeTestMethod(Invoker.java:901)
	at org.testng.internal.Invoker.invokeTestMethods(Invoker.java:1231)
	at org.testng.internal.TestMethodWorker.invokeTestMethods(TestMethodWorker.java:127)
	at org.testng.internal.TestMethodWorker.run(TestMethodWorker.java:111)
	at org.testng.TestRunner.privateRun(TestRunner.java:767)
	at org.testng.TestRunner.run(TestRunner.java:617)
	at org.testng.SuiteRunner.runTest(SuiteRunner.java:348)
	at org.testng.SuiteRunner.runSequentially(SuiteRunner.java:343)
	at org.testng.SuiteRunner.privateRun(SuiteRunner.java:305)
	at org.testng.SuiteRunner.run(SuiteRunner.java:254)
	at org.testng.SuiteRunnerWorker.runSuite(SuiteRunnerWorker.java:52)
	at org.testng.SuiteRunnerWorker.run(SuiteRunnerWorker.java:86)
	at org.testng.TestNG.runSuitesSequentially(TestNG.java:1224)
	at org.testng.TestNG.runSuitesLocally(TestNG.java:1149)
	at org.testng.TestNG.run(TestNG.java:1057)
	at org.testng.IDEARemoteTestNG.run(IDEARemoteTestNG.java:72)
	at org.testng.RemoteTestNGStarter.main(RemoteTestNGStarter.java:122)
	at sun.reflect.NativeMethodAccessorImpl.invoke0(Native Method)
	at sun.reflect.NativeMethodAccessorImpl.invoke(NativeMethodAccessorImpl.java:62)
	at sun.reflect.DelegatingMethodAccessorImpl.invoke(DelegatingMethodAccessorImpl.java:43)
	at java.lang.reflect.Method.invoke(Method.java:497)
	at com.intellij.rt.execution.application.AppMain.main(AppMain.java:144)
</stack-trace>
            </failure>
            <steps/>
            <attachments/>
            <labels>
                <label name="host" value="DESKTOP-L2VMBA4"/>
                <label name="thread" value="14876@DESKTOP-L2VMBA4.main(1)"/>
            </labels>
        </test-case>
        <test-case start="1467276810345" stop="1467276810345" status="canceled">
            <name>step2_assertBill</name>
            <description>Просмотр счета</description>
            <failure>
                <message>: Skipped due to dependency on other skipped or failed test methods</message>
                <stack-trace>ru.yandex.qatools.allure.testng.AllureTestListener$1: Skipped due to dependency on other skipped or failed test methods
	at ru.yandex.qatools.allure.testng.AllureTestListener.fireTestCaseCancel(AllureTestListener.java:356)
	at ru.yandex.qatools.allure.testng.AllureTestListener.onTestSkipped(AllureTestListener.java:171)
	at org.testng.internal.Invoker.runTestListeners(Invoker.java:1887)
	at org.testng.internal.Invoker.runTestListeners(Invoker.java:1879)
	at org.testng.internal.Invoker.invokeTestMethods(Invoker.java:1157)
	at org.testng.internal.TestMethodWorker.invokeTestMethods(TestMethodWorker.java:127)
	at org.testng.internal.TestMethodWorker.run(TestMethodWorker.java:111)
	at org.testng.TestRunner.privateRun(TestRunner.java:767)
	at org.testng.TestRunner.run(TestRunner.java:617)
	at org.testng.SuiteRunner.runTest(SuiteRunner.java:348)
	at org.testng.SuiteRunner.runSequentially(SuiteRunner.java:343)
	at org.testng.SuiteRunner.privateRun(SuiteRunner.java:305)
	at org.testng.SuiteRunner.run(SuiteRunner.java:254)
	at org.testng.SuiteRunnerWorker.runSuite(SuiteRunnerWorker.java:52)
	at org.testng.SuiteRunnerWorker.run(SuiteRunnerWorker.java:86)
	at org.testng.TestNG.runSuitesSequentially(TestNG.java:1224)
	at org.testng.TestNG.runSuitesLocally(TestNG.java:1149)
	at org.testng.TestNG.run(TestNG.java:1057)
	at org.testng.IDEARemoteTestNG.run(IDEARemoteTestNG.java:72)
	at org.testng.RemoteTestNGStarter.main(RemoteTestNGStarter.java:122)
	at sun.reflect.NativeMethodAccessorImpl.invoke0(Native Method)
	at sun.reflect.NativeMethodAccessorImpl.invoke(NativeMethodAccessorImpl.java:62)
	at sun.reflect.DelegatingMethodAccessorImpl.invoke(DelegatingMethodAccessorImpl.java:43)
	at java.lang.reflect.Method.invoke(Method.java:497)
	at com.intellij.rt.execution.application.AppMain.main(AppMain.java:144)
</stack-trace>
            </failure>
            <steps/>
            <attachments/>
            <labels>
                <label name="host" value="DESKTOP-L2VMBA4"/>
                <label name="thread" value="14876@DESKTOP-L2VMBA4.main(1)"/>
            </labels>
        </test-case>
        <test-case start="1467276810347" stop="1467276810347" status="canceled">
            <name>afterClass</name>
            <description>@AfterClass</description>
            <failure>
                <message>: Skipped due to dependency on other skipped or failed test methods</message>
                <stack-trace>ru.yandex.qatools.allure.testng.AllureTestListener$1: Skipped due to dependency on other skipped or failed test methods
	at ru.yandex.qatools.allure.testng.AllureTestListener.fireTestCaseCancel(AllureTestListener.java:356)
	at ru.yandex.qatools.allure.testng.AllureTestListener.onConfigurationSkip(AllureTestListener.java:116)
	at org.testng.internal.Invoker.runConfigurationListeners(Invoker.java:1865)
	at org.testng.internal.Invoker.handleConfigurationSkip(Invoker.java:261)
	at org.testng.internal.Invoker.invokeConfigurations(Invoker.java:193)
	at org.testng.internal.Invoker.invokeConfigurations(Invoker.java:138)
	at org.testng.internal.TestMethodWorker.invokeAfterClassMethods(TestMethodWorker.java:225)
	at org.testng.internal.TestMethodWorker.run(TestMethodWorker.java:114)
	at org.testng.TestRunner.privateRun(TestRunner.java:767)
	at org.testng.TestRunner.run(TestRunner.java:617)
	at org.testng.SuiteRunner.runTest(SuiteRunner.java:348)
	at org.testng.SuiteRunner.runSequentially(SuiteRunner.java:343)
	at org.testng.SuiteRunner.privateRun(SuiteRunner.java:305)
	at org.testng.SuiteRunner.run(SuiteRunner.java:254)
	at org.testng.SuiteRunnerWorker.runSuite(SuiteRunnerWorker.java:52)
	at org.testng.SuiteRunnerWorker.run(SuiteRunnerWorker.java:86)
	at org.testng.TestNG.runSuitesSequentially(TestNG.java:1224)
	at org.testng.TestNG.runSuitesLocally(TestNG.java:1149)
	at org.testng.TestNG.run(TestNG.java:1057)
	at org.testng.IDEARemoteTestNG.run(IDEARemoteTestNG.java:72)
	at org.testng.RemoteTestNGStarter.main(RemoteTestNGStarter.java:122)
	at sun.reflect.NativeMethodAccessorImpl.invoke0(Native Method)
	at sun.reflect.NativeMethodAccessorImpl.invoke(NativeMethodAccessorImpl.java:62)
	at sun.reflect.DelegatingMethodAccessorImpl.invoke(DelegatingMethodAccessorImpl.java:43)
	at java.lang.reflect.Method.invoke(Method.java:497)
	at com.intellij.rt.execution.application.AppMain.main(AppMain.java:144)
</stack-trace>
            </failure>
            <steps/>
            <attachments/>
            <labels>
                <label name="host" value="DESKTOP-L2VMBA4"/>
                <label name="thread" value="14876@DESKTOP-L2VMBA4.main(1)"/>
            </labels>
        </test-case>
    </test-cases>
    <labels>
        <label name="framework" value="TestNG"/>
        <label name="language" value="JAVA"/>
    </labels>
</ns2:test-suite>
