<?xml version="1.0" encoding="UTF-8" standalone="yes"?>
<ns2:test-suite start="1476110173435" stop="1476110649675" version="1.4.22" xmlns:ns2="urn:model.allure.qatools.yandex.ru">
    <name>Default Suite : test</name>
    <title>Default Suite : test</title>
    <test-cases>
        <test-case start="1476110182511" stop="1476110227122" status="passed">
            <name>step1_openExpenseInvoicePage</name>
            <description>Открытие модуля 'Расходные накладные'</description>
            <steps/>
            <attachments/>
            <labels>
                <label name="host" value="KZN-062"/>
                <label name="thread" value="14940@KZN-062.main(1)"/>
            </labels>
        </test-case>
        <test-case start="1476110227174" stop="1476110230212" status="passed">
            <name>step2_checkDateFieldsInFilter</name>
            <description>Открытие фильтра и проверка дат в фильтре</description>
            <steps/>
            <attachments/>
            <labels>
                <label name="host" value="KZN-062"/>
                <label name="thread" value="14940@KZN-062.main(1)"/>
            </labels>
        </test-case>
        <test-case start="1476110230217" stop="1476110365011" status="passed">
            <name>step3_creatingExpenseInvoice</name>
            <description>Создание расходной накладной</description>
            <steps/>
            <attachments/>
            <labels>
                <label name="host" value="KZN-062"/>
                <label name="thread" value="14940@KZN-062.main(1)"/>
            </labels>
        </test-case>
        <test-case start="1476110365019" stop="1476110447561" status="passed">
            <name>step4_copyExpenseInvoice</name>
            <description>Копирование расходной накладной</description>
            <steps/>
            <attachments/>
            <labels>
                <label name="host" value="KZN-062"/>
                <label name="thread" value="14940@KZN-062.main(1)"/>
            </labels>
        </test-case>
        <test-case start="1476110447565" stop="1476110547558" status="passed">
            <name>step5_editingExpenseInvoice</name>
            <description>Редактирование расходной накладной</description>
            <steps/>
            <attachments/>
            <labels>
                <label name="host" value="KZN-062"/>
                <label name="thread" value="14940@KZN-062.main(1)"/>
            </labels>
        </test-case>
        <test-case start="1476110547562" stop="1476110593445" status="failed">
            <name>step6_specificationCreate</name>
            <description>Создание спецификации</description>
            <failure>
                <message>AssertionError: Can't find row by column values on first 5 pages: {Наименование ЛС и ИМН=Тестовая модификация, Ед.изм.=at_mnei, Цена=10.000, Сумма=150.000, Отпущено=15, Финансирование=test_funding_source}</message>
                <stack-trace>java.lang.AssertionError: Can't find row by column values on first 5 pages: {Наименование ЛС и ИМН=Тестовая модификация, Ед.изм.=at_mnei, Цена=10.000, Сумма=150.000, Отпущено=15, Финансирование=test_funding_source}
	at org.testng.AssertJUnit.fail(AssertJUnit.java:59)
	at org.testng.AssertJUnit.assertTrue(AssertJUnit.java:24)
	at net.framework.autotesting.meta.Table.getRowNumberBySeveralColumnValues(Table.java:244)
	at businessFramework.module.pharmacy.pages.expenceInvoice.ExpInvoiceCreateSpecPage.checkTableValues(ExpInvoiceCreateSpecPage.java:95)
	at test.businessTests.pharmacy.ExpenseInvoiceTest.step6_specificationCreate(ExpenseInvoiceTest.java:214)
	at sun.reflect.NativeMethodAccessorImpl.invoke0(Native Method)
	at sun.reflect.NativeMethodAccessorImpl.invoke(NativeMethodAccessorImpl.java:62)
	at sun.reflect.DelegatingMethodAccessorImpl.invoke(DelegatingMethodAccessorImpl.java:43)
	at java.lang.reflect.Method.invoke(Method.java:498)
	at org.testng.internal.MethodInvocationHelper.invokeMethod(MethodInvocationHelper.java:84)
	at org.testng.internal.Invoker.invokeMethod(Invoker.java:714)
	at org.testng.internal.Invoker.invokeTestMethod(Invoker.java:901)
	at org.testng.internal.Invoker.invokeTestMethods(Invoker.java:1231)
	at org.testng.internal.TestMethodWorker.invokeTestMethods(TestMethodWorker.java:127)
	at org.testng.internal.TestMethodWorker.run(TestMethodWorker.java:111)
	at org.testng.TestRunner.privateRun(TestRunner.java:767)
	at org.testng.TestRunner.run(TestRunner.java:617)
	at org.testng.SuiteRunner.runTest(SuiteRunner.java:348)
	at org.testng.SuiteRunner.runSequentially(SuiteRunner.java:343)
	at org.testng.SuiteRunner.privateRun(SuiteRunner.java:305)
	at org.testng.SuiteRunner.run(SuiteRunner.java:254)
	at org.testng.SuiteRunnerWorker.runSuite(SuiteRunnerWorker.java:52)
	at org.testng.SuiteRunnerWorker.run(SuiteRunnerWorker.java:86)
	at org.testng.TestNG.runSuitesSequentially(TestNG.java:1224)
	at org.testng.TestNG.runSuitesLocally(TestNG.java:1149)
	at org.testng.TestNG.run(TestNG.java:1057)
	at org.testng.IDEARemoteTestNG.run(IDEARemoteTestNG.java:72)
	at org.testng.RemoteTestNGStarter.main(RemoteTestNGStarter.java:124)
	at sun.reflect.NativeMethodAccessorImpl.invoke0(Native Method)
	at sun.reflect.NativeMethodAccessorImpl.invoke(NativeMethodAccessorImpl.java:62)
	at sun.reflect.DelegatingMethodAccessorImpl.invoke(DelegatingMethodAccessorImpl.java:43)
	at java.lang.reflect.Method.invoke(Method.java:498)
	at com.intellij.rt.execution.application.AppMain.main(AppMain.java:147)
</stack-trace>
            </failure>
            <steps/>
            <attachments/>
            <labels>
                <label name="host" value="KZN-062"/>
                <label name="thread" value="14940@KZN-062.main(1)"/>
            </labels>
        </test-case>
        <test-case start="1476110593447" stop="1476110593448" status="canceled">
            <name>step7_specificationEdit</name>
            <description>Редактирование спецификации</description>
            <failure>
                <message>: Skipped due to dependency on other skipped or failed test methods</message>
                <stack-trace>ru.yandex.qatools.allure.testng.AllureTestListener$1: Skipped due to dependency on other skipped or failed test methods
	at ru.yandex.qatools.allure.testng.AllureTestListener.fireTestCaseCancel(AllureTestListener.java:356)
	at ru.yandex.qatools.allure.testng.AllureTestListener.onTestSkipped(AllureTestListener.java:171)
	at org.testng.internal.Invoker.runTestListeners(Invoker.java:1887)
	at org.testng.internal.Invoker.runTestListeners(Invoker.java:1879)
	at org.testng.internal.Invoker.invokeTestMethods(Invoker.java:1157)
	at org.testng.internal.TestMethodWorker.invokeTestMethods(TestMethodWorker.java:127)
	at org.testng.internal.TestMethodWorker.run(TestMethodWorker.java:111)
	at org.testng.TestRunner.privateRun(TestRunner.java:767)
	at org.testng.TestRunner.run(TestRunner.java:617)
	at org.testng.SuiteRunner.runTest(SuiteRunner.java:348)
	at org.testng.SuiteRunner.runSequentially(SuiteRunner.java:343)
	at org.testng.SuiteRunner.privateRun(SuiteRunner.java:305)
	at org.testng.SuiteRunner.run(SuiteRunner.java:254)
	at org.testng.SuiteRunnerWorker.runSuite(SuiteRunnerWorker.java:52)
	at org.testng.SuiteRunnerWorker.run(SuiteRunnerWorker.java:86)
	at org.testng.TestNG.runSuitesSequentially(TestNG.java:1224)
	at org.testng.TestNG.runSuitesLocally(TestNG.java:1149)
	at org.testng.TestNG.run(TestNG.java:1057)
	at org.testng.IDEARemoteTestNG.run(IDEARemoteTestNG.java:72)
	at org.testng.RemoteTestNGStarter.main(RemoteTestNGStarter.java:124)
	at sun.reflect.NativeMethodAccessorImpl.invoke0(Native Method)
	at sun.reflect.NativeMethodAccessorImpl.invoke(NativeMethodAccessorImpl.java:62)
	at sun.reflect.DelegatingMethodAccessorImpl.invoke(DelegatingMethodAccessorImpl.java:43)
	at java.lang.reflect.Method.invoke(Method.java:498)
	at com.intellij.rt.execution.application.AppMain.main(AppMain.java:147)
</stack-trace>
            </failure>
            <steps/>
            <attachments/>
            <labels>
                <label name="host" value="KZN-062"/>
                <label name="thread" value="14940@KZN-062.main(1)"/>
            </labels>
        </test-case>
        <test-case start="1476110593449" stop="1476110593449" status="canceled">
            <name>step8_executingExpInvoice</name>
            <description>Проведение расходной накладной</description>
            <failure>
                <message>: Skipped due to dependency on other skipped or failed test methods</message>
                <stack-trace>ru.yandex.qatools.allure.testng.AllureTestListener$1: Skipped due to dependency on other skipped or failed test methods
	at ru.yandex.qatools.allure.testng.AllureTestListener.fireTestCaseCancel(AllureTestListener.java:356)
	at ru.yandex.qatools.allure.testng.AllureTestListener.onTestSkipped(AllureTestListener.java:171)
	at org.testng.internal.Invoker.runTestListeners(Invoker.java:1887)
	at org.testng.internal.Invoker.runTestListeners(Invoker.java:1879)
	at org.testng.internal.Invoker.invokeTestMethods(Invoker.java:1157)
	at org.testng.internal.TestMethodWorker.invokeTestMethods(TestMethodWorker.java:127)
	at org.testng.internal.TestMethodWorker.run(TestMethodWorker.java:111)
	at org.testng.TestRunner.privateRun(TestRunner.java:767)
	at org.testng.TestRunner.run(TestRunner.java:617)
	at org.testng.SuiteRunner.runTest(SuiteRunner.java:348)
	at org.testng.SuiteRunner.runSequentially(SuiteRunner.java:343)
	at org.testng.SuiteRunner.privateRun(SuiteRunner.java:305)
	at org.testng.SuiteRunner.run(SuiteRunner.java:254)
	at org.testng.SuiteRunnerWorker.runSuite(SuiteRunnerWorker.java:52)
	at org.testng.SuiteRunnerWorker.run(SuiteRunnerWorker.java:86)
	at org.testng.TestNG.runSuitesSequentially(TestNG.java:1224)
	at org.testng.TestNG.runSuitesLocally(TestNG.java:1149)
	at org.testng.TestNG.run(TestNG.java:1057)
	at org.testng.IDEARemoteTestNG.run(IDEARemoteTestNG.java:72)
	at org.testng.RemoteTestNGStarter.main(RemoteTestNGStarter.java:124)
	at sun.reflect.NativeMethodAccessorImpl.invoke0(Native Method)
	at sun.reflect.NativeMethodAccessorImpl.invoke(NativeMethodAccessorImpl.java:62)
	at sun.reflect.DelegatingMethodAccessorImpl.invoke(DelegatingMethodAccessorImpl.java:43)
	at java.lang.reflect.Method.invoke(Method.java:498)
	at com.intellij.rt.execution.application.AppMain.main(AppMain.java:147)
</stack-trace>
            </failure>
            <steps/>
            <attachments/>
            <labels>
                <label name="host" value="KZN-062"/>
                <label name="thread" value="14940@KZN-062.main(1)"/>
            </labels>
        </test-case>
        <test-case start="1476110593451" stop="1476110649669" status="passed">
            <name>step9_removeAllCreatedRecords</name>
            <description>Удаление созданных записей</description>
            <steps/>
            <attachments/>
            <labels>
                <label name="host" value="KZN-062"/>
                <label name="thread" value="14940@KZN-062.main(1)"/>
            </labels>
        </test-case>
    </test-cases>
    <labels>
        <label name="framework" value="TestNG"/>
        <label name="language" value="JAVA"/>
    </labels>
</ns2:test-suite>
