<?xml version="1.0" encoding="UTF-8" standalone="yes"?>
<ns2:test-suite start="1471851757089" stop="1471851907348" version="1.4.22" xmlns:ns2="urn:model.allure.qatools.yandex.ru">
    <name>Default Suite : test</name>
    <title>Default Suite : test</title>
    <test-cases>
        <test-case start="1471851765811" stop="1471851823418" status="passed">
            <name>beforeTest</name>
            <description>Подготовка тестовых данных: удаление коек и движений по отделениям пациента, если такие существуют</description>
            <steps/>
            <attachments/>
            <labels>
                <label name="host" value="KZN-062"/>
                <label name="thread" value="12576@KZN-062.main(1)"/>
            </labels>
        </test-case>
        <test-case start="1471851823517" stop="1471851828668" status="passed">
            <name>step1_openPage</name>
            <description>Открытие страницы Медсестра стационара</description>
            <steps/>
            <attachments/>
            <labels>
                <label name="host" value="KZN-062"/>
                <label name="thread" value="12576@KZN-062.main(1)"/>
            </labels>
        </test-case>
        <test-case start="1471851828677" stop="1471851843041" status="passed">
            <name>step2_assertPatientInNursePage</name>
            <description>Проверка пациента в модуле Медсестра стационара</description>
            <steps/>
            <attachments/>
            <labels>
                <label name="host" value="KZN-062"/>
                <label name="thread" value="12576@KZN-062.main(1)"/>
            </labels>
        </test-case>
        <test-case start="1471851843047" stop="1471851846738" status="passed">
            <name>step3_openAddBedModal</name>
            <description>Добавление койки</description>
            <steps/>
            <attachments/>
            <labels>
                <label name="host" value="KZN-062"/>
                <label name="thread" value="12576@KZN-062.main(1)"/>
            </labels>
        </test-case>
        <test-case start="1471851846742" stop="1471851857397" status="passed">
            <name>step4_assertAddBusyBed</name>
            <description>Добавление занятой койки</description>
            <steps/>
            <attachments/>
            <labels>
                <label name="host" value="KZN-062"/>
                <label name="thread" value="12576@KZN-062.main(1)"/>
            </labels>
        </test-case>
        <test-case start="1471851857401" stop="1471851867905" status="passed">
            <name>step5_addFreeBed</name>
            <description>Добавление свободной койки</description>
            <steps/>
            <attachments/>
            <labels>
                <label name="host" value="KZN-062"/>
                <label name="thread" value="12576@KZN-062.main(1)"/>
            </labels>
        </test-case>
        <test-case start="1471851867910" stop="1471851880562" status="passed">
            <name>step6_editBed</name>
            <description>Редактирование свободной койки</description>
            <steps/>
            <attachments/>
            <labels>
                <label name="host" value="KZN-062"/>
                <label name="thread" value="12576@KZN-062.main(1)"/>
            </labels>
        </test-case>
        <test-case start="1471851880566" stop="1471851894645" status="passed">
            <name>step7_addSecondBed</name>
            <description>Добавление еще одной койки</description>
            <steps/>
            <attachments/>
            <labels>
                <label name="host" value="KZN-062"/>
                <label name="thread" value="12576@KZN-062.main(1)"/>
            </labels>
        </test-case>
        <test-case start="1471851894650" stop="1471851895159" status="passed">
            <name>step8_assertSendToDepartmentInNursePage</name>
            <description>Проверка существования записи движения по отделениям</description>
            <steps/>
            <attachments/>
            <labels>
                <label name="host" value="KZN-062"/>
                <label name="thread" value="12576@KZN-062.main(1)"/>
            </labels>
        </test-case>
        <test-case start="1471851895162" stop="1471851907342" status="failed">
            <name>step9_createSendToDepartmentInNursePage</name>
            <description>Создание новой записи движения по отделениям</description>
            <failure>
                <message>AssertionError: Results doesn't open in classifier Профиль койки
Expected: is &lt;true&gt;
     but: was &lt;false&gt;</message>
                <stack-trace>java.lang.AssertionError: Results doesn't open in classifier Профиль койки
Expected: is &lt;true&gt;
     but: was &lt;false&gt;
	at org.hamcrest.MatcherAssert.assertThat(MatcherAssert.java:20)
	at net.framework.autotesting.meta.components.Classifier.assertThatResultOpen(Classifier.java:96)
	at net.framework.autotesting.meta.components.Classifier.openCombobox(Classifier.java:70)
	at net.framework.autotesting.meta.components.Classifier.searchValueInCombobox(Classifier.java:328)
	at net.framework.autotesting.meta.components.Classifier.setValue(Classifier.java:357)
	at businessFramework.module.hospital.modals.movingDepartment.MovingDepartmentModal.assertCurrentDepartment(MovingDepartmentModal.java:76)
	at businessFramework.module.hospital.pages.nurseDepart.NurseDepartPage.createHospitalRecord(NurseDepartPage.java:117)
	at test.businessTests.hospital.NurseDepartTest.step9_createSendToDepartmentInNursePage(NurseDepartTest.java:166)
	at sun.reflect.NativeMethodAccessorImpl.invoke0(Native Method)
	at sun.reflect.NativeMethodAccessorImpl.invoke(NativeMethodAccessorImpl.java:62)
	at sun.reflect.DelegatingMethodAccessorImpl.invoke(DelegatingMethodAccessorImpl.java:43)
	at java.lang.reflect.Method.invoke(Method.java:498)
	at org.testng.internal.MethodInvocationHelper.invokeMethod(MethodInvocationHelper.java:84)
	at org.testng.internal.Invoker.invokeMethod(Invoker.java:714)
	at org.testng.internal.Invoker.invokeTestMethod(Invoker.java:901)
	at org.testng.internal.Invoker.invokeTestMethods(Invoker.java:1231)
	at org.testng.internal.TestMethodWorker.invokeTestMethods(TestMethodWorker.java:127)
	at org.testng.internal.TestMethodWorker.run(TestMethodWorker.java:111)
	at org.testng.TestRunner.privateRun(TestRunner.java:767)
	at org.testng.TestRunner.run(TestRunner.java:617)
	at org.testng.SuiteRunner.runTest(SuiteRunner.java:348)
	at org.testng.SuiteRunner.runSequentially(SuiteRunner.java:343)
	at org.testng.SuiteRunner.privateRun(SuiteRunner.java:305)
	at org.testng.SuiteRunner.run(SuiteRunner.java:254)
	at org.testng.SuiteRunnerWorker.runSuite(SuiteRunnerWorker.java:52)
	at org.testng.SuiteRunnerWorker.run(SuiteRunnerWorker.java:86)
	at org.testng.TestNG.runSuitesSequentially(TestNG.java:1224)
	at org.testng.TestNG.runSuitesLocally(TestNG.java:1149)
	at org.testng.TestNG.run(TestNG.java:1057)
	at org.testng.IDEARemoteTestNG.run(IDEARemoteTestNG.java:72)
	at org.testng.RemoteTestNGStarter.main(RemoteTestNGStarter.java:124)
	at sun.reflect.NativeMethodAccessorImpl.invoke0(Native Method)
	at sun.reflect.NativeMethodAccessorImpl.invoke(NativeMethodAccessorImpl.java:62)
	at sun.reflect.DelegatingMethodAccessorImpl.invoke(DelegatingMethodAccessorImpl.java:43)
	at java.lang.reflect.Method.invoke(Method.java:498)
	at com.intellij.rt.execution.application.AppMain.main(AppMain.java:147)
</stack-trace>
            </failure>
            <steps/>
            <attachments/>
            <labels>
                <label name="host" value="KZN-062"/>
                <label name="thread" value="12576@KZN-062.main(1)"/>
            </labels>
        </test-case>
        <test-case start="1471851907345" stop="1471851907346" status="canceled">
            <name>step10_editSendToDepartmentInNursePage</name>
            <description>Редактирование записи движения по отделениям</description>
            <failure>
                <message>: Skipped due to dependency on other skipped or failed test methods</message>
                <stack-trace>ru.yandex.qatools.allure.testng.AllureTestListener$1: Skipped due to dependency on other skipped or failed test methods
	at ru.yandex.qatools.allure.testng.AllureTestListener.fireTestCaseCancel(AllureTestListener.java:356)
	at ru.yandex.qatools.allure.testng.AllureTestListener.onTestSkipped(AllureTestListener.java:171)
	at org.testng.internal.Invoker.runTestListeners(Invoker.java:1887)
	at org.testng.internal.Invoker.runTestListeners(Invoker.java:1879)
	at org.testng.internal.Invoker.invokeTestMethods(Invoker.java:1157)
	at org.testng.internal.TestMethodWorker.invokeTestMethods(TestMethodWorker.java:127)
	at org.testng.internal.TestMethodWorker.run(TestMethodWorker.java:111)
	at org.testng.TestRunner.privateRun(TestRunner.java:767)
	at org.testng.TestRunner.run(TestRunner.java:617)
	at org.testng.SuiteRunner.runTest(SuiteRunner.java:348)
	at org.testng.SuiteRunner.runSequentially(SuiteRunner.java:343)
	at org.testng.SuiteRunner.privateRun(SuiteRunner.java:305)
	at org.testng.SuiteRunner.run(SuiteRunner.java:254)
	at org.testng.SuiteRunnerWorker.runSuite(SuiteRunnerWorker.java:52)
	at org.testng.SuiteRunnerWorker.run(SuiteRunnerWorker.java:86)
	at org.testng.TestNG.runSuitesSequentially(TestNG.java:1224)
	at org.testng.TestNG.runSuitesLocally(TestNG.java:1149)
	at org.testng.TestNG.run(TestNG.java:1057)
	at org.testng.IDEARemoteTestNG.run(IDEARemoteTestNG.java:72)
	at org.testng.RemoteTestNGStarter.main(RemoteTestNGStarter.java:124)
	at sun.reflect.NativeMethodAccessorImpl.invoke0(Native Method)
	at sun.reflect.NativeMethodAccessorImpl.invoke(NativeMethodAccessorImpl.java:62)
	at sun.reflect.DelegatingMethodAccessorImpl.invoke(DelegatingMethodAccessorImpl.java:43)
	at java.lang.reflect.Method.invoke(Method.java:498)
	at com.intellij.rt.execution.application.AppMain.main(AppMain.java:147)
</stack-trace>
            </failure>
            <steps/>
            <attachments/>
            <labels>
                <label name="host" value="KZN-062"/>
                <label name="thread" value="12576@KZN-062.main(1)"/>
            </labels>
        </test-case>
    </test-cases>
    <labels>
        <label name="framework" value="TestNG"/>
        <label name="language" value="JAVA"/>
    </labels>
</ns2:test-suite>
