<?xml version="1.0" encoding="UTF-8" standalone="yes"?>
<ns2:test-suite start="1478787661888" stop="1478787761579" version="1.4.22" xmlns:ns2="urn:model.allure.qatools.yandex.ru">
    <name>Default Suite : test</name>
    <title>Default Suite : test</title>
    <test-cases>
        <test-case start="1478787661926" stop="1478787661938" status="pending">
            <name>step2_choosePopulationName</name>
            <description>Выбор в списке настройки ЧН и проверка данных в полях</description>
            <failure>
                <message>Test not implemented yet</message>
                <stack-trace>There are no stack trace</stack-trace>
            </failure>
            <steps/>
            <attachments/>
            <labels>
                <label name="host" value="KZN-062"/>
                <label name="thread" value="1360@KZN-062.main(1)"/>
            </labels>
        </test-case>
        <test-case start="1478787671728" stop="1478787712089" status="passed">
            <name>step1_openPopulationModule</name>
            <description>Открытие модуля Освидетельствование для справки в ГИБДД, переход в контейнер ЧН(Численность населения)</description>
            <steps/>
            <attachments/>
            <labels>
                <label name="host" value="KZN-062"/>
                <label name="thread" value="1360@KZN-062.main(1)"/>
            </labels>
        </test-case>
        <test-case start="1478787712153" stop="1478787758933" status="passed">
            <name>step3_addPopulationName</name>
            <description>Добавление в ЧН нового списка на новый год</description>
            <steps/>
            <attachments/>
            <labels>
                <label name="host" value="KZN-062"/>
                <label name="thread" value="1360@KZN-062.main(1)"/>
            </labels>
        </test-case>
        <test-case start="1478787758938" stop="1478787761576" status="failed">
            <name>step4_chooseAndEditPopulationName</name>
            <description>Проверка значений ЧН в полях на странице контейнера при нажатии кнопки редактировать</description>
            <failure>
                <message>AssertionError: Can't find row by column values on first 5 pages: {МО, год=ОДОДСГ,2017}</message>
                <stack-trace>java.lang.AssertionError: Can't find row by column values on first 5 pages: {МО, год=ОДОДСГ,2017}
	at org.testng.AssertJUnit.fail(AssertJUnit.java:59)
	at org.testng.AssertJUnit.assertTrue(AssertJUnit.java:24)
	at net.framework.autotesting.meta.Table.getRowNumberBySeveralColumnValues(Table.java:244)
	at net.framework.autotesting.meta.Table.chooseRowInTableByColumnValue(Table.java:275)
	at businessFramework.module.gibddMedicalExamination.pages.Settings.Population.PopulationPage.pressUpdatePopulationButton(PopulationPage.java:65)
	at test.businessTests.gibddMedicalExamination.settingsGibdd.PopulationTest.step4_chooseAndEditPopulationName(PopulationTest.java:101)
	at sun.reflect.NativeMethodAccessorImpl.invoke0(Native Method)
	at sun.reflect.NativeMethodAccessorImpl.invoke(NativeMethodAccessorImpl.java:62)
	at sun.reflect.DelegatingMethodAccessorImpl.invoke(DelegatingMethodAccessorImpl.java:43)
	at java.lang.reflect.Method.invoke(Method.java:498)
	at org.testng.internal.MethodInvocationHelper.invokeMethod(MethodInvocationHelper.java:84)
	at org.testng.internal.Invoker.invokeMethod(Invoker.java:714)
	at org.testng.internal.Invoker.invokeTestMethod(Invoker.java:901)
	at org.testng.internal.Invoker.invokeTestMethods(Invoker.java:1231)
	at org.testng.internal.TestMethodWorker.invokeTestMethods(TestMethodWorker.java:127)
	at org.testng.internal.TestMethodWorker.run(TestMethodWorker.java:111)
	at org.testng.TestRunner.privateRun(TestRunner.java:767)
	at org.testng.TestRunner.run(TestRunner.java:617)
	at org.testng.SuiteRunner.runTest(SuiteRunner.java:348)
	at org.testng.SuiteRunner.runSequentially(SuiteRunner.java:343)
	at org.testng.SuiteRunner.privateRun(SuiteRunner.java:305)
	at org.testng.SuiteRunner.run(SuiteRunner.java:254)
	at org.testng.SuiteRunnerWorker.runSuite(SuiteRunnerWorker.java:52)
	at org.testng.SuiteRunnerWorker.run(SuiteRunnerWorker.java:86)
	at org.testng.TestNG.runSuitesSequentially(TestNG.java:1224)
	at org.testng.TestNG.runSuitesLocally(TestNG.java:1149)
	at org.testng.TestNG.run(TestNG.java:1057)
	at org.testng.IDEARemoteTestNG.run(IDEARemoteTestNG.java:72)
	at org.testng.RemoteTestNGStarter.main(RemoteTestNGStarter.java:124)
	at sun.reflect.NativeMethodAccessorImpl.invoke0(Native Method)
	at sun.reflect.NativeMethodAccessorImpl.invoke(NativeMethodAccessorImpl.java:62)
	at sun.reflect.DelegatingMethodAccessorImpl.invoke(DelegatingMethodAccessorImpl.java:43)
	at java.lang.reflect.Method.invoke(Method.java:498)
	at com.intellij.rt.execution.application.AppMain.main(AppMain.java:147)
</stack-trace>
            </failure>
            <steps/>
            <attachments/>
            <labels>
                <label name="host" value="KZN-062"/>
                <label name="thread" value="1360@KZN-062.main(1)"/>
            </labels>
        </test-case>
    </test-cases>
    <labels>
        <label name="framework" value="TestNG"/>
        <label name="language" value="JAVA"/>
    </labels>
</ns2:test-suite>
