<?xml version="1.0" encoding="UTF-8" standalone="yes"?>
<ns2:test-suite start="1478799299252" stop="1478799357183" version="1.4.22" xmlns:ns2="urn:model.allure.qatools.yandex.ru">
    <name>Default Suite : test</name>
    <title>Default Suite : test</title>
    <test-cases>
        <test-case start="1478799299277" stop="1478799299280" status="pending">
            <name>step2_choosePopulationName</name>
            <description>Выбор в списке настройки ЧН и проверка данных в полях</description>
            <failure>
                <message>Test not implemented yet</message>
                <stack-trace>There are no stack trace</stack-trace>
            </failure>
            <steps/>
            <attachments/>
            <labels>
                <label name="host" value="KZN-062"/>
                <label name="thread" value="15428@KZN-062.main(1)"/>
            </labels>
        </test-case>
        <test-case start="1478799299281" stop="1478799299281" status="pending">
            <name>step3_addPopulationName</name>
            <description>Проверка валидации 'На указанный год может быть только одна запись для МО' и добавление в ЧН нового списка на новый год</description>
            <failure>
                <message>Test not implemented yet</message>
                <stack-trace>There are no stack trace</stack-trace>
            </failure>
            <steps/>
            <attachments/>
            <labels>
                <label name="host" value="KZN-062"/>
                <label name="thread" value="15428@KZN-062.main(1)"/>
            </labels>
        </test-case>
        <test-case start="1478799307609" stop="1478799347604" status="passed">
            <name>step1_openPopulationModule</name>
            <description>Открытие модуля Освидетельствование для справки в ГИБДД, переход в контейнер ЧН(Численность населения)</description>
            <steps/>
            <attachments/>
            <labels>
                <label name="host" value="KZN-062"/>
                <label name="thread" value="15428@KZN-062.main(1)"/>
            </labels>
        </test-case>
        <test-case start="1478799347643" stop="1478799357180" status="broken">
            <name>step4_chooseAndEditPopulationName</name>
            <description>Проверка значений ЧН в полях на странице контейнера при нажатии кнопки редактировать</description>
            <failure>
                <message>UnhandledAlertException: Unexpected modal dialog (text: 
        Вы ввели новые данные на этой странице. Если Вы уйдете с неё без предварительного сохранения Ваших данных, изменения будут потеряны.
    ): 
        Вы ввели новые данные на этой странице. Если Вы уйдете с неё без предварительного сохранения Ваших данных, изменения будут потеряны.
    
Build info: version: '2.53.0', revision: '35ae25b1534ae328c771e0856c93e187490ca824', time: '2016-03-15 10:43:46'
System info: host: 'KZN-062', ip: '10.77.104.134', os.name: 'Windows 10', os.arch: 'amd64', os.version: '10.0', java.version: '1.8.0_102'
Driver info: org.openqa.selenium.firefox.FirefoxDriver
Capabilities [{applicationCacheEnabled=true, rotatable=false, handlesAlerts=true, databaseEnabled=true, version=46.0.1, platform=WINDOWS, nativeEvents=false, acceptSslCerts=true, webStorageEnabled=true, locationContextEnabled=true, browserName=firefox, takesScreenshot=true, javascriptEnabled=true, cssSelectorsEnabled=true}]
Session ID: ccb8d849-23d9-4989-a83f-b5246b800c0c</message>
                <stack-trace>org.openqa.selenium.UnhandledAlertException: Unexpected modal dialog (text: 
        Вы ввели новые данные на этой странице. Если Вы уйдете с неё без предварительного сохранения Ваших данных, изменения будут потеряны.
    ): 
        Вы ввели новые данные на этой странице. Если Вы уйдете с неё без предварительного сохранения Ваших данных, изменения будут потеряны.
    
Build info: version: '2.53.0', revision: '35ae25b1534ae328c771e0856c93e187490ca824', time: '2016-03-15 10:43:46'
System info: host: 'KZN-062', ip: '10.77.104.134', os.name: 'Windows 10', os.arch: 'amd64', os.version: '10.0', java.version: '1.8.0_102'
Driver info: org.openqa.selenium.firefox.FirefoxDriver
Capabilities [{applicationCacheEnabled=true, rotatable=false, handlesAlerts=true, databaseEnabled=true, version=46.0.1, platform=WINDOWS, nativeEvents=false, acceptSslCerts=true, webStorageEnabled=true, locationContextEnabled=true, browserName=firefox, takesScreenshot=true, javascriptEnabled=true, cssSelectorsEnabled=true}]
Session ID: ccb8d849-23d9-4989-a83f-b5246b800c0c
	at sun.reflect.NativeConstructorAccessorImpl.newInstance0(Native Method)
	at sun.reflect.NativeConstructorAccessorImpl.newInstance(NativeConstructorAccessorImpl.java:62)
	at sun.reflect.DelegatingConstructorAccessorImpl.newInstance(DelegatingConstructorAccessorImpl.java:45)
	at java.lang.reflect.Constructor.newInstance(Constructor.java:423)
	at org.openqa.selenium.remote.ErrorHandler.createThrowable(ErrorHandler.java:206)
	at org.openqa.selenium.remote.ErrorHandler.createUnhandledAlertException(ErrorHandler.java:187)
	at org.openqa.selenium.remote.ErrorHandler.throwIfResponseFailed(ErrorHandler.java:154)
	at org.openqa.selenium.remote.RemoteWebDriver.execute(RemoteWebDriver.java:678)
	at org.openqa.selenium.remote.RemoteWebDriver.executeScript(RemoteWebDriver.java:577)
	at net.jsourcerer.webdriver.jserrorcollector.JavaScriptError.readErrors(JavaScriptError.java:135)
	at net.framework.autotesting.base.WebDriverHelper.getBrowserLogs(WebDriverHelper.java:184)
	at net.framework.autotesting.test.AttachLogListener.onTestSuccess(AttachLogListener.java:52)
	at org.testng.internal.Invoker.runTestListeners(Invoker.java:1899)
	at org.testng.internal.Invoker.runTestListeners(Invoker.java:1879)
	at org.testng.internal.Invoker.invokeMethod(Invoker.java:778)
	at org.testng.internal.Invoker.invokeTestMethod(Invoker.java:901)
	at org.testng.internal.Invoker.invokeTestMethods(Invoker.java:1231)
	at org.testng.internal.TestMethodWorker.invokeTestMethods(TestMethodWorker.java:127)
	at org.testng.internal.TestMethodWorker.run(TestMethodWorker.java:111)
	at org.testng.TestRunner.privateRun(TestRunner.java:767)
	at org.testng.TestRunner.run(TestRunner.java:617)
	at org.testng.SuiteRunner.runTest(SuiteRunner.java:348)
	at org.testng.SuiteRunner.runSequentially(SuiteRunner.java:343)
	at org.testng.SuiteRunner.privateRun(SuiteRunner.java:305)
	at org.testng.SuiteRunner.run(SuiteRunner.java:254)
	at org.testng.SuiteRunnerWorker.runSuite(SuiteRunnerWorker.java:52)
	at org.testng.SuiteRunnerWorker.run(SuiteRunnerWorker.java:86)
	at org.testng.TestNG.runSuitesSequentially(TestNG.java:1224)
	at org.testng.TestNG.runSuitesLocally(TestNG.java:1149)
	at org.testng.TestNG.run(TestNG.java:1057)
	at org.testng.IDEARemoteTestNG.run(IDEARemoteTestNG.java:72)
	at org.testng.RemoteTestNGStarter.main(RemoteTestNGStarter.java:124)
	at sun.reflect.NativeMethodAccessorImpl.invoke0(Native Method)
	at sun.reflect.NativeMethodAccessorImpl.invoke(NativeMethodAccessorImpl.java:62)
	at sun.reflect.DelegatingMethodAccessorImpl.invoke(DelegatingMethodAccessorImpl.java:43)
	at java.lang.reflect.Method.invoke(Method.java:498)
	at com.intellij.rt.execution.application.AppMain.main(AppMain.java:147)
</stack-trace>
            </failure>
            <steps/>
            <attachments/>
            <labels>
                <label name="host" value="KZN-062"/>
                <label name="thread" value="15428@KZN-062.main(1)"/>
            </labels>
        </test-case>
    </test-cases>
    <labels>
        <label name="framework" value="TestNG"/>
        <label name="language" value="JAVA"/>
    </labels>
</ns2:test-suite>
