<?xml version="1.0" encoding="UTF-8" standalone="yes"?>
<ns2:test-suite start="1476964571363" stop="1476964939214" version="1.4.22" xmlns:ns2="urn:model.allure.qatools.yandex.ru">
    <name>Default Suite : test</name>
    <title>Default Suite : test</title>
    <test-cases>
        <test-case start="1476964579794" stop="1476964620597" status="passed">
            <name>openServiceTemplate</name>
            <description>Выбор контекста, Открытие страницы 'Шаблон услуг'</description>
            <steps/>
            <attachments/>
            <labels>
                <label name="host" value="KZN-062"/>
                <label name="thread" value="13536@KZN-062.main(1)"/>
            </labels>
        </test-case>
        <test-case start="1476964620717" stop="1476964665980" status="passed">
            <name>step1_servicesTemplate_create_and_update</name>
            <description>1. Создание и изменение шаблона</description>
            <steps/>
            <attachments/>
            <labels>
                <label name="host" value="KZN-062"/>
                <label name="thread" value="13536@KZN-062.main(1)"/>
            </labels>
        </test-case>
        <test-case start="1476964665986" stop="1476964681945" status="passed">
            <name>step2_createServicesTemplateService</name>
            <description>2. Создание услуги шаблона (краткая форма)</description>
            <steps/>
            <attachments/>
            <labels>
                <label name="host" value="KZN-062"/>
                <label name="thread" value="13536@KZN-062.main(1)"/>
            </labels>
        </test-case>
        <test-case start="1476964681950" stop="1476964695988" status="passed">
            <name>step3_deleteServicesTemplateServiceInShortForm</name>
            <description>3. Удаление услуги шаблона (краткая форма)</description>
            <steps/>
            <attachments/>
            <labels>
                <label name="host" value="KZN-062"/>
                <label name="thread" value="13536@KZN-062.main(1)"/>
            </labels>
        </test-case>
        <test-case start="1476964695991" stop="1476964711011" status="passed">
            <name>step4_checkServiceTemplateValidation</name>
            <description>4. Попытка изменить период шаблона (который не совпадает с периодом услуги). Должна сработать валидация</description>
            <steps/>
            <attachments/>
            <labels>
                <label name="host" value="KZN-062"/>
                <label name="thread" value="13536@KZN-062.main(1)"/>
            </labels>
        </test-case>
        <test-case start="1476964711016" stop="1476964717408" status="passed">
            <name>step5_deleteServicesTemplateService</name>
            <description>5. Удаление услуги шаблона</description>
            <steps/>
            <attachments/>
            <labels>
                <label name="host" value="KZN-062"/>
                <label name="thread" value="13536@KZN-062.main(1)"/>
            </labels>
        </test-case>
        <test-case start="1476964717412" stop="1476964734102" status="passed">
            <name>step6_createServicesTemplateDiagnosis</name>
            <description>6. Создание диагноза под шаблон</description>
            <steps/>
            <attachments/>
            <labels>
                <label name="host" value="KZN-062"/>
                <label name="thread" value="13536@KZN-062.main(1)"/>
            </labels>
        </test-case>
        <test-case start="1476964734105" stop="1476964747980" status="passed">
            <name>step7_deleteServicesTemplateDiagnosisAcrossCheckBox</name>
            <description>7. Удаление диагноза через саму форму (чекбокс)</description>
            <steps/>
            <attachments/>
            <labels>
                <label name="host" value="KZN-062"/>
                <label name="thread" value="13536@KZN-062.main(1)"/>
            </labels>
        </test-case>
        <test-case start="1476964748039" stop="1476964752718" status="passed">
            <name>step8_deleteServicesTemplateDiagnosisAcrossButton</name>
            <description>8. Удаление диагноза через кнопку на списке</description>
            <steps/>
            <attachments/>
            <labels>
                <label name="host" value="KZN-062"/>
                <label name="thread" value="13536@KZN-062.main(1)"/>
            </labels>
        </test-case>
        <test-case start="1476964752723" stop="1476964929123" status="failed">
            <name>step9_servicesTemplateHoldingOperations</name>
            <description>9. Вкладка Препарат: Создание, Проверка, Копирование, Удаление</description>
            <failure>
                <message>AssertionError: Modal must present on page
Expected: is &lt;false&gt;
     but: was &lt;true&gt;</message>
                <stack-trace>java.lang.AssertionError: Modal must present on page
Expected: is &lt;false&gt;
     but: was &lt;true&gt;
	at org.hamcrest.MatcherAssert.assertThat(MatcherAssert.java:20)
	at net.framework.autotesting.meta.Page.assertModalPresentOnPage(Page.java:227)
	at businessFramework.module.hospital.pages.servicesTemplate.ServicesTemplatePage.copyHolding(ServicesTemplatePage.java:160)
	at test.businessTests.hospital.ServiceTemplateTest.step9_servicesTemplateHoldingOperations(ServiceTemplateTest.java:200)
	at sun.reflect.NativeMethodAccessorImpl.invoke0(Native Method)
	at sun.reflect.NativeMethodAccessorImpl.invoke(NativeMethodAccessorImpl.java:62)
	at sun.reflect.DelegatingMethodAccessorImpl.invoke(DelegatingMethodAccessorImpl.java:43)
	at java.lang.reflect.Method.invoke(Method.java:498)
	at org.testng.internal.MethodInvocationHelper.invokeMethod(MethodInvocationHelper.java:84)
	at org.testng.internal.Invoker.invokeMethod(Invoker.java:714)
	at org.testng.internal.Invoker.invokeTestMethod(Invoker.java:901)
	at org.testng.internal.Invoker.invokeTestMethods(Invoker.java:1231)
	at org.testng.internal.TestMethodWorker.invokeTestMethods(TestMethodWorker.java:127)
	at org.testng.internal.TestMethodWorker.run(TestMethodWorker.java:111)
	at org.testng.TestRunner.privateRun(TestRunner.java:767)
	at org.testng.TestRunner.run(TestRunner.java:617)
	at org.testng.SuiteRunner.runTest(SuiteRunner.java:348)
	at org.testng.SuiteRunner.runSequentially(SuiteRunner.java:343)
	at org.testng.SuiteRunner.privateRun(SuiteRunner.java:305)
	at org.testng.SuiteRunner.run(SuiteRunner.java:254)
	at org.testng.SuiteRunnerWorker.runSuite(SuiteRunnerWorker.java:52)
	at org.testng.SuiteRunnerWorker.run(SuiteRunnerWorker.java:86)
	at org.testng.TestNG.runSuitesSequentially(TestNG.java:1224)
	at org.testng.TestNG.runSuitesLocally(TestNG.java:1149)
	at org.testng.TestNG.run(TestNG.java:1057)
	at org.testng.IDEARemoteTestNG.run(IDEARemoteTestNG.java:72)
	at org.testng.RemoteTestNGStarter.main(RemoteTestNGStarter.java:124)
	at sun.reflect.NativeMethodAccessorImpl.invoke0(Native Method)
	at sun.reflect.NativeMethodAccessorImpl.invoke(NativeMethodAccessorImpl.java:62)
	at sun.reflect.DelegatingMethodAccessorImpl.invoke(DelegatingMethodAccessorImpl.java:43)
	at java.lang.reflect.Method.invoke(Method.java:498)
	at com.intellij.rt.execution.application.AppMain.main(AppMain.java:147)
</stack-trace>
            </failure>
            <steps/>
            <attachments/>
            <labels>
                <label name="host" value="KZN-062"/>
                <label name="thread" value="13536@KZN-062.main(1)"/>
            </labels>
        </test-case>
        <test-case start="1476964929125" stop="1476964929126" status="canceled">
            <name>step10_createPrescriptionByTemplate</name>
            <description>10. Лек.назначение по шаблону</description>
            <failure>
                <message>: Skipped due to dependency on other skipped or failed test methods</message>
                <stack-trace>ru.yandex.qatools.allure.testng.AllureTestListener$1: Skipped due to dependency on other skipped or failed test methods
	at ru.yandex.qatools.allure.testng.AllureTestListener.fireTestCaseCancel(AllureTestListener.java:356)
	at ru.yandex.qatools.allure.testng.AllureTestListener.onTestSkipped(AllureTestListener.java:171)
	at org.testng.internal.Invoker.runTestListeners(Invoker.java:1887)
	at org.testng.internal.Invoker.runTestListeners(Invoker.java:1879)
	at org.testng.internal.Invoker.invokeTestMethods(Invoker.java:1157)
	at org.testng.internal.TestMethodWorker.invokeTestMethods(TestMethodWorker.java:127)
	at org.testng.internal.TestMethodWorker.run(TestMethodWorker.java:111)
	at org.testng.TestRunner.privateRun(TestRunner.java:767)
	at org.testng.TestRunner.run(TestRunner.java:617)
	at org.testng.SuiteRunner.runTest(SuiteRunner.java:348)
	at org.testng.SuiteRunner.runSequentially(SuiteRunner.java:343)
	at org.testng.SuiteRunner.privateRun(SuiteRunner.java:305)
	at org.testng.SuiteRunner.run(SuiteRunner.java:254)
	at org.testng.SuiteRunnerWorker.runSuite(SuiteRunnerWorker.java:52)
	at org.testng.SuiteRunnerWorker.run(SuiteRunnerWorker.java:86)
	at org.testng.TestNG.runSuitesSequentially(TestNG.java:1224)
	at org.testng.TestNG.runSuitesLocally(TestNG.java:1149)
	at org.testng.TestNG.run(TestNG.java:1057)
	at org.testng.IDEARemoteTestNG.run(IDEARemoteTestNG.java:72)
	at org.testng.RemoteTestNGStarter.main(RemoteTestNGStarter.java:124)
	at sun.reflect.NativeMethodAccessorImpl.invoke0(Native Method)
	at sun.reflect.NativeMethodAccessorImpl.invoke(NativeMethodAccessorImpl.java:62)
	at sun.reflect.DelegatingMethodAccessorImpl.invoke(DelegatingMethodAccessorImpl.java:43)
	at java.lang.reflect.Method.invoke(Method.java:498)
	at com.intellij.rt.execution.application.AppMain.main(AppMain.java:147)
</stack-trace>
            </failure>
            <steps/>
            <attachments/>
            <labels>
                <label name="host" value="KZN-062"/>
                <label name="thread" value="13536@KZN-062.main(1)"/>
            </labels>
        </test-case>
        <test-case start="1476964929127" stop="1476964939211" status="passed">
            <name>step11_deleteServicesTemplate</name>
            <description>11. Удаление шаблона</description>
            <steps/>
            <attachments/>
            <labels>
                <label name="host" value="KZN-062"/>
                <label name="thread" value="13536@KZN-062.main(1)"/>
            </labels>
        </test-case>
    </test-cases>
    <labels>
        <label name="framework" value="TestNG"/>
        <label name="language" value="JAVA"/>
    </labels>
</ns2:test-suite>
